Windows PowerShell
Copyright (C) Microsoft Corporation. All rights reserved.

Install the latest PowerShell for new features and improvements! https://aka.ms/PSWindows

PS E:\New folder (2)\papercraft> flutter tests
Could not find a command named "tests".

Did you mean one of these?
  test



Run 'flutter -h' (or 'flutter <command> -h') for available flutter commands and options.
PS E:\New folder (2)\papercraft> flutter test
01:09 +4: E:/New folder (2)/papercraft/test/unit/features/authentication/data/datasources/auth_data_source_test.dart: AuthDataSource - signInWithGoogle calls authProvider.signInWithOAuth with correct parameters
ğŸ” DEBUG: redirectUrl = com.pearl.papercraft.dev://login-callback/, kIsWeb = false
ğŸ” ACTUAL REDIRECT URL: com.pearl.papercraft.dev://login-callback/
ğŸ” Platform: android, kIsWeb: false
ğŸ” DEBUG: redirectUrl = com.pearl.papercraft.dev://login-callback/, kIsWeb = false
ğŸ” DEBUG: redirectUrl = com.pearl.papercraft.dev://login-callback/, kIsWeb = false
01:09 +5: E:/New folder (2)/papercraft/test/unit/features/authentication/data/datasources/auth_data_source_test.dart: AuthDataSource - signInWithGoogle returns Left with AuthFailure when OAuth launch fails
ğŸ” DEBUG: redirectUrl = com.pearl.papercraft.dev://login-callback/, kIsWeb = false
ğŸ” ACTUAL REDIRECT URL: com.pearl.papercraft.dev://login-callback/
ğŸ” Platform: android, kIsWeb: false
ğŸ” DEBUG: redirectUrl = com.pearl.papercraft.dev://login-callback/, kIsWeb = false
ğŸ” DEBUG: redirectUrl = com.pearl.papercraft.dev://login-callback/, kIsWeb = false
01:24 +201: E:/New folder (2)/papercraft/test/unit/features/authentication/domain/services/user_state_service_test.dart: UserStateService - Permission Refresh periodic permission refresh updates user state
Initial role: UserRole.teacher
Initial user: Instance of 'UserEntity'
Updated user: Instance of 'UserEntity'
Are they equal? true
Final role: UserRole.admin
01:30 +267: E:/New folder (2)/papercraft/test/unit/features/authentication/presentation/bloc/auth_bloc_test.dart: AuthBloc - AuthInitialize Event emits [AuthLoading, AuthAuthenticated] when initialization succeeds with user
ğŸ”¥ DEBUG: _onInitialize method called
ğŸ”¥ DEBUG: About to emit AuthLoading
ğŸ”¥ DEBUG: About to call _authUseCase.initialize()
ğŸ”¥ DEBUG: _authUseCase.initialize() completed
ğŸ”¥ DEBUG: Initialize success, user: test-user-123
ğŸ”¥ DEBUG: _onInitialize method completed
01:30 +268: E:/New folder (2)/papercraft/test/unit/features/authentication/presentation/bloc/auth_bloc_test.dart: AuthBloc - AuthInitialize Event emits [AuthLoading, AuthUnauthenticated] when initialization succeeds but no user
ğŸ”¥ DEBUG: _onInitialize method called
ğŸ”¥ DEBUG: About to emit AuthLoading
ğŸ”¥ DEBUG: About to call _authUseCase.initialize()
ğŸ”¥ DEBUG: _authUseCase.initialize() completed
ğŸ”¥ DEBUG: Initialize success, user: null
ğŸ”¥ DEBUG: _onInitialize method completed
01:30 +269: E:/New folder (2)/papercraft/test/unit/features/authentication/presentation/bloc/auth_bloc_test.dart: AuthBloc - AuthInitialize Event emits [AuthLoading, AuthUnauthenticated] when initialization fails
ğŸ”¥ DEBUG: _onInitialize method called
ğŸ”¥ DEBUG: About to emit AuthLoading
ğŸ”¥ DEBUG: About to call _authUseCase.initialize()
ğŸ”¥ DEBUG: _authUseCase.initialize() completed
ğŸ”¥ DEBUG: Initialize failed with: SessionExpiredFailure - Your session has expired. Please sign in again
ğŸ”¥ DEBUG: _onInitialize method completed
01:30 +270: E:/New folder (2)/papercraft/test/unit/features/authentication/presentation/bloc/auth_bloc_test.dart: AuthBloc - AuthInitialize Event should not initialize twice (double initialization prevention)
ğŸ”¥ DEBUG: _onInitialize method called
ğŸ”¥ DEBUG: About to emit AuthLoading
ğŸ”¥ DEBUG: About to call _authUseCase.initialize()
ğŸ”¥ DEBUG: _authUseCase.initialize() completed
ğŸ”¥ DEBUG: Initialize success, user: test-user-123
ğŸ”¥ DEBUG: _onInitialize method completed
ğŸ”¥ DEBUG: AuthBloc already initialized, skipping
01:30 +271: E:/New folder (2)/papercraft/test/unit/features/authentication/presentation/bloc/auth_bloc_test.dart: AuthBloc - AuthInitialize Event handles unexpected exceptions during initialization
ğŸ”¥ DEBUG: _onInitialize method called
ğŸ”¥ DEBUG: About to emit AuthLoading
ğŸ”¥ DEBUG: About to call _authUseCase.initialize()
ğŸ”¥ DEBUG: Initialize exception: Exception: Unexpected init error
01:30 +282: E:/New folder (2)/papercraft/test/unit/features/authentication/presentation/bloc/auth_bloc_test.dart: AuthBloc - AuthSignOut Event emits [AuthLoading, AuthUnauthenticated] when sign-out succeeds
ğŸ”¥ DEBUG: SignOut started
ğŸ”¥ DEBUG: AuthLoading emitted
ğŸ”¥ DEBUG: About to call _authUseCase.signOut()
ğŸ”¥ DEBUG: _authUseCase.signOut() completed with result: Right(null)
ğŸ”¥ DEBUG: UserStateService.clearUser() completed
ğŸ”¥ DEBUG: SignOut success
ğŸ”¥ DEBUG: AuthUnauthenticated emitted after success
ğŸ”¥ DEBUG: _onSignOut method completed
01:30 +283: E:/New folder (2)/papercraft/test/unit/features/authentication/presentation/bloc/auth_bloc_test.dart: AuthBloc - AuthSignOut Event emits [AuthLoading, AuthUnauthenticated] even when sign-out fails
ğŸ”¥ DEBUG: SignOut started
ğŸ”¥ DEBUG: AuthLoading emitted
ğŸ”¥ DEBUG: About to call _authUseCase.signOut()
ğŸ”¥ DEBUG: _authUseCase.signOut() completed with result: Left(AuthFailure(Sign-out failed, null))
ğŸ”¥ DEBUG: UserStateService.clearUser() completed
ğŸ”¥ DEBUG: SignOut failed: Sign-out failed
ğŸ”¥ DEBUG: AuthUnauthenticated emitted after failure
ğŸ”¥ DEBUG: _onSignOut method completed
01:30 +284: E:/New folder (2)/papercraft/test/unit/features/authentication/presentation/bloc/auth_bloc_test.dart: AuthBloc - AuthSignOut Event clears user state on sign-out
ğŸ”¥ DEBUG: SignOut started
ğŸ”¥ DEBUG: AuthLoading emitted
ğŸ”¥ DEBUG: About to call _authUseCase.signOut()
ğŸ”¥ DEBUG: _authUseCase.signOut() completed with result: Right(null)
ğŸ”¥ DEBUG: UserStateService.clearUser() completed
ğŸ”¥ DEBUG: SignOut success
ğŸ”¥ DEBUG: AuthUnauthenticated emitted after success
ğŸ”¥ DEBUG: _onSignOut method completed
01:30 +285: E:/New folder (2)/papercraft/test/unit/features/authentication/presentation/bloc/auth_bloc_test.dart: AuthBloc - AuthSignOut Event handles exceptions during sign-out gracefully
ğŸ”¥ DEBUG: SignOut started
ğŸ”¥ DEBUG: AuthLoading emitted
ğŸ”¥ DEBUG: About to call _authUseCase.signOut()
ğŸ”¥ DEBUG: Unhandled exception in signOut: Exception: Sign-out exception
ğŸ”¥ DEBUG: StackTrace: #0      When.thenThrow.<anonymous closure> (package:mocktail/src/mocktail.dart:249:7)
#1      Mock.noSuchMethod (package:mocktail/src/mocktail.dart:131:37)
#2      MockAuthUseCase.signOut (file:///E:/New%20folder%20(2)/papercraft/test/unit/features/authentication/presentation/bloc/auth_bloc_test.dart:25:7)
#3      AuthBloc._onSignOut (package:papercraft/features/authentication/presentation/bloc/auth_bloc.dart:298:41)
#4      Bloc.on.<anonymous closure>.handleEvent (package:bloc/src/bloc.dart:226:26)
#5      Bloc.on.<anonymous closure> (package:bloc/src/bloc.dart:235:9)
#6      _MapStream._handleData (dart:async/stream_pipe.dart:247:31)
#7      _ForwardingStreamSubscription._handleData (dart:async/stream_pipe.dart:184:13)
#8      StackZoneSpecification._registerUnaryCallback.<anonymous closure>.<anonymous closure> (package:stack_trace/src/stack_zone_specification.dart:127:36)
#9      StackZoneSpecification._run (package:stack_trace/src/stack_zone_specification.dart:207:15)
#10     StackZoneSpecification._registerUnaryCallback.<anonymous closure> (package:stack_trace/src/stack_zone_specification.dart:127:24)
#11     _rootRunUnary (dart:async/zone.dart:1538:47)
#12     _CustomZone.runUnary (dart:async/zone.dart:1429:19)
#13     _CustomZone.runUnaryGuarded (dart:async/zone.dart:1329:7)
#14     CastStreamSubscription._onData (dart:_internal/async_cast.dart:96:11)
#15     StackZoneSpecification._registerUnaryCallback.<anonymous closure>.<anonymous closure> (package:stack_trace/src/stack_zone_specification.dart:127:36)
#16     StackZoneSpecification._run (package:stack_trace/src/stack_zone_specification.dart:207:15)
#17     StackZoneSpecification._registerUnaryCallback.<anonymous closure> (package:stack_trace/src/stack_zone_specification.dart:127:24)
#18     _rootRunUnary (dart:async/zone.dart:1538:47)
#19     _CustomZone.runUnary (dart:async/zone.dart:1429:19)
#20     _CustomZone.runUnaryGuarded (dart:async/zone.dart:1329:7)
#21     _BufferingStreamSubscription._sendData (dart:async/stream_impl.dart:381:11)
#22     _BufferingStreamSubscription._add (dart:async/stream_impl.dart:312:7)
#23     _ForwardingStreamSubscription._add (dart:async/stream_pipe.dart:154:11)
#24     _WhereStream._handleData (dart:async/stream_pipe.dart:229:12)
#25     _ForwardingStreamSubscription._handleData (dart:async/stream_pipe.dart:184:13)
#26     StackZoneSpecification._registerUnaryCallback.<anonymous closure>.<anonymous closure> (package:stack_trace/src/stack_zone_specification.dart:127:36)
#27     StackZoneSpecification._run (package:stack_trace/src/stack_zone_specification.dart:207:15)
#28     StackZoneSpecification._registerUnaryCallback.<anonymous closure> (package:stack_trace/src/stack_zone_specification.dart:127:24)
#29     _rootRunUnary (dart:async/zone.dart:1538:47)
#30     _CustomZone.runUnary (dart:async/zone.dart:1429:19)
#31     _CustomZone.runUnaryGuarded (dart:async/zone.dart:1329:7)
#32     _BufferingStreamSubscription._sendData (dart:async/stream_impl.dart:381:11)
#33     _DelayedData.perform (dart:async/stream_impl.dart:573:14)
#34     _PendingEvents.handleNext (dart:async/stream_impl.dart:678:11)
#35     _PendingEvents.schedule.<anonymous closure> (dart:async/stream_impl.dart:649:7)
#36     StackZoneSpecification._run (package:stack_trace/src/stack_zone_specification.dart:207:15)
#37     StackZoneSpecification._registerCallback.<anonymous closure> (package:stack_trace/src/stack_zone_specification.dart:114:48)
#38     _rootRun (dart:async/zone.dart:1517:47)
#39     _CustomZone.run (dart:async/zone.dart:1422:19)
#40     _CustomZone.runGuarded (dart:async/zone.dart:1321:7)
#41     _CustomZone.bindCallbackGuarded.<anonymous closure> (dart:async/zone.dart:1362:23)
#42     StackZoneSpecification._run (package:stack_trace/src/stack_zone_specification.dart:207:15)
#43     StackZoneSpecification._registerCallback.<anonymous closure> (package:stack_trace/src/stack_zone_specification.dart:114:48)
#44     _rootRun (dart:async/zone.dart:1525:13)
#45     _CustomZone.run (dart:async/zone.dart:1422:19)
#46     _CustomZone.runGuarded (dart:async/zone.dart:1321:7)
#47     _CustomZone.bindCallbackGuarded.<anonymous closure> (dart:async/zone.dart:1362:23)
#48     _microtaskLoop (dart:async/schedule_microtask.dart:40:21)
#49     _startMicrotaskLoop (dart:async/schedule_microtask.dart:49:5)

ğŸ”¥ DEBUG: AuthUnauthenticated emitted after exception
ğŸ”¥ DEBUG: _onSignOut method completed
01:30 +292: E:/New folder (2)/papercraft/test/unit/features/authentication/presentation/bloc/auth_bloc_test.dart: AuthBloc - State Transitions transitions from AuthAuthenticated to AuthUnauthenticated on sign-out
ğŸ”¥ DEBUG: SignOut started
ğŸ”¥ DEBUG: AuthLoading emitted
ğŸ”¥ DEBUG: About to call _authUseCase.signOut()
ğŸ”¥ DEBUG: _authUseCase.signOut() completed with result: Right(null)
ğŸ”¥ DEBUG: UserStateService.clearUser() completed
ğŸ”¥ DEBUG: SignOut success
ğŸ”¥ DEBUG: AuthUnauthenticated emitted after success
ğŸ”¥ DEBUG: _onSignOut method completed
01:32 +314 -1: E:/New folder (2)/papercraft/test/unit/features/home/presentation/bloc/home_bloc_test.dart: HomeBloc PaperRealtimeUpdate handles UPDATE event by updating paper in lists [E]
  Expected: [<<Instance of 'HomeLoaded'> with `has drafts`: <true>>]
    Actual: []
     Which: at location [0] is [] which shorter than expected

  package:matcher                              expect
  package:bloc_test/src/bloc_test.dart 218:16  testBloc.<fn>
  ===== asynchronous gap ===========================
  dart:async                                   _Completer.completeError
  package:bloc_test/src/bloc_test.dart 255:43  _runZonedGuarded.<fn>
  ===== asynchronous gap ===========================
  dart:async                                   _CustomZone.registerBinaryCallback
  package:bloc_test/src/bloc_test.dart 252:5   _runZonedGuarded.<fn>
  dart:async                                   runZonedGuarded
  package:bloc_test/src/bloc_test.dart 251:3   _runZonedGuarded
  package:bloc_test/src/bloc_test.dart 198:11  testBloc
  package:bloc_test/src/bloc_test.dart 156:13  blocTest.<fn>


To run this test again: C:\Users\Jahir\flutter\bin\cache\dart-sdk\bin\dart.exe test E:/New folder (2)/papercraft/test/unit/features/home/presentation/bloc/home_bloc_test.dart -p vm --plain-name "HomeBloc PaperRealtimeUpdate handles UPDATE event by updating paper in lists"
01:33 +314 -2: E:/New folder (2)/papercraft/test/unit/features/home/presentation/bloc/home_bloc_test.dart: HomeBloc PaperRealtimeUpdate handles DELETE event by removing paper from lists [E]
  Expected: [<<Instance of 'HomeLoaded'> with `drafts count`: a value less than <1>>]
    Actual: []
     Which: at location [0] is [] which shorter than expected

  package:matcher                              expect
  package:bloc_test/src/bloc_test.dart 218:16  testBloc.<fn>
  ===== asynchronous gap ===========================
  dart:async                                   _Completer.completeError
  package:bloc_test/src/bloc_test.dart 255:43  _runZonedGuarded.<fn>
  ===== asynchronous gap ===========================
  dart:async                                   _CustomZone.registerBinaryCallback
  package:bloc_test/src/bloc_test.dart 252:5   _runZonedGuarded.<fn>
  dart:async                                   runZonedGuarded
  package:bloc_test/src/bloc_test.dart 251:3   _runZonedGuarded
  package:bloc_test/src/bloc_test.dart 198:11  testBloc
  package:bloc_test/src/bloc_test.dart 156:13  blocTest.<fn>


To run this test again: C:\Users\Jahir\flutter\bin\cache\dart-sdk\bin\dart.exe test E:/New folder (2)/papercraft/test/unit/features/home/presentation/bloc/home_bloc_test.dart -p vm --plain-name "HomeBloc PaperRealtimeUpdate handles DELETE event by removing paper from lists"
01:40 +356 -2: E:/New folder (2)/papercraft/test/unit/features/paper_workflow/domain/usecases/all_usecases_test.dart: (tearDownAll)                                                          test/widgets/features/admin/presentation/pages/admin_dashboard_page_test.dart:47:16: Error: Undefined name 'mockUserInfoService'.
    when(() => mockUserInfoService.getUserFullName(any()))
               ^^^^^^^^^^^^^^^^^^^
test/widgets/features/admin/presentation/pages/admin_dashboard_page_test.dart:230:18: Error: Undefined name 'mockUserInfoService'.
      when(() => mockUserInfoService.getUserFullName('user-123'))
                 ^^^^^^^^^^^^^^^^^^^
test/widgets/features/admin/presentation/pages/admin_dashboard_page_test.dart:945:18: Error: Undefined name 'mockUserInfoService'.
      when(() => mockUserInfoService.getUserFullName('user-123'))
                 ^^^^^^^^^^^^^^^^^^^
test/widgets/features/admin/presentation/pages/admin_dashboard_page_test.dart:947:18: Error: Undefined name 'mockUserInfoService'.
      when(() => mockUserInfoService.getUserFullName('user-456'))
                 ^^^^^^^^^^^^^^^^^^^
test/widgets/features/admin/presentation/pages/admin_dashboard_page_test.dart:954:20: Error: Undefined name 'mockUserInfoService'.
      verify(() => mockUserInfoService.getUserFullName('user-123')).called(1);
                   ^^^^^^^^^^^^^^^^^^^
test/widgets/features/admin/presentation/pages/admin_dashboard_page_test.dart:955:20: Error: Undefined name 'mockUserInfoService'.
      verify(() => mockUserInfoService.getUserFullName('user-456')).called(1);
                   ^^^^^^^^^^^^^^^^^^^
test/widgets/features/admin/presentation/pages/admin_dashboard_page_test.dart:964:18: Error: Undefined name 'mockUserInfoService'.
      when(() => mockUserInfoService.getUserFullName('user-999'))
                 ^^^^^^^^^^^^^^^^^^^
test/widgets/features/admin/presentation/pages/admin_dashboard_page_test.dart:1058:58: Error: The value 'null' can't be assigned to the parameter type 'String' because 'String' is not
nullable.
      final paper = TestDataFactory.createPaper(subject: null);
                                                         ^
01:40 +356 -3: loading E:/New folder (2)/papercraft/test/widgets/features/admin/presentation/pages/admin_dashboard_page_test.dart [E]
  Failed to load "E:/New folder (2)/papercraft/test/widgets/features/admin/presentation/pages/admin_dashboard_page_test.dart":
  Compilation failed for testPath=E:/New folder (2)/papercraft/test/widgets/features/admin/presentation/pages/admin_dashboard_page_test.dart: test/widgets/features/admin/presentation/pages/admin_dashboard_page_test.dart:47:16: Error: Undefined name 'mockUserInfoService'.
      when(() => mockUserInfoService.getUserFullName(any()))
                 ^^^^^^^^^^^^^^^^^^^
  test/widgets/features/admin/presentation/pages/admin_dashboard_page_test.dart:230:18: Error: Undefined name 'mockUserInfoService'.
        when(() => mockUserInfoService.getUserFullName('user-123'))
                   ^^^^^^^^^^^^^^^^^^^
  test/widgets/features/admin/presentation/pages/admin_dashboard_page_test.dart:945:18: Error: Undefined name 'mockUserInfoService'.
        when(() => mockUserInfoService.getUserFullName('user-123'))
                   ^^^^^^^^^^^^^^^^^^^
  test/widgets/features/admin/presentation/pages/admin_dashboard_page_test.dart:947:18: Error: Undefined name 'mockUserInfoService'.
        when(() => mockUserInfoService.getUserFullName('user-456'))
                   ^^^^^^^^^^^^^^^^^^^
  test/widgets/features/admin/presentation/pages/admin_dashboard_page_test.dart:954:20: Error: Undefined name 'mockUserInfoService'.
        verify(() => mockUserInfoService.getUserFullName('user-123')).called(1);
                     ^^^^^^^^^^^^^^^^^^^
  test/widgets/features/admin/presentation/pages/admin_dashboard_page_test.dart:955:20: Error: Undefined name 'mockUserInfoService'.
        verify(() => mockUserInfoService.getUserFullName('user-456')).called(1);
                     ^^^^^^^^^^^^^^^^^^^
  test/widgets/features/admin/presentation/pages/admin_dashboard_page_test.dart:964:18: Error: Undefined name 'mockUserInfoService'.
        when(() => mockUserInfoService.getUserFullName('user-999'))
                   ^^^^^^^^^^^^^^^^^^^
  test/widgets/features/admin/presentation/pages/admin_dashboard_page_test.dart:1058:58: Error: The value 'null' can't be assigned to the parameter type 'String' because 'String' is not nullable.
        final paper = TestDataFactory.createPaper(subject: null);
                                                           ^
  .

To run this test again: C:\Users\Jahir\flutter\bin\cache\dart-sdk\bin\dart.exe test E:/New folder (2)/papercraft/test/widgets/features/admin/presentation/pages/admin_dashboard_page_test.dart -p vm --plain-name "loading E:/New folder (2)/papercraft/test/widgets/features/admin/presentation/pages/admin_dashboard_page_test.dart"
01:52 +406 -3: E:/New folder (2)/papercraft/test/widgets/features/paper_creation/pages/question_paper_create_page_test.dart: QuestionPaperCreatePage Widget Tests shows loading state initially
â•â•â•¡ EXCEPTION CAUGHT BY WIDGETS LIBRARY â•â•â•â•â•â•â•â•â•â•â•â•â•â•â•â•â•â•â•â•â•â•â•â•â•â•â•â•â•â•â•â•â•â•â•â•â•â•â•â•â•â•â•â•â•â•â•â•â•â•â•â•â•â•â•â•â•â•â•â•
The following StateError was thrown building _InheritedProviderScope<TeacherPatternBloc?>:
Bad state: GetIt: Object/factory with type UserStateService is not registered inside GetIt.
(Did you accidentally do GetIt sl=GetIt.instance(); instead of GetIt sl=GetIt.instance;
Did you forget to register it?)

The relevant error-causing widget was:
  _InheritedProviderScope<TeacherPatternBloc?>
  _InheritedProviderScope:file:///C:/Users/Jahir/AppData/Local/Pub/Cache/hosted/pub.dev/provider-6.1.5+1/lib/src/inherited_provider.dart:164:12

When the exception was thrown, this was the stack:
#0      throwIfNot (package:get_it/get_it_impl.dart:14:19)
#1      _GetItImplementation._findRegistrationByNameAndType (package:get_it/get_it_impl.dart:583:5)
#2      _GetItImplementation._get (package:get_it/get_it_impl.dart:641:11)
#3      _GetItImplementation.get (package:get_it/get_it_impl.dart:608:12)
#4      _GetItImplementation.call (package:get_it/get_it_impl.dart:720:12)
#5      _CreatePageState._loadInitialData (package:papercraft/features/paper_creation/presentation/pages/question_paper_create_page.dart:93:32)
#6      _CreatePageState.initState (package:papercraft/features/paper_creation/presentation/pages/question_paper_create_page.dart:74:5)
#7      StatefulElement._firstBuild (package:flutter/src/widgets/framework.dart:5842:55)
#8      ComponentElement.mount (package:flutter/src/widgets/framework.dart:5691:5)
...     Normal element mounting (7 frames)
#15     _InheritedProviderScopeElement.mount (package:provider/src/inherited_provider.dart:424:11)
...     Normal element mounting (7 frames)
#22     SingleChildWidgetElementMixin.mount (package:nested/nested.dart:222:11)
...     Normal element mounting (7 frames)
#29     SingleChildWidgetElementMixin.mount (package:nested/nested.dart:222:11)
...     Normal element mounting (7 frames)
#36     _NestedHookElement.mount (package:nested/nested.dart:187:11)
...     Normal element mounting (7 frames)
#43     _InheritedProviderScopeElement.mount (package:provider/src/inherited_provider.dart:424:11)
...     Normal element mounting (7 frames)
#50     SingleChildWidgetElementMixin.mount (package:nested/nested.dart:222:11)
...     Normal element mounting (7 frames)
#57     SingleChildWidgetElementMixin.mount (package:nested/nested.dart:222:11)
...     Normal element mounting (7 frames)
#64     _NestedHookElement.mount (package:nested/nested.dart:187:11)
...     Normal element mounting (7 frames)
#71     _InheritedProviderScopeElement.mount (package:provider/src/inherited_provider.dart:424:11)
...     Normal element mounting (7 frames)
#78     SingleChildWidgetElementMixin.mount (package:nested/nested.dart:222:11)
...     Normal element mounting (7 frames)
#85     SingleChildWidgetElementMixin.mount (package:nested/nested.dart:222:11)
...     Normal element mounting (7 frames)
#92     _NestedHookElement.mount (package:nested/nested.dart:187:11)
...     Normal element mounting (7 frames)
#99     SingleChildWidgetElementMixin.mount (package:nested/nested.dart:222:11)
...     Normal element mounting (228 frames)
#327    Element.inflateWidget (package:flutter/src/widgets/framework.dart:4539:16)
#328    MultiChildRenderObjectElement.inflateWidget (package:flutter/src/widgets/framework.dart:7159:36)
#329    MultiChildRenderObjectElement.mount (package:flutter/src/widgets/framework.dart:7175:32)
...     Normal element mounting (457 frames)
#786    Element.inflateWidget (package:flutter/src/widgets/framework.dart:4539:16)
#787    Element.updateChild (package:flutter/src/widgets/framework.dart:3998:20)
#788    ComponentElement.performRebuild (package:flutter/src/widgets/framework.dart:5738:16)
#789    Element.rebuild (package:flutter/src/widgets/framework.dart:5427:7)
#790    ProxyElement.update (package:flutter/src/widgets/framework.dart:6041:5)
#791    _InheritedNotifierElement.update (package:flutter/src/widgets/inherited_notifier.dart:108:11)
#792    Element.updateChild (package:flutter/src/widgets/framework.dart:3982:15)
#793    ComponentElement.performRebuild (package:flutter/src/widgets/framework.dart:5738:16)
#794    StatefulElement.performRebuild (package:flutter/src/widgets/framework.dart:5874:11)
#795    Element.rebuild (package:flutter/src/widgets/framework.dart:5427:7)
#796    StatefulElement.update (package:flutter/src/widgets/framework.dart:5899:5)
#797    Element.updateChild (package:flutter/src/widgets/framework.dart:3982:15)
#798    ComponentElement.performRebuild (package:flutter/src/widgets/framework.dart:5738:16)
#799    Element.rebuild (package:flutter/src/widgets/framework.dart:5427:7)
#800    ProxyElement.update (package:flutter/src/widgets/framework.dart:6041:5)
#801    _InheritedNotifierElement.update (package:flutter/src/widgets/inherited_notifier.dart:108:11)
#802    Element.updateChild (package:flutter/src/widgets/framework.dart:3982:15)
#803    ComponentElement.performRebuild (package:flutter/src/widgets/framework.dart:5738:16)
#804    StatefulElement.performRebuild (package:flutter/src/widgets/framework.dart:5874:11)
#805    Element.rebuild (package:flutter/src/widgets/framework.dart:5427:7)
#806    StatefulElement.update (package:flutter/src/widgets/framework.dart:5899:5)
#807    Element.updateChild (package:flutter/src/widgets/framework.dart:3982:15)
#808    ComponentElement.performRebuild (package:flutter/src/widgets/framework.dart:5738:16)
#809    StatefulElement.performRebuild (package:flutter/src/widgets/framework.dart:5874:11)
#810    Element.rebuild (package:flutter/src/widgets/framework.dart:5427:7)
#811    StatefulElement.update (package:flutter/src/widgets/framework.dart:5899:5)
#812    Element.updateChild (package:flutter/src/widgets/framework.dart:3982:15)
#813    ComponentElement.performRebuild (package:flutter/src/widgets/framework.dart:5738:16)
#814    Element.rebuild (package:flutter/src/widgets/framework.dart:5427:7)
#815    ProxyElement.update (package:flutter/src/widgets/framework.dart:6041:5)
#816    Element.updateChild (package:flutter/src/widgets/framework.dart:3982:15)
#817    ComponentElement.performRebuild (package:flutter/src/widgets/framework.dart:5738:16)
#818    StatefulElement.performRebuild (package:flutter/src/widgets/framework.dart:5874:11)
#819    Element.rebuild (package:flutter/src/widgets/framework.dart:5427:7)
#820    StatefulElement.update (package:flutter/src/widgets/framework.dart:5899:5)
#821    Element.updateChild (package:flutter/src/widgets/framework.dart:3982:15)
#822    ComponentElement.performRebuild (package:flutter/src/widgets/framework.dart:5738:16)
#823    Element.rebuild (package:flutter/src/widgets/framework.dart:5427:7)
#824    ProxyElement.update (package:flutter/src/widgets/framework.dart:6041:5)
#825    Element.updateChild (package:flutter/src/widgets/framework.dart:3982:15)
#826    ComponentElement.performRebuild (package:flutter/src/widgets/framework.dart:5738:16)
#827    Element.rebuild (package:flutter/src/widgets/framework.dart:5427:7)
#828    ProxyElement.update (package:flutter/src/widgets/framework.dart:6041:5)
#829    Element.updateChild (package:flutter/src/widgets/framework.dart:3982:15)
#830    _RawViewElement._updateChild (package:flutter/src/widgets/view.dart:481:16)
#831    _RawViewElement.update (package:flutter/src/widgets/view.dart:569:5)
#832    Element.updateChild (package:flutter/src/widgets/framework.dart:3982:15)
#833    ComponentElement.performRebuild (package:flutter/src/widgets/framework.dart:5738:16)
#834    Element.rebuild (package:flutter/src/widgets/framework.dart:5427:7)
#835    StatelessElement.update (package:flutter/src/widgets/framework.dart:5787:5)
#836    Element.updateChild (package:flutter/src/widgets/framework.dart:3982:15)
#837    ComponentElement.performRebuild (package:flutter/src/widgets/framework.dart:5738:16)
#838    StatefulElement.performRebuild (package:flutter/src/widgets/framework.dart:5874:11)
#839    Element.rebuild (package:flutter/src/widgets/framework.dart:5427:7)
#840    StatefulElement.update (package:flutter/src/widgets/framework.dart:5899:5)
#841    Element.updateChild (package:flutter/src/widgets/framework.dart:3982:15)
#842    RootElement._rebuild (package:flutter/src/widgets/binding.dart:1698:16)
#843    RootElement.update (package:flutter/src/widgets/binding.dart:1676:5)
#844    RootElement.performRebuild (package:flutter/src/widgets/binding.dart:1690:7)
#845    Element.rebuild (package:flutter/src/widgets/framework.dart:5427:7)
#846    BuildScope._tryRebuild (package:flutter/src/widgets/framework.dart:2694:15)
#847    BuildScope._flushDirtyElements (package:flutter/src/widgets/framework.dart:2752:11)
#848    BuildOwner.buildScope (package:flutter/src/widgets/framework.dart:3056:18)
#849    AutomatedTestWidgetsFlutterBinding.drawFrame (package:flutter_test/src/binding.dart:1515:19)
#850    RendererBinding._handlePersistentFrameCallback (package:flutter/src/rendering/binding.dart:495:5)
#851    SchedulerBinding._invokeFrameCallback (package:flutter/src/scheduler/binding.dart:1438:15)
#852    SchedulerBinding.handleDrawFrame (package:flutter/src/scheduler/binding.dart:1351:9)
#853    AutomatedTestWidgetsFlutterBinding.pump.<anonymous closure> (package:flutter_test/src/binding.dart:1340:9)
#856    TestAsyncUtils.guard (package:flutter_test/src/test_async_utils.dart:74:41)
#857    AutomatedTestWidgetsFlutterBinding.pump (package:flutter_test/src/binding.dart:1329:27)
#858    WidgetTester.pumpWidget.<anonymous closure> (package:flutter_test/src/widget_tester.dart:599:22)
#861    TestAsyncUtils.guard (package:flutter_test/src/test_async_utils.dart:74:41)
#862    WidgetTester.pumpWidget (package:flutter_test/src/widget_tester.dart:596:27)
#863    main.<anonymous closure>.<anonymous closure> (file:///E:/New%20folder%20(2)/papercraft/test/widgets/features/paper_creation/pages/question_paper_create_page_test.dart:51:20)
#864    testWidgets.<anonymous closure>.<anonymous closure> (package:flutter_test/src/widget_tester.dart:193:29)
<asynchronous suspension>
#865    TestWidgetsFlutterBinding._runTestBody (package:flutter_test/src/binding.dart:1064:5)
<asynchronous suspension>
<asynchronous suspension>
(elided 5 frames from dart:async and package:stack_trace)

â•â•â•â•â•â•â•â•â•â•â•â•â•â•â•â•â•â•â•â•â•â•â•â•â•â•â•â•â•â•â•â•â•â•â•â•â•â•â•â•â•â•â•â•â•â•â•â•â•â•â•â•â•â•â•â•â•â•â•â•â•â•â•â•â•â•â•â•â•â•â•â•â•â•â•â•â•â•â•â•â•â•â•â•â•â•â•â•â•â•â•â•â•â•â•â•â•â•â•â•
â•â•â•¡ EXCEPTION CAUGHT BY FLUTTER TEST FRAMEWORK â•â•â•â•â•â•â•â•â•â•â•â•â•â•â•â•â•â•â•â•â•â•â•â•â•â•â•â•â•â•â•â•â•â•â•â•â•â•â•â•â•â•â•â•â•â•â•â•â•â•â•â•â•
The following TestFailure was thrown running a test:
Expected: at least one matching candidate
  Actual: _TypeWidgetFinder:<Found 0 widgets with type "CircularProgressIndicator": []>
   Which: means none were found but some were expected

When the exception was thrown, this was the stack:
#4      main.<anonymous closure>.<anonymous closure> (file:///E:/New%20folder%20(2)/papercraft/test/widgets/features/paper_creation/pages/question_paper_create_page_test.dart:54:7)
<asynchronous suspension>
#5      testWidgets.<anonymous closure>.<anonymous closure> (package:flutter_test/src/widget_tester.dart:193:15)
<asynchronous suspension>
#6      TestWidgetsFlutterBinding._runTestBody (package:flutter_test/src/binding.dart:1064:5)
<asynchronous suspension>
<asynchronous suspension>
(elided one frame from package:stack_trace)

This was caught by the test expectation on the following line:
  file:///E:/New%20folder%20(2)/papercraft/test/widgets/features/paper_creation/pages/question_paper_create_page_test.dart line 54
The test description was:
  shows loading state initially
â•â•â•â•â•â•â•â•â•â•â•â•â•â•â•â•â•â•â•â•â•â•â•â•â•â•â•â•â•â•â•â•â•â•â•â•â•â•â•â•â•â•â•â•â•â•â•â•â•â•â•â•â•â•â•â•â•â•â•â•â•â•â•â•â•â•â•â•â•â•â•â•â•â•â•â•â•â•â•â•â•â•â•â•â•â•â•â•â•â•â•â•â•â•â•â•â•â•â•â•
â•â•â•¡ EXCEPTION CAUGHT BY FLUTTER TEST FRAMEWORK â•â•â•â•â•â•â•â•â•â•â•â•â•â•â•â•â•â•â•â•â•â•â•â•â•â•â•â•â•â•â•â•â•â•â•â•â•â•â•â•â•â•â•â•â•â•â•â•â•â•â•â•â•
The following message was thrown:
Multiple exceptions (2) were detected during the running of the current test, and at least one was
unexpected.
â•â•â•â•â•â•â•â•â•â•â•â•â•â•â•â•â•â•â•â•â•â•â•â•â•â•â•â•â•â•â•â•â•â•â•â•â•â•â•â•â•â•â•â•â•â•â•â•â•â•â•â•â•â•â•â•â•â•â•â•â•â•â•â•â•â•â•â•â•â•â•â•â•â•â•â•â•â•â•â•â•â•â•â•â•â•â•â•â•â•â•â•â•â•â•â•â•â•â•â•
01:53 +406 -4: E:/New folder (2)/papercraft/test/widgets/features/paper_creation/pages/question_paper_create_page_test.dart: QuestionPaperCreatePage Widget Tests shows loading state initially [E]
  Test failed. See exception logs above.
  The test description was: shows loading state initially


To run this test again: C:\Users\Jahir\flutter\bin\cache\dart-sdk\bin\dart.exe test E:/New folder (2)/papercraft/test/widgets/features/paper_creation/pages/question_paper_create_page_test.dart -p vm --plain-name "QuestionPaperCreatePage Widget Tests shows loading state initially"
01:53 +409 -4: E:/New folder (2)/papercraft/test/widgets/features/paper_creation/pages/question_paper_create_page_test.dart: QuestionPaperCreatePage Widget Tests shows step 1 form when data loaded
â•â•â•¡ EXCEPTION CAUGHT BY WIDGETS LIBRARY â•â•â•â•â•â•â•â•â•â•â•â•â•â•â•â•â•â•â•â•â•â•â•â•â•â•â•â•â•â•â•â•â•â•â•â•â•â•â•â•â•â•â•â•â•â•â•â•â•â•â•â•â•â•â•â•â•â•â•â•
The following StateError was thrown building _InheritedProviderScope<TeacherPatternBloc?>:
Bad state: GetIt: Object/factory with type UserStateService is not registered inside GetIt.
(Did you accidentally do GetIt sl=GetIt.instance(); instead of GetIt sl=GetIt.instance;
Did you forget to register it?)

The relevant error-causing widget was:
  _InheritedProviderScope<TeacherPatternBloc?>
  _InheritedProviderScope:file:///C:/Users/Jahir/AppData/Local/Pub/Cache/hosted/pub.dev/provider-6.1.5+1/lib/src/inherited_provider.dart:164:12

When the exception was thrown, this was the stack:
#0      throwIfNot (package:get_it/get_it_impl.dart:14:19)
#1      _GetItImplementation._findRegistrationByNameAndType (package:get_it/get_it_impl.dart:583:5)
#2      _GetItImplementation._get (package:get_it/get_it_impl.dart:641:11)
#3      _GetItImplementation.get (package:get_it/get_it_impl.dart:608:12)
#4      _GetItImplementation.call (package:get_it/get_it_impl.dart:720:12)
#5      _CreatePageState._loadInitialData (package:papercraft/features/paper_creation/presentation/pages/question_paper_create_page.dart:93:32)
#6      _CreatePageState.initState (package:papercraft/features/paper_creation/presentation/pages/question_paper_create_page.dart:74:5)
#7      StatefulElement._firstBuild (package:flutter/src/widgets/framework.dart:5842:55)
#8      ComponentElement.mount (package:flutter/src/widgets/framework.dart:5691:5)
...     Normal element mounting (7 frames)
#15     _InheritedProviderScopeElement.mount (package:provider/src/inherited_provider.dart:424:11)
...     Normal element mounting (7 frames)
#22     SingleChildWidgetElementMixin.mount (package:nested/nested.dart:222:11)
...     Normal element mounting (7 frames)
#29     SingleChildWidgetElementMixin.mount (package:nested/nested.dart:222:11)
...     Normal element mounting (7 frames)
#36     _NestedHookElement.mount (package:nested/nested.dart:187:11)
...     Normal element mounting (7 frames)
#43     _InheritedProviderScopeElement.mount (package:provider/src/inherited_provider.dart:424:11)
...     Normal element mounting (7 frames)
#50     SingleChildWidgetElementMixin.mount (package:nested/nested.dart:222:11)
...     Normal element mounting (7 frames)
#57     SingleChildWidgetElementMixin.mount (package:nested/nested.dart:222:11)
...     Normal element mounting (7 frames)
#64     _NestedHookElement.mount (package:nested/nested.dart:187:11)
...     Normal element mounting (7 frames)
#71     _InheritedProviderScopeElement.mount (package:provider/src/inherited_provider.dart:424:11)
...     Normal element mounting (7 frames)
#78     SingleChildWidgetElementMixin.mount (package:nested/nested.dart:222:11)
...     Normal element mounting (7 frames)
#85     SingleChildWidgetElementMixin.mount (package:nested/nested.dart:222:11)
...     Normal element mounting (7 frames)
#92     _NestedHookElement.mount (package:nested/nested.dart:187:11)
...     Normal element mounting (7 frames)
#99     SingleChildWidgetElementMixin.mount (package:nested/nested.dart:222:11)
...     Normal element mounting (228 frames)
#327    Element.inflateWidget (package:flutter/src/widgets/framework.dart:4539:16)
#328    MultiChildRenderObjectElement.inflateWidget (package:flutter/src/widgets/framework.dart:7159:36)
#329    MultiChildRenderObjectElement.mount (package:flutter/src/widgets/framework.dart:7175:32)
...     Normal element mounting (457 frames)
#786    Element.inflateWidget (package:flutter/src/widgets/framework.dart:4539:16)
#787    Element.updateChild (package:flutter/src/widgets/framework.dart:3998:20)
#788    ComponentElement.performRebuild (package:flutter/src/widgets/framework.dart:5738:16)
#789    Element.rebuild (package:flutter/src/widgets/framework.dart:5427:7)
#790    ProxyElement.update (package:flutter/src/widgets/framework.dart:6041:5)
#791    _InheritedNotifierElement.update (package:flutter/src/widgets/inherited_notifier.dart:108:11)
#792    Element.updateChild (package:flutter/src/widgets/framework.dart:3982:15)
#793    ComponentElement.performRebuild (package:flutter/src/widgets/framework.dart:5738:16)
#794    StatefulElement.performRebuild (package:flutter/src/widgets/framework.dart:5874:11)
#795    Element.rebuild (package:flutter/src/widgets/framework.dart:5427:7)
#796    StatefulElement.update (package:flutter/src/widgets/framework.dart:5899:5)
#797    Element.updateChild (package:flutter/src/widgets/framework.dart:3982:15)
#798    ComponentElement.performRebuild (package:flutter/src/widgets/framework.dart:5738:16)
#799    Element.rebuild (package:flutter/src/widgets/framework.dart:5427:7)
#800    ProxyElement.update (package:flutter/src/widgets/framework.dart:6041:5)
#801    _InheritedNotifierElement.update (package:flutter/src/widgets/inherited_notifier.dart:108:11)
#802    Element.updateChild (package:flutter/src/widgets/framework.dart:3982:15)
#803    ComponentElement.performRebuild (package:flutter/src/widgets/framework.dart:5738:16)
#804    StatefulElement.performRebuild (package:flutter/src/widgets/framework.dart:5874:11)
#805    Element.rebuild (package:flutter/src/widgets/framework.dart:5427:7)
#806    StatefulElement.update (package:flutter/src/widgets/framework.dart:5899:5)
#807    Element.updateChild (package:flutter/src/widgets/framework.dart:3982:15)
#808    ComponentElement.performRebuild (package:flutter/src/widgets/framework.dart:5738:16)
#809    StatefulElement.performRebuild (package:flutter/src/widgets/framework.dart:5874:11)
#810    Element.rebuild (package:flutter/src/widgets/framework.dart:5427:7)
#811    StatefulElement.update (package:flutter/src/widgets/framework.dart:5899:5)
#812    Element.updateChild (package:flutter/src/widgets/framework.dart:3982:15)
#813    ComponentElement.performRebuild (package:flutter/src/widgets/framework.dart:5738:16)
#814    Element.rebuild (package:flutter/src/widgets/framework.dart:5427:7)
#815    ProxyElement.update (package:flutter/src/widgets/framework.dart:6041:5)
#816    Element.updateChild (package:flutter/src/widgets/framework.dart:3982:15)
#817    ComponentElement.performRebuild (package:flutter/src/widgets/framework.dart:5738:16)
#818    StatefulElement.performRebuild (package:flutter/src/widgets/framework.dart:5874:11)
#819    Element.rebuild (package:flutter/src/widgets/framework.dart:5427:7)
#820    StatefulElement.update (package:flutter/src/widgets/framework.dart:5899:5)
#821    Element.updateChild (package:flutter/src/widgets/framework.dart:3982:15)
#822    ComponentElement.performRebuild (package:flutter/src/widgets/framework.dart:5738:16)
#823    Element.rebuild (package:flutter/src/widgets/framework.dart:5427:7)
#824    ProxyElement.update (package:flutter/src/widgets/framework.dart:6041:5)
#825    Element.updateChild (package:flutter/src/widgets/framework.dart:3982:15)
#826    ComponentElement.performRebuild (package:flutter/src/widgets/framework.dart:5738:16)
#827    Element.rebuild (package:flutter/src/widgets/framework.dart:5427:7)
#828    ProxyElement.update (package:flutter/src/widgets/framework.dart:6041:5)
#829    Element.updateChild (package:flutter/src/widgets/framework.dart:3982:15)
#830    _RawViewElement._updateChild (package:flutter/src/widgets/view.dart:481:16)
#831    _RawViewElement.update (package:flutter/src/widgets/view.dart:569:5)
#832    Element.updateChild (package:flutter/src/widgets/framework.dart:3982:15)
#833    ComponentElement.performRebuild (package:flutter/src/widgets/framework.dart:5738:16)
#834    Element.rebuild (package:flutter/src/widgets/framework.dart:5427:7)
#835    StatelessElement.update (package:flutter/src/widgets/framework.dart:5787:5)
#836    Element.updateChild (package:flutter/src/widgets/framework.dart:3982:15)
#837    ComponentElement.performRebuild (package:flutter/src/widgets/framework.dart:5738:16)
#838    StatefulElement.performRebuild (package:flutter/src/widgets/framework.dart:5874:11)
#839    Element.rebuild (package:flutter/src/widgets/framework.dart:5427:7)
#840    StatefulElement.update (package:flutter/src/widgets/framework.dart:5899:5)
#841    Element.updateChild (package:flutter/src/widgets/framework.dart:3982:15)
#842    RootElement._rebuild (package:flutter/src/widgets/binding.dart:1698:16)
#843    RootElement.update (package:flutter/src/widgets/binding.dart:1676:5)
#844    RootElement.performRebuild (package:flutter/src/widgets/binding.dart:1690:7)
#845    Element.rebuild (package:flutter/src/widgets/framework.dart:5427:7)
#846    BuildScope._tryRebuild (package:flutter/src/widgets/framework.dart:2694:15)
#847    BuildScope._flushDirtyElements (package:flutter/src/widgets/framework.dart:2752:11)
#848    BuildOwner.buildScope (package:flutter/src/widgets/framework.dart:3056:18)
#849    AutomatedTestWidgetsFlutterBinding.drawFrame (package:flutter_test/src/binding.dart:1515:19)
#850    RendererBinding._handlePersistentFrameCallback (package:flutter/src/rendering/binding.dart:495:5)
#851    SchedulerBinding._invokeFrameCallback (package:flutter/src/scheduler/binding.dart:1438:15)
#852    SchedulerBinding.handleDrawFrame (package:flutter/src/scheduler/binding.dart:1351:9)
#853    AutomatedTestWidgetsFlutterBinding.pump.<anonymous closure> (package:flutter_test/src/binding.dart:1340:9)
#856    TestAsyncUtils.guard (package:flutter_test/src/test_async_utils.dart:74:41)
#857    AutomatedTestWidgetsFlutterBinding.pump (package:flutter_test/src/binding.dart:1329:27)
#858    WidgetTester.pumpWidget.<anonymous closure> (package:flutter_test/src/widget_tester.dart:599:22)
#861    TestAsyncUtils.guard (package:flutter_test/src/test_async_utils.dart:74:41)
#862    WidgetTester.pumpWidget (package:flutter_test/src/widget_tester.dart:596:27)
#863    main.<anonymous closure>.<anonymous closure> (file:///E:/New%20folder%20(2)/papercraft/test/widgets/features/paper_creation/pages/question_paper_create_page_test.dart:83:20)
#864    testWidgets.<anonymous closure>.<anonymous closure> (package:flutter_test/src/widget_tester.dart:193:29)
<asynchronous suspension>
#865    TestWidgetsFlutterBinding._runTestBody (package:flutter_test/src/binding.dart:1064:5)
<asynchronous suspension>
<asynchronous suspension>
(elided 5 frames from dart:async and package:stack_trace)

â•â•â•â•â•â•â•â•â•â•â•â•â•â•â•â•â•â•â•â•â•â•â•â•â•â•â•â•â•â•â•â•â•â•â•â•â•â•â•â•â•â•â•â•â•â•â•â•â•â•â•â•â•â•â•â•â•â•â•â•â•â•â•â•â•â•â•â•â•â•â•â•â•â•â•â•â•â•â•â•â•â•â•â•â•â•â•â•â•â•â•â•â•â•â•â•â•â•â•â•
01:53 +410 -4: E:/New folder (2)/papercraft/test/widgets/features/paper_creation/pages/question_paper_create_page_test.dart: QuestionPaperCreatePage Widget Tests shows step 1 form when data loaded
â•â•â•¡ EXCEPTION CAUGHT BY FLUTTER TEST FRAMEWORK â•â•â•â•â•â•â•â•â•â•â•â•â•â•â•â•â•â•â•â•â•â•â•â•â•â•â•â•â•â•â•â•â•â•â•â•â•â•â•â•â•â•â•â•â•â•â•â•â•â•â•â•â•
The following TestFailure was thrown running a test:
Expected: exactly one matching candidate
  Actual: _TextWidgetFinder:<Found 0 widgets with text "Step 1 of 2": []>
   Which: means none were found but one was expected

When the exception was thrown, this was the stack:
#4      main.<anonymous closure>.<anonymous closure> (file:///E:/New%20folder%20(2)/papercraft/test/widgets/features/paper_creation/pages/question_paper_create_page_test.dart:87:7)
<asynchronous suspension>
#5      testWidgets.<anonymous closure>.<anonymous closure> (package:flutter_test/src/widget_tester.dart:193:15)
<asynchronous suspension>
#6      TestWidgetsFlutterBinding._runTestBody (package:flutter_test/src/binding.dart:1064:5)
<asynchronous suspension>
<asynchronous suspension>
(elided one frame from package:stack_trace)

This was caught by the test expectation on the following line:
  file:///E:/New%20folder%20(2)/papercraft/test/widgets/features/paper_creation/pages/question_paper_create_page_test.dart line 87
The test description was:
  shows step 1 form when data loaded
â•â•â•â•â•â•â•â•â•â•â•â•â•â•â•â•â•â•â•â•â•â•â•â•â•â•â•â•â•â•â•â•â•â•â•â•â•â•â•â•â•â•â•â•â•â•â•â•â•â•â•â•â•â•â•â•â•â•â•â•â•â•â•â•â•â•â•â•â•â•â•â•â•â•â•â•â•â•â•â•â•â•â•â•â•â•â•â•â•â•â•â•â•â•â•â•â•â•â•â•
â•â•â•¡ EXCEPTION CAUGHT BY FLUTTER TEST FRAMEWORK â•â•â•â•â•â•â•â•â•â•â•â•â•â•â•â•â•â•â•â•â•â•â•â•â•â•â•â•â•â•â•â•â•â•â•â•â•â•â•â•â•â•â•â•â•â•â•â•â•â•â•â•â•
The following message was thrown:
Multiple exceptions (2) were detected during the running of the current test, and at least one was
unexpected.
â•â•â•â•â•â•â•â•â•â•â•â•â•â•â•â•â•â•â•â•â•â•â•â•â•â•â•â•â•â•â•â•â•â•â•â•â•â•â•â•â•â•â•â•â•â•â•â•â•â•â•â•â•â•â•â•â•â•â•â•â•â•â•â•â•â•â•â•â•â•â•â•â•â•â•â•â•â•â•â•â•â•â•â•â•â•â•â•â•â•â•â•â•â•â•â•â•â•â•â•
01:53 +410 -5: E:/New folder (2)/papercraft/test/widgets/features/paper_creation/pages/question_paper_create_page_test.dart: QuestionPaperCreatePage Widget Tests shows step 1 form when data loaded [E]
  Test failed. See exception logs above.
  The test description was: shows step 1 form when data loaded


To run this test again: C:\Users\Jahir\flutter\bin\cache\dart-sdk\bin\dart.exe test E:/New folder (2)/papercraft/test/widgets/features/paper_creation/pages/question_paper_create_page_test.dart -p vm --plain-name "QuestionPaperCreatePage Widget Tests shows step 1 form when data loaded"
01:53 +410 -5: E:/New folder (2)/papercraft/test/widgets/features/paper_creation/pages/question_paper_create_page_test.dart: QuestionPaperCreatePage Widget Tests shows subject dropdown with loaded subjects
â•â•â•¡ EXCEPTION CAUGHT BY WIDGETS LIBRARY â•â•â•â•â•â•â•â•â•â•â•â•â•â•â•â•â•â•â•â•â•â•â•â•â•â•â•â•â•â•â•â•â•â•â•â•â•â•â•â•â•â•â•â•â•â•â•â•â•â•â•â•â•â•â•â•â•â•â•â•
The following StateError was thrown building _InheritedProviderScope<TeacherPatternBloc?>:
Bad state: GetIt: Object/factory with type UserStateService is not registered inside GetIt.
(Did you accidentally do GetIt sl=GetIt.instance(); instead of GetIt sl=GetIt.instance;
Did you forget to register it?)

The relevant error-causing widget was:
  _InheritedProviderScope<TeacherPatternBloc?>
  _InheritedProviderScope:file:///C:/Users/Jahir/AppData/Local/Pub/Cache/hosted/pub.dev/provider-6.1.5+1/lib/src/inherited_provider.dart:164:12

When the exception was thrown, this was the stack:
#0      throwIfNot (package:get_it/get_it_impl.dart:14:19)
#1      _GetItImplementation._findRegistrationByNameAndType (package:get_it/get_it_impl.dart:583:5)
#2      _GetItImplementation._get (package:get_it/get_it_impl.dart:641:11)
#3      _GetItImplementation.get (package:get_it/get_it_impl.dart:608:12)
#4      _GetItImplementation.call (package:get_it/get_it_impl.dart:720:12)
#5      _CreatePageState._loadInitialData (package:papercraft/features/paper_creation/presentation/pages/question_paper_create_page.dart:93:32)
#6      _CreatePageState.initState (package:papercraft/features/paper_creation/presentation/pages/question_paper_create_page.dart:74:5)
#7      StatefulElement._firstBuild (package:flutter/src/widgets/framework.dart:5842:55)
#8      ComponentElement.mount (package:flutter/src/widgets/framework.dart:5691:5)
...     Normal element mounting (7 frames)
#15     _InheritedProviderScopeElement.mount (package:provider/src/inherited_provider.dart:424:11)
...     Normal element mounting (7 frames)
#22     SingleChildWidgetElementMixin.mount (package:nested/nested.dart:222:11)
...     Normal element mounting (7 frames)
#29     SingleChildWidgetElementMixin.mount (package:nested/nested.dart:222:11)
...     Normal element mounting (7 frames)
#36     _NestedHookElement.mount (package:nested/nested.dart:187:11)
...     Normal element mounting (7 frames)
#43     _InheritedProviderScopeElement.mount (package:provider/src/inherited_provider.dart:424:11)
...     Normal element mounting (7 frames)
#50     SingleChildWidgetElementMixin.mount (package:nested/nested.dart:222:11)
...     Normal element mounting (7 frames)
#57     SingleChildWidgetElementMixin.mount (package:nested/nested.dart:222:11)
...     Normal element mounting (7 frames)
#64     _NestedHookElement.mount (package:nested/nested.dart:187:11)
...     Normal element mounting (7 frames)
#71     _InheritedProviderScopeElement.mount (package:provider/src/inherited_provider.dart:424:11)
...     Normal element mounting (7 frames)
#78     SingleChildWidgetElementMixin.mount (package:nested/nested.dart:222:11)
...     Normal element mounting (7 frames)
#85     SingleChildWidgetElementMixin.mount (package:nested/nested.dart:222:11)
...     Normal element mounting (7 frames)
#92     _NestedHookElement.mount (package:nested/nested.dart:187:11)
...     Normal element mounting (7 frames)
#99     SingleChildWidgetElementMixin.mount (package:nested/nested.dart:222:11)
...     Normal element mounting (228 frames)
#327    Element.inflateWidget (package:flutter/src/widgets/framework.dart:4539:16)
#328    MultiChildRenderObjectElement.inflateWidget (package:flutter/src/widgets/framework.dart:7159:36)
#329    MultiChildRenderObjectElement.mount (package:flutter/src/widgets/framework.dart:7175:32)
...     Normal element mounting (457 frames)
#786    Element.inflateWidget (package:flutter/src/widgets/framework.dart:4539:16)
#787    Element.updateChild (package:flutter/src/widgets/framework.dart:3998:20)
#788    ComponentElement.performRebuild (package:flutter/src/widgets/framework.dart:5738:16)
#789    Element.rebuild (package:flutter/src/widgets/framework.dart:5427:7)
#790    ProxyElement.update (package:flutter/src/widgets/framework.dart:6041:5)
#791    _InheritedNotifierElement.update (package:flutter/src/widgets/inherited_notifier.dart:108:11)
#792    Element.updateChild (package:flutter/src/widgets/framework.dart:3982:15)
#793    ComponentElement.performRebuild (package:flutter/src/widgets/framework.dart:5738:16)
#794    StatefulElement.performRebuild (package:flutter/src/widgets/framework.dart:5874:11)
#795    Element.rebuild (package:flutter/src/widgets/framework.dart:5427:7)
#796    StatefulElement.update (package:flutter/src/widgets/framework.dart:5899:5)
#797    Element.updateChild (package:flutter/src/widgets/framework.dart:3982:15)
#798    ComponentElement.performRebuild (package:flutter/src/widgets/framework.dart:5738:16)
#799    Element.rebuild (package:flutter/src/widgets/framework.dart:5427:7)
#800    ProxyElement.update (package:flutter/src/widgets/framework.dart:6041:5)
#801    _InheritedNotifierElement.update (package:flutter/src/widgets/inherited_notifier.dart:108:11)
#802    Element.updateChild (package:flutter/src/widgets/framework.dart:3982:15)
#803    ComponentElement.performRebuild (package:flutter/src/widgets/framework.dart:5738:16)
#804    StatefulElement.performRebuild (package:flutter/src/widgets/framework.dart:5874:11)
#805    Element.rebuild (package:flutter/src/widgets/framework.dart:5427:7)
#806    StatefulElement.update (package:flutter/src/widgets/framework.dart:5899:5)
#807    Element.updateChild (package:flutter/src/widgets/framework.dart:3982:15)
#808    ComponentElement.performRebuild (package:flutter/src/widgets/framework.dart:5738:16)
#809    StatefulElement.performRebuild (package:flutter/src/widgets/framework.dart:5874:11)
#810    Element.rebuild (package:flutter/src/widgets/framework.dart:5427:7)
#811    StatefulElement.update (package:flutter/src/widgets/framework.dart:5899:5)
#812    Element.updateChild (package:flutter/src/widgets/framework.dart:3982:15)
#813    ComponentElement.performRebuild (package:flutter/src/widgets/framework.dart:5738:16)
#814    Element.rebuild (package:flutter/src/widgets/framework.dart:5427:7)
#815    ProxyElement.update (package:flutter/src/widgets/framework.dart:6041:5)
#816    Element.updateChild (package:flutter/src/widgets/framework.dart:3982:15)
#817    ComponentElement.performRebuild (package:flutter/src/widgets/framework.dart:5738:16)
#818    StatefulElement.performRebuild (package:flutter/src/widgets/framework.dart:5874:11)
#819    Element.rebuild (package:flutter/src/widgets/framework.dart:5427:7)
#820    StatefulElement.update (package:flutter/src/widgets/framework.dart:5899:5)
#821    Element.updateChild (package:flutter/src/widgets/framework.dart:3982:15)
#822    ComponentElement.performRebuild (package:flutter/src/widgets/framework.dart:5738:16)
#823    Element.rebuild (package:flutter/src/widgets/framework.dart:5427:7)
#824    ProxyElement.update (package:flutter/src/widgets/framework.dart:6041:5)
#825    Element.updateChild (package:flutter/src/widgets/framework.dart:3982:15)
#826    ComponentElement.performRebuild (package:flutter/src/widgets/framework.dart:5738:16)
#827    Element.rebuild (package:flutter/src/widgets/framework.dart:5427:7)
#828    ProxyElement.update (package:flutter/src/widgets/framework.dart:6041:5)
#829    Element.updateChild (package:flutter/src/widgets/framework.dart:3982:15)
#830    _RawViewElement._updateChild (package:flutter/src/widgets/view.dart:481:16)
#831    _RawViewElement.update (package:flutter/src/widgets/view.dart:569:5)
#832    Element.updateChild (package:flutter/src/widgets/framework.dart:3982:15)
#833    ComponentElement.performRebuild (package:flutter/src/widgets/framework.dart:5738:16)
#834    Element.rebuild (package:flutter/src/widgets/framework.dart:5427:7)
#835    StatelessElement.update (package:flutter/src/widgets/framework.dart:5787:5)
#836    Element.updateChild (package:flutter/src/widgets/framework.dart:3982:15)
#837    ComponentElement.performRebuild (package:flutter/src/widgets/framework.dart:5738:16)
#838    StatefulElement.performRebuild (package:flutter/src/widgets/framework.dart:5874:11)
#839    Element.rebuild (package:flutter/src/widgets/framework.dart:5427:7)
#840    StatefulElement.update (package:flutter/src/widgets/framework.dart:5899:5)
#841    Element.updateChild (package:flutter/src/widgets/framework.dart:3982:15)
#842    RootElement._rebuild (package:flutter/src/widgets/binding.dart:1698:16)
#843    RootElement.update (package:flutter/src/widgets/binding.dart:1676:5)
#844    RootElement.performRebuild (package:flutter/src/widgets/binding.dart:1690:7)
#845    Element.rebuild (package:flutter/src/widgets/framework.dart:5427:7)
#846    BuildScope._tryRebuild (package:flutter/src/widgets/framework.dart:2694:15)
#847    BuildScope._flushDirtyElements (package:flutter/src/widgets/framework.dart:2752:11)
#848    BuildOwner.buildScope (package:flutter/src/widgets/framework.dart:3056:18)
#849    AutomatedTestWidgetsFlutterBinding.drawFrame (package:flutter_test/src/binding.dart:1515:19)
#850    RendererBinding._handlePersistentFrameCallback (package:flutter/src/rendering/binding.dart:495:5)
#851    SchedulerBinding._invokeFrameCallback (package:flutter/src/scheduler/binding.dart:1438:15)
#852    SchedulerBinding.handleDrawFrame (package:flutter/src/scheduler/binding.dart:1351:9)
#853    AutomatedTestWidgetsFlutterBinding.pump.<anonymous closure> (package:flutter_test/src/binding.dart:1340:9)
#856    TestAsyncUtils.guard (package:flutter_test/src/test_async_utils.dart:74:41)
#857    AutomatedTestWidgetsFlutterBinding.pump (package:flutter_test/src/binding.dart:1329:27)
#858    WidgetTester.pumpWidget.<anonymous closure> (package:flutter_test/src/widget_tester.dart:599:22)
#861    TestAsyncUtils.guard (package:flutter_test/src/test_async_utils.dart:74:41)
#862    WidgetTester.pumpWidget (package:flutter_test/src/widget_tester.dart:596:27)
#863    main.<anonymous closure>.<anonymous closure> (file:///E:/New%20folder%20(2)/papercraft/test/widgets/features/paper_creation/pages/question_paper_create_page_test.dart:127:20)
#864    testWidgets.<anonymous closure>.<anonymous closure> (package:flutter_test/src/widget_tester.dart:193:29)
<asynchronous suspension>
#865    TestWidgetsFlutterBinding._runTestBody (package:flutter_test/src/binding.dart:1064:5)
<asynchronous suspension>
<asynchronous suspension>
(elided 5 frames from dart:async and package:stack_trace)

â•â•â•â•â•â•â•â•â•â•â•â•â•â•â•â•â•â•â•â•â•â•â•â•â•â•â•â•â•â•â•â•â•â•â•â•â•â•â•â•â•â•â•â•â•â•â•â•â•â•â•â•â•â•â•â•â•â•â•â•â•â•â•â•â•â•â•â•â•â•â•â•â•â•â•â•â•â•â•â•â•â•â•â•â•â•â•â•â•â•â•â•â•â•â•â•â•â•â•â•
â•â•â•¡ EXCEPTION CAUGHT BY FLUTTER TEST FRAMEWORK â•â•â•â•â•â•â•â•â•â•â•â•â•â•â•â•â•â•â•â•â•â•â•â•â•â•â•â•â•â•â•â•â•â•â•â•â•â•â•â•â•â•â•â•â•â•â•â•â•â•â•â•â•
The following TestFailure was thrown running a test:
Expected: exactly one matching candidate
  Actual: _TextWidgetFinder:<Found 0 widgets with text "Subject": []>
   Which: means none were found but one was expected

When the exception was thrown, this was the stack:
#4      main.<anonymous closure>.<anonymous closure> (file:///E:/New%20folder%20(2)/papercraft/test/widgets/features/paper_creation/pages/question_paper_create_page_test.dart:131:7)
<asynchronous suspension>
#5      testWidgets.<anonymous closure>.<anonymous closure> (package:flutter_test/src/widget_tester.dart:193:15)
<asynchronous suspension>
#6      TestWidgetsFlutterBinding._runTestBody (package:flutter_test/src/binding.dart:1064:5)
<asynchronous suspension>
<asynchronous suspension>
(elided one frame from package:stack_trace)

This was caught by the test expectation on the following line:
  file:///E:/New%20folder%20(2)/papercraft/test/widgets/features/paper_creation/pages/question_paper_create_page_test.dart line 131
The test description was:
  shows subject dropdown with loaded subjects
â•â•â•â•â•â•â•â•â•â•â•â•â•â•â•â•â•â•â•â•â•â•â•â•â•â•â•â•â•â•â•â•â•â•â•â•â•â•â•â•â•â•â•â•â•â•â•â•â•â•â•â•â•â•â•â•â•â•â•â•â•â•â•â•â•â•â•â•â•â•â•â•â•â•â•â•â•â•â•â•â•â•â•â•â•â•â•â•â•â•â•â•â•â•â•â•â•â•â•â•
â•â•â•¡ EXCEPTION CAUGHT BY FLUTTER TEST FRAMEWORK â•â•â•â•â•â•â•â•â•â•â•â•â•â•â•â•â•â•â•â•â•â•â•â•â•â•â•â•â•â•â•â•â•â•â•â•â•â•â•â•â•â•â•â•â•â•â•â•â•â•â•â•â•
The following message was thrown:
Multiple exceptions (2) were detected during the running of the current test, and at least one was
unexpected.
â•â•â•â•â•â•â•â•â•â•â•â•â•â•â•â•â•â•â•â•â•â•â•â•â•â•â•â•â•â•â•â•â•â•â•â•â•â•â•â•â•â•â•â•â•â•â•â•â•â•â•â•â•â•â•â•â•â•â•â•â•â•â•â•â•â•â•â•â•â•â•â•â•â•â•â•â•â•â•â•â•â•â•â•â•â•â•â•â•â•â•â•â•â•â•â•â•â•â•â•
01:54 +410 -6: E:/New folder (2)/papercraft/test/widgets/features/paper_creation/pages/question_paper_create_page_test.dart: QuestionPaperCreatePage Widget Tests shows subject dropdown with loaded subjects [E]
  Test failed. See exception logs above.
  The test description was: shows subject dropdown with loaded subjects


To run this test again: C:\Users\Jahir\flutter\bin\cache\dart-sdk\bin\dart.exe test E:/New folder (2)/papercraft/test/widgets/features/paper_creation/pages/question_paper_create_page_test.dart -p vm --plain-name "QuestionPaperCreatePage Widget Tests shows subject dropdown with loaded subjects"
01:54 +410 -6: E:/New folder (2)/papercraft/test/widgets/features/paper_creation/pages/question_paper_create_page_test.dart: QuestionPaperCreatePage Widget Tests shows grade dropdown with loaded grades
â•â•â•¡ EXCEPTION CAUGHT BY WIDGETS LIBRARY â•â•â•â•â•â•â•â•â•â•â•â•â•â•â•â•â•â•â•â•â•â•â•â•â•â•â•â•â•â•â•â•â•â•â•â•â•â•â•â•â•â•â•â•â•â•â•â•â•â•â•â•â•â•â•â•â•â•â•â•
The following StateError was thrown building _InheritedProviderScope<TeacherPatternBloc?>:
Bad state: GetIt: Object/factory with type UserStateService is not registered inside GetIt.
(Did you accidentally do GetIt sl=GetIt.instance(); instead of GetIt sl=GetIt.instance;
Did you forget to register it?)

The relevant error-causing widget was:
  _InheritedProviderScope<TeacherPatternBloc?>
  _InheritedProviderScope:file:///C:/Users/Jahir/AppData/Local/Pub/Cache/hosted/pub.dev/provider-6.1.5+1/lib/src/inherited_provider.dart:164:12

When the exception was thrown, this was the stack:
#0      throwIfNot (package:get_it/get_it_impl.dart:14:19)
#1      _GetItImplementation._findRegistrationByNameAndType (package:get_it/get_it_impl.dart:583:5)
#2      _GetItImplementation._get (package:get_it/get_it_impl.dart:641:11)
#3      _GetItImplementation.get (package:get_it/get_it_impl.dart:608:12)
#4      _GetItImplementation.call (package:get_it/get_it_impl.dart:720:12)
#5      _CreatePageState._loadInitialData (package:papercraft/features/paper_creation/presentation/pages/question_paper_create_page.dart:93:32)
#6      _CreatePageState.initState (package:papercraft/features/paper_creation/presentation/pages/question_paper_create_page.dart:74:5)
#7      StatefulElement._firstBuild (package:flutter/src/widgets/framework.dart:5842:55)
#8      ComponentElement.mount (package:flutter/src/widgets/framework.dart:5691:5)
...     Normal element mounting (7 frames)
#15     _InheritedProviderScopeElement.mount (package:provider/src/inherited_provider.dart:424:11)
...     Normal element mounting (7 frames)
#22     SingleChildWidgetElementMixin.mount (package:nested/nested.dart:222:11)
...     Normal element mounting (7 frames)
#29     SingleChildWidgetElementMixin.mount (package:nested/nested.dart:222:11)
...     Normal element mounting (7 frames)
#36     _NestedHookElement.mount (package:nested/nested.dart:187:11)
...     Normal element mounting (7 frames)
#43     _InheritedProviderScopeElement.mount (package:provider/src/inherited_provider.dart:424:11)
...     Normal element mounting (7 frames)
#50     SingleChildWidgetElementMixin.mount (package:nested/nested.dart:222:11)
...     Normal element mounting (7 frames)
#57     SingleChildWidgetElementMixin.mount (package:nested/nested.dart:222:11)
...     Normal element mounting (7 frames)
#64     _NestedHookElement.mount (package:nested/nested.dart:187:11)
...     Normal element mounting (7 frames)
#71     _InheritedProviderScopeElement.mount (package:provider/src/inherited_provider.dart:424:11)
...     Normal element mounting (7 frames)
#78     SingleChildWidgetElementMixin.mount (package:nested/nested.dart:222:11)
...     Normal element mounting (7 frames)
#85     SingleChildWidgetElementMixin.mount (package:nested/nested.dart:222:11)
...     Normal element mounting (7 frames)
#92     _NestedHookElement.mount (package:nested/nested.dart:187:11)
...     Normal element mounting (7 frames)
#99     SingleChildWidgetElementMixin.mount (package:nested/nested.dart:222:11)
...     Normal element mounting (228 frames)
#327    Element.inflateWidget (package:flutter/src/widgets/framework.dart:4539:16)
#328    MultiChildRenderObjectElement.inflateWidget (package:flutter/src/widgets/framework.dart:7159:36)
#329    MultiChildRenderObjectElement.mount (package:flutter/src/widgets/framework.dart:7175:32)
...     Normal element mounting (457 frames)
#786    Element.inflateWidget (package:flutter/src/widgets/framework.dart:4539:16)
#787    Element.updateChild (package:flutter/src/widgets/framework.dart:3998:20)
#788    ComponentElement.performRebuild (package:flutter/src/widgets/framework.dart:5738:16)
#789    Element.rebuild (package:flutter/src/widgets/framework.dart:5427:7)
#790    ProxyElement.update (package:flutter/src/widgets/framework.dart:6041:5)
#791    _InheritedNotifierElement.update (package:flutter/src/widgets/inherited_notifier.dart:108:11)
#792    Element.updateChild (package:flutter/src/widgets/framework.dart:3982:15)
#793    ComponentElement.performRebuild (package:flutter/src/widgets/framework.dart:5738:16)
#794    StatefulElement.performRebuild (package:flutter/src/widgets/framework.dart:5874:11)
#795    Element.rebuild (package:flutter/src/widgets/framework.dart:5427:7)
#796    StatefulElement.update (package:flutter/src/widgets/framework.dart:5899:5)
#797    Element.updateChild (package:flutter/src/widgets/framework.dart:3982:15)
#798    ComponentElement.performRebuild (package:flutter/src/widgets/framework.dart:5738:16)
#799    Element.rebuild (package:flutter/src/widgets/framework.dart:5427:7)
#800    ProxyElement.update (package:flutter/src/widgets/framework.dart:6041:5)
#801    _InheritedNotifierElement.update (package:flutter/src/widgets/inherited_notifier.dart:108:11)
#802    Element.updateChild (package:flutter/src/widgets/framework.dart:3982:15)
#803    ComponentElement.performRebuild (package:flutter/src/widgets/framework.dart:5738:16)
#804    StatefulElement.performRebuild (package:flutter/src/widgets/framework.dart:5874:11)
#805    Element.rebuild (package:flutter/src/widgets/framework.dart:5427:7)
#806    StatefulElement.update (package:flutter/src/widgets/framework.dart:5899:5)
#807    Element.updateChild (package:flutter/src/widgets/framework.dart:3982:15)
#808    ComponentElement.performRebuild (package:flutter/src/widgets/framework.dart:5738:16)
#809    StatefulElement.performRebuild (package:flutter/src/widgets/framework.dart:5874:11)
#810    Element.rebuild (package:flutter/src/widgets/framework.dart:5427:7)
#811    StatefulElement.update (package:flutter/src/widgets/framework.dart:5899:5)
#812    Element.updateChild (package:flutter/src/widgets/framework.dart:3982:15)
#813    ComponentElement.performRebuild (package:flutter/src/widgets/framework.dart:5738:16)
#814    Element.rebuild (package:flutter/src/widgets/framework.dart:5427:7)
#815    ProxyElement.update (package:flutter/src/widgets/framework.dart:6041:5)
#816    Element.updateChild (package:flutter/src/widgets/framework.dart:3982:15)
#817    ComponentElement.performRebuild (package:flutter/src/widgets/framework.dart:5738:16)
#818    StatefulElement.performRebuild (package:flutter/src/widgets/framework.dart:5874:11)
#819    Element.rebuild (package:flutter/src/widgets/framework.dart:5427:7)
#820    StatefulElement.update (package:flutter/src/widgets/framework.dart:5899:5)
#821    Element.updateChild (package:flutter/src/widgets/framework.dart:3982:15)
#822    ComponentElement.performRebuild (package:flutter/src/widgets/framework.dart:5738:16)
#823    Element.rebuild (package:flutter/src/widgets/framework.dart:5427:7)
#824    ProxyElement.update (package:flutter/src/widgets/framework.dart:6041:5)
#825    Element.updateChild (package:flutter/src/widgets/framework.dart:3982:15)
#826    ComponentElement.performRebuild (package:flutter/src/widgets/framework.dart:5738:16)
#827    Element.rebuild (package:flutter/src/widgets/framework.dart:5427:7)
#828    ProxyElement.update (package:flutter/src/widgets/framework.dart:6041:5)
#829    Element.updateChild (package:flutter/src/widgets/framework.dart:3982:15)
#830    _RawViewElement._updateChild (package:flutter/src/widgets/view.dart:481:16)
#831    _RawViewElement.update (package:flutter/src/widgets/view.dart:569:5)
#832    Element.updateChild (package:flutter/src/widgets/framework.dart:3982:15)
#833    ComponentElement.performRebuild (package:flutter/src/widgets/framework.dart:5738:16)
#834    Element.rebuild (package:flutter/src/widgets/framework.dart:5427:7)
#835    StatelessElement.update (package:flutter/src/widgets/framework.dart:5787:5)
#836    Element.updateChild (package:flutter/src/widgets/framework.dart:3982:15)
#837    ComponentElement.performRebuild (package:flutter/src/widgets/framework.dart:5738:16)
#838    StatefulElement.performRebuild (package:flutter/src/widgets/framework.dart:5874:11)
#839    Element.rebuild (package:flutter/src/widgets/framework.dart:5427:7)
#840    StatefulElement.update (package:flutter/src/widgets/framework.dart:5899:5)
#841    Element.updateChild (package:flutter/src/widgets/framework.dart:3982:15)
#842    RootElement._rebuild (package:flutter/src/widgets/binding.dart:1698:16)
#843    RootElement.update (package:flutter/src/widgets/binding.dart:1676:5)
#844    RootElement.performRebuild (package:flutter/src/widgets/binding.dart:1690:7)
#845    Element.rebuild (package:flutter/src/widgets/framework.dart:5427:7)
#846    BuildScope._tryRebuild (package:flutter/src/widgets/framework.dart:2694:15)
#847    BuildScope._flushDirtyElements (package:flutter/src/widgets/framework.dart:2752:11)
#848    BuildOwner.buildScope (package:flutter/src/widgets/framework.dart:3056:18)
#849    AutomatedTestWidgetsFlutterBinding.drawFrame (package:flutter_test/src/binding.dart:1515:19)
#850    RendererBinding._handlePersistentFrameCallback (package:flutter/src/rendering/binding.dart:495:5)
#851    SchedulerBinding._invokeFrameCallback (package:flutter/src/scheduler/binding.dart:1438:15)
#852    SchedulerBinding.handleDrawFrame (package:flutter/src/scheduler/binding.dart:1351:9)
#853    AutomatedTestWidgetsFlutterBinding.pump.<anonymous closure> (package:flutter_test/src/binding.dart:1340:9)
#856    TestAsyncUtils.guard (package:flutter_test/src/test_async_utils.dart:74:41)
#857    AutomatedTestWidgetsFlutterBinding.pump (package:flutter_test/src/binding.dart:1329:27)
#858    WidgetTester.pumpWidget.<anonymous closure> (package:flutter_test/src/widget_tester.dart:599:22)
#861    TestAsyncUtils.guard (package:flutter_test/src/test_async_utils.dart:74:41)
#862    WidgetTester.pumpWidget (package:flutter_test/src/widget_tester.dart:596:27)
#863    main.<anonymous closure>.<anonymous closure> (file:///E:/New%20folder%20(2)/papercraft/test/widgets/features/paper_creation/pages/question_paper_create_page_test.dart:167:20)
#864    testWidgets.<anonymous closure>.<anonymous closure> (package:flutter_test/src/widget_tester.dart:193:29)
<asynchronous suspension>
#865    TestWidgetsFlutterBinding._runTestBody (package:flutter_test/src/binding.dart:1064:5)
<asynchronous suspension>
<asynchronous suspension>
(elided 5 frames from dart:async and package:stack_trace)

â•â•â•â•â•â•â•â•â•â•â•â•â•â•â•â•â•â•â•â•â•â•â•â•â•â•â•â•â•â•â•â•â•â•â•â•â•â•â•â•â•â•â•â•â•â•â•â•â•â•â•â•â•â•â•â•â•â•â•â•â•â•â•â•â•â•â•â•â•â•â•â•â•â•â•â•â•â•â•â•â•â•â•â•â•â•â•â•â•â•â•â•â•â•â•â•â•â•â•â•
â•â•â•¡ EXCEPTION CAUGHT BY FLUTTER TEST FRAMEWORK â•â•â•â•â•â•â•â•â•â•â•â•â•â•â•â•â•â•â•â•â•â•â•â•â•â•â•â•â•â•â•â•â•â•â•â•â•â•â•â•â•â•â•â•â•â•â•â•â•â•â•â•â•
The following TestFailure was thrown running a test:
Expected: exactly one matching candidate
  Actual: _TextWidgetFinder:<Found 0 widgets with text "Grade": []>
   Which: means none were found but one was expected

When the exception was thrown, this was the stack:
#4      main.<anonymous closure>.<anonymous closure> (file:///E:/New%20folder%20(2)/papercraft/test/widgets/features/paper_creation/pages/question_paper_create_page_test.dart:171:7)
<asynchronous suspension>
#5      testWidgets.<anonymous closure>.<anonymous closure> (package:flutter_test/src/widget_tester.dart:193:15)
<asynchronous suspension>
#6      TestWidgetsFlutterBinding._runTestBody (package:flutter_test/src/binding.dart:1064:5)
<asynchronous suspension>
<asynchronous suspension>
(elided one frame from package:stack_trace)

This was caught by the test expectation on the following line:
  file:///E:/New%20folder%20(2)/papercraft/test/widgets/features/paper_creation/pages/question_paper_create_page_test.dart line 171
The test description was:
  shows grade dropdown with loaded grades
â•â•â•â•â•â•â•â•â•â•â•â•â•â•â•â•â•â•â•â•â•â•â•â•â•â•â•â•â•â•â•â•â•â•â•â•â•â•â•â•â•â•â•â•â•â•â•â•â•â•â•â•â•â•â•â•â•â•â•â•â•â•â•â•â•â•â•â•â•â•â•â•â•â•â•â•â•â•â•â•â•â•â•â•â•â•â•â•â•â•â•â•â•â•â•â•â•â•â•â•
â•â•â•¡ EXCEPTION CAUGHT BY FLUTTER TEST FRAMEWORK â•â•â•â•â•â•â•â•â•â•â•â•â•â•â•â•â•â•â•â•â•â•â•â•â•â•â•â•â•â•â•â•â•â•â•â•â•â•â•â•â•â•â•â•â•â•â•â•â•â•â•â•â•
The following message was thrown:
Multiple exceptions (2) were detected during the running of the current test, and at least one was
unexpected.
â•â•â•â•â•â•â•â•â•â•â•â•â•â•â•â•â•â•â•â•â•â•â•â•â•â•â•â•â•â•â•â•â•â•â•â•â•â•â•â•â•â•â•â•â•â•â•â•â•â•â•â•â•â•â•â•â•â•â•â•â•â•â•â•â•â•â•â•â•â•â•â•â•â•â•â•â•â•â•â•â•â•â•â•â•â•â•â•â•â•â•â•â•â•â•â•â•â•â•â•
01:54 +410 -7: E:/New folder (2)/papercraft/test/widgets/features/paper_creation/pages/question_paper_create_page_test.dart: QuestionPaperCreatePage Widget Tests shows grade dropdown with loaded grades [E]
  Test failed. See exception logs above.
  The test description was: shows grade dropdown with loaded grades


To run this test again: C:\Users\Jahir\flutter\bin\cache\dart-sdk\bin\dart.exe test E:/New folder (2)/papercraft/test/widgets/features/paper_creation/pages/question_paper_create_page_test.dart -p vm --plain-name "QuestionPaperCreatePage Widget Tests shows grade dropdown with loaded grades"
01:54 +410 -7: E:/New folder (2)/papercraft/test/widgets/features/paper_review/pages/paper_review_page_test.dart: PaperReviewPage Widget Tests shows loading indicator when paper is loading
â•â•â•¡ EXCEPTION CAUGHT BY WIDGETS LIBRARY â•â•â•â•â•â•â•â•â•â•â•â•â•â•â•â•â•â•â•â•â•â•â•â•â•â•â•â•â•â•â•â•â•â•â•â•â•â•â•â•â•â•â•â•â•â•â•â•â•â•â•â•â•â•â•â•â•â•â•â•
The following StateError was thrown building _InheritedProviderScope<QuestionPaperBloc?>:
Bad state: GetIt: Object/factory with type UserStateService is not registered inside GetIt.
(Did you accidentally do GetIt sl=GetIt.instance(); instead of GetIt sl=GetIt.instance;
Did you forget to register it?)

The relevant error-causing widget was:
  _InheritedProviderScope<QuestionPaperBloc?>
  _InheritedProviderScope:file:///C:/Users/Jahir/AppData/Local/Pub/Cache/hosted/pub.dev/provider-6.1.5+1/lib/src/inherited_provider.dart:164:12

When the exception was thrown, this was the stack:
#0      throwIfNot (package:get_it/get_it_impl.dart:14:19)
#1      _GetItImplementation._findRegistrationByNameAndType (package:get_it/get_it_impl.dart:583:5)
#2      _GetItImplementation._get (package:get_it/get_it_impl.dart:641:11)
#3      _GetItImplementation.get (package:get_it/get_it_impl.dart:608:12)
#4      _GetItImplementation.call (package:get_it/get_it_impl.dart:720:12)
#5      _PaperReviewPageState._checkAdminAndLoad (package:papercraft/features/paper_review/presentation/pages/paper_review_page.dart:48:23)
#6      _PaperReviewPageState.initState (package:papercraft/features/paper_review/presentation/pages/paper_review_page.dart:38:5)
#7      StatefulElement._firstBuild (package:flutter/src/widgets/framework.dart:5842:55)
#8      ComponentElement.mount (package:flutter/src/widgets/framework.dart:5691:5)
...     Normal element mounting (7 frames)
#15     _InheritedProviderScopeElement.mount (package:provider/src/inherited_provider.dart:424:11)
...     Normal element mounting (7 frames)
#22     SingleChildWidgetElementMixin.mount (package:nested/nested.dart:222:11)
...     Normal element mounting (7 frames)
#29     SingleChildWidgetElementMixin.mount (package:nested/nested.dart:222:11)
...     Normal element mounting (228 frames)
#257    Element.inflateWidget (package:flutter/src/widgets/framework.dart:4539:16)
#258    MultiChildRenderObjectElement.inflateWidget (package:flutter/src/widgets/framework.dart:7159:36)
#259    MultiChildRenderObjectElement.mount (package:flutter/src/widgets/framework.dart:7175:32)
...     Normal element mounting (457 frames)
#716    Element.inflateWidget (package:flutter/src/widgets/framework.dart:4539:16)
#717    Element.updateChild (package:flutter/src/widgets/framework.dart:3998:20)
#718    ComponentElement.performRebuild (package:flutter/src/widgets/framework.dart:5738:16)
#719    Element.rebuild (package:flutter/src/widgets/framework.dart:5427:7)
#720    ProxyElement.update (package:flutter/src/widgets/framework.dart:6041:5)
#721    _InheritedNotifierElement.update (package:flutter/src/widgets/inherited_notifier.dart:108:11)
#722    Element.updateChild (package:flutter/src/widgets/framework.dart:3982:15)
#723    ComponentElement.performRebuild (package:flutter/src/widgets/framework.dart:5738:16)
#724    StatefulElement.performRebuild (package:flutter/src/widgets/framework.dart:5874:11)
#725    Element.rebuild (package:flutter/src/widgets/framework.dart:5427:7)
#726    StatefulElement.update (package:flutter/src/widgets/framework.dart:5899:5)
#727    Element.updateChild (package:flutter/src/widgets/framework.dart:3982:15)
#728    ComponentElement.performRebuild (package:flutter/src/widgets/framework.dart:5738:16)
#729    Element.rebuild (package:flutter/src/widgets/framework.dart:5427:7)
#730    ProxyElement.update (package:flutter/src/widgets/framework.dart:6041:5)
#731    _InheritedNotifierElement.update (package:flutter/src/widgets/inherited_notifier.dart:108:11)
#732    Element.updateChild (package:flutter/src/widgets/framework.dart:3982:15)
#733    ComponentElement.performRebuild (package:flutter/src/widgets/framework.dart:5738:16)
#734    StatefulElement.performRebuild (package:flutter/src/widgets/framework.dart:5874:11)
#735    Element.rebuild (package:flutter/src/widgets/framework.dart:5427:7)
#736    StatefulElement.update (package:flutter/src/widgets/framework.dart:5899:5)
#737    Element.updateChild (package:flutter/src/widgets/framework.dart:3982:15)
#738    ComponentElement.performRebuild (package:flutter/src/widgets/framework.dart:5738:16)
#739    StatefulElement.performRebuild (package:flutter/src/widgets/framework.dart:5874:11)
#740    Element.rebuild (package:flutter/src/widgets/framework.dart:5427:7)
#741    StatefulElement.update (package:flutter/src/widgets/framework.dart:5899:5)
#742    Element.updateChild (package:flutter/src/widgets/framework.dart:3982:15)
#743    ComponentElement.performRebuild (package:flutter/src/widgets/framework.dart:5738:16)
#744    Element.rebuild (package:flutter/src/widgets/framework.dart:5427:7)
#745    ProxyElement.update (package:flutter/src/widgets/framework.dart:6041:5)
#746    Element.updateChild (package:flutter/src/widgets/framework.dart:3982:15)
#747    ComponentElement.performRebuild (package:flutter/src/widgets/framework.dart:5738:16)
#748    StatefulElement.performRebuild (package:flutter/src/widgets/framework.dart:5874:11)
#749    Element.rebuild (package:flutter/src/widgets/framework.dart:5427:7)
#750    StatefulElement.update (package:flutter/src/widgets/framework.dart:5899:5)
#751    Element.updateChild (package:flutter/src/widgets/framework.dart:3982:15)
#752    ComponentElement.performRebuild (package:flutter/src/widgets/framework.dart:5738:16)
#753    Element.rebuild (package:flutter/src/widgets/framework.dart:5427:7)
#754    ProxyElement.update (package:flutter/src/widgets/framework.dart:6041:5)
#755    Element.updateChild (package:flutter/src/widgets/framework.dart:3982:15)
#756    ComponentElement.performRebuild (package:flutter/src/widgets/framework.dart:5738:16)
#757    Element.rebuild (package:flutter/src/widgets/framework.dart:5427:7)
#758    ProxyElement.update (package:flutter/src/widgets/framework.dart:6041:5)
#759    Element.updateChild (package:flutter/src/widgets/framework.dart:3982:15)
#760    _RawViewElement._updateChild (package:flutter/src/widgets/view.dart:481:16)
#761    _RawViewElement.update (package:flutter/src/widgets/view.dart:569:5)
#762    Element.updateChild (package:flutter/src/widgets/framework.dart:3982:15)
#763    ComponentElement.performRebuild (package:flutter/src/widgets/framework.dart:5738:16)
#764    Element.rebuild (package:flutter/src/widgets/framework.dart:5427:7)
#765    StatelessElement.update (package:flutter/src/widgets/framework.dart:5787:5)
#766    Element.updateChild (package:flutter/src/widgets/framework.dart:3982:15)
#767    ComponentElement.performRebuild (package:flutter/src/widgets/framework.dart:5738:16)
#768    StatefulElement.performRebuild (package:flutter/src/widgets/framework.dart:5874:11)
#769    Element.rebuild (package:flutter/src/widgets/framework.dart:5427:7)
#770    StatefulElement.update (package:flutter/src/widgets/framework.dart:5899:5)
#771    Element.updateChild (package:flutter/src/widgets/framework.dart:3982:15)
#772    RootElement._rebuild (package:flutter/src/widgets/binding.dart:1698:16)
#773    RootElement.update (package:flutter/src/widgets/binding.dart:1676:5)
#774    RootElement.performRebuild (package:flutter/src/widgets/binding.dart:1690:7)
#775    Element.rebuild (package:flutter/src/widgets/framework.dart:5427:7)
#776    BuildScope._tryRebuild (package:flutter/src/widgets/framework.dart:2694:15)
#777    BuildScope._flushDirtyElements (package:flutter/src/widgets/framework.dart:2752:11)
#778    BuildOwner.buildScope (package:flutter/src/widgets/framework.dart:3056:18)
#779    AutomatedTestWidgetsFlutterBinding.drawFrame (package:flutter_test/src/binding.dart:1515:19)
#780    RendererBinding._handlePersistentFrameCallback (package:flutter/src/rendering/binding.dart:495:5)
#781    SchedulerBinding._invokeFrameCallback (package:flutter/src/scheduler/binding.dart:1438:15)
#782    SchedulerBinding.handleDrawFrame (package:flutter/src/scheduler/binding.dart:1351:9)
#783    AutomatedTestWidgetsFlutterBinding.pump.<anonymous closure> (package:flutter_test/src/binding.dart:1340:9)
#786    TestAsyncUtils.guard (package:flutter_test/src/test_async_utils.dart:74:41)
#787    AutomatedTestWidgetsFlutterBinding.pump (package:flutter_test/src/binding.dart:1329:27)
#788    WidgetTester.pumpWidget.<anonymous closure> (package:flutter_test/src/widget_tester.dart:599:22)
#791    TestAsyncUtils.guard (package:flutter_test/src/test_async_utils.dart:74:41)
#792    WidgetTester.pumpWidget (package:flutter_test/src/widget_tester.dart:596:27)
#793    main.<anonymous closure>.<anonymous closure> (file:///E:/New%20folder%20(2)/papercraft/test/widgets/features/paper_review/pages/paper_review_page_test.dart:38:20)
#794    testWidgets.<anonymous closure>.<anonymous closure> (package:flutter_test/src/widget_tester.dart:193:29)
<asynchronous suspension>
#795    TestWidgetsFlutterBinding._runTestBody (package:flutter_test/src/binding.dart:1064:5)
<asynchronous suspension>
<asynchronous suspension>
(elided 5 frames from dart:async and package:stack_trace)

â•â•â•â•â•â•â•â•â•â•â•â•â•â•â•â•â•â•â•â•â•â•â•â•â•â•â•â•â•â•â•â•â•â•â•â•â•â•â•â•â•â•â•â•â•â•â•â•â•â•â•â•â•â•â•â•â•â•â•â•â•â•â•â•â•â•â•â•â•â•â•â•â•â•â•â•â•â•â•â•â•â•â•â•â•â•â•â•â•â•â•â•â•â•â•â•â•â•â•â•
â•â•â•¡ EXCEPTION CAUGHT BY FLUTTER TEST FRAMEWORK â•â•â•â•â•â•â•â•â•â•â•â•â•â•â•â•â•â•â•â•â•â•â•â•â•â•â•â•â•â•â•â•â•â•â•â•â•â•â•â•â•â•â•â•â•â•â•â•â•â•â•â•â•
The following TestFailure was thrown running a test:
Expected: at least one matching candidate
  Actual: _TypeWidgetFinder:<Found 0 widgets with type "CircularProgressIndicator": []>
   Which: means none were found but some were expected

When the exception was thrown, this was the stack:
#4      main.<anonymous closure>.<anonymous closure> (file:///E:/New%20folder%20(2)/papercraft/test/widgets/features/paper_review/pages/paper_review_page_test.dart:43:7)
<asynchronous suspension>
#5      testWidgets.<anonymous closure>.<anonymous closure> (package:flutter_test/src/widget_tester.dart:193:15)
<asynchronous suspension>
#6      TestWidgetsFlutterBinding._runTestBody (package:flutter_test/src/binding.dart:1064:5)
<asynchronous suspension>
<asynchronous suspension>
(elided one frame from package:stack_trace)

This was caught by the test expectation on the following line:
  file:///E:/New%20folder%20(2)/papercraft/test/widgets/features/paper_review/pages/paper_review_page_test.dart line 43
The test description was:
  shows loading indicator when paper is loading
â•â•â•â•â•â•â•â•â•â•â•â•â•â•â•â•â•â•â•â•â•â•â•â•â•â•â•â•â•â•â•â•â•â•â•â•â•â•â•â•â•â•â•â•â•â•â•â•â•â•â•â•â•â•â•â•â•â•â•â•â•â•â•â•â•â•â•â•â•â•â•â•â•â•â•â•â•â•â•â•â•â•â•â•â•â•â•â•â•â•â•â•â•â•â•â•â•â•â•â•
â•â•â•¡ EXCEPTION CAUGHT BY FLUTTER TEST FRAMEWORK â•â•â•â•â•â•â•â•â•â•â•â•â•â•â•â•â•â•â•â•â•â•â•â•â•â•â•â•â•â•â•â•â•â•â•â•â•â•â•â•â•â•â•â•â•â•â•â•â•â•â•â•â•
The following message was thrown:
Multiple exceptions (2) were detected during the running of the current test, and at least one was
unexpected.
â•â•â•â•â•â•â•â•â•â•â•â•â•â•â•â•â•â•â•â•â•â•â•â•â•â•â•â•â•â•â•â•â•â•â•â•â•â•â•â•â•â•â•â•â•â•â•â•â•â•â•â•â•â•â•â•â•â•â•â•â•â•â•â•â•â•â•â•â•â•â•â•â•â•â•â•â•â•â•â•â•â•â•â•â•â•â•â•â•â•â•â•â•â•â•â•â•â•â•â•
01:55 +410 -8: E:/New folder (2)/papercraft/test/widgets/features/paper_review/pages/paper_review_page_test.dart: PaperReviewPage Widget Tests shows loading indicator when paper is loading [E]
  Test failed. See exception logs above.
  The test description was: shows loading indicator when paper is loading


To run this test again: C:\Users\Jahir\flutter\bin\cache\dart-sdk\bin\dart.exe test E:/New folder (2)/papercraft/test/widgets/features/paper_review/pages/paper_review_page_test.dart -p vm --plain-name "PaperReviewPage Widget Tests shows loading indicator when paper is loading"
01:55 +410 -8: E:/New folder (2)/papercraft/test/widgets/features/paper_creation/pages/question_paper_create_page_test.dart: QuestionPaperCreatePage Widget Tests shows error state when loading fails
â•â•â•¡ EXCEPTION CAUGHT BY WIDGETS LIBRARY â•â•â•â•â•â•â•â•â•â•â•â•â•â•â•â•â•â•â•â•â•â•â•â•â•â•â•â•â•â•â•â•â•â•â•â•â•â•â•â•â•â•â•â•â•â•â•â•â•â•â•â•â•â•â•â•â•â•â•â•
The following StateError was thrown building _InheritedProviderScope<TeacherPatternBloc?>:
Bad state: GetIt: Object/factory with type UserStateService is not registered inside GetIt.
(Did you accidentally do GetIt sl=GetIt.instance(); instead of GetIt sl=GetIt.instance;
Did you forget to register it?)

The relevant error-causing widget was:
  _InheritedProviderScope<TeacherPatternBloc?>
  _InheritedProviderScope:file:///C:/Users/Jahir/AppData/Local/Pub/Cache/hosted/pub.dev/provider-6.1.5+1/lib/src/inherited_provider.dart:164:12

When the exception was thrown, this was the stack:
#0      throwIfNot (package:get_it/get_it_impl.dart:14:19)
#1      _GetItImplementation._findRegistrationByNameAndType (package:get_it/get_it_impl.dart:583:5)
#2      _GetItImplementation._get (package:get_it/get_it_impl.dart:641:11)
#3      _GetItImplementation.get (package:get_it/get_it_impl.dart:608:12)
#4      _GetItImplementation.call (package:get_it/get_it_impl.dart:720:12)
#5      _CreatePageState._loadInitialData (package:papercraft/features/paper_creation/presentation/pages/question_paper_create_page.dart:93:32)
#6      _CreatePageState.initState (package:papercraft/features/paper_creation/presentation/pages/question_paper_create_page.dart:74:5)
#7      StatefulElement._firstBuild (package:flutter/src/widgets/framework.dart:5842:55)
#8      ComponentElement.mount (package:flutter/src/widgets/framework.dart:5691:5)
...     Normal element mounting (7 frames)
#15     _InheritedProviderScopeElement.mount (package:provider/src/inherited_provider.dart:424:11)
...     Normal element mounting (7 frames)
#22     SingleChildWidgetElementMixin.mount (package:nested/nested.dart:222:11)
...     Normal element mounting (7 frames)
#29     SingleChildWidgetElementMixin.mount (package:nested/nested.dart:222:11)
...     Normal element mounting (7 frames)
#36     _NestedHookElement.mount (package:nested/nested.dart:187:11)
...     Normal element mounting (7 frames)
#43     _InheritedProviderScopeElement.mount (package:provider/src/inherited_provider.dart:424:11)
...     Normal element mounting (7 frames)
#50     SingleChildWidgetElementMixin.mount (package:nested/nested.dart:222:11)
...     Normal element mounting (7 frames)
#57     SingleChildWidgetElementMixin.mount (package:nested/nested.dart:222:11)
...     Normal element mounting (7 frames)
#64     _NestedHookElement.mount (package:nested/nested.dart:187:11)
...     Normal element mounting (7 frames)
#71     _InheritedProviderScopeElement.mount (package:provider/src/inherited_provider.dart:424:11)
...     Normal element mounting (7 frames)
#78     SingleChildWidgetElementMixin.mount (package:nested/nested.dart:222:11)
...     Normal element mounting (7 frames)
#85     SingleChildWidgetElementMixin.mount (package:nested/nested.dart:222:11)
...     Normal element mounting (7 frames)
#92     _NestedHookElement.mount (package:nested/nested.dart:187:11)
...     Normal element mounting (7 frames)
#99     SingleChildWidgetElementMixin.mount (package:nested/nested.dart:222:11)
...     Normal element mounting (228 frames)
#327    Element.inflateWidget (package:flutter/src/widgets/framework.dart:4539:16)
#328    MultiChildRenderObjectElement.inflateWidget (package:flutter/src/widgets/framework.dart:7159:36)
#329    MultiChildRenderObjectElement.mount (package:flutter/src/widgets/framework.dart:7175:32)
...     Normal element mounting (457 frames)
#786    Element.inflateWidget (package:flutter/src/widgets/framework.dart:4539:16)
#787    Element.updateChild (package:flutter/src/widgets/framework.dart:3998:20)
#788    ComponentElement.performRebuild (package:flutter/src/widgets/framework.dart:5738:16)
#789    Element.rebuild (package:flutter/src/widgets/framework.dart:5427:7)
#790    ProxyElement.update (package:flutter/src/widgets/framework.dart:6041:5)
#791    _InheritedNotifierElement.update (package:flutter/src/widgets/inherited_notifier.dart:108:11)
#792    Element.updateChild (package:flutter/src/widgets/framework.dart:3982:15)
#793    ComponentElement.performRebuild (package:flutter/src/widgets/framework.dart:5738:16)
#794    StatefulElement.performRebuild (package:flutter/src/widgets/framework.dart:5874:11)
#795    Element.rebuild (package:flutter/src/widgets/framework.dart:5427:7)
#796    StatefulElement.update (package:flutter/src/widgets/framework.dart:5899:5)
#797    Element.updateChild (package:flutter/src/widgets/framework.dart:3982:15)
#798    ComponentElement.performRebuild (package:flutter/src/widgets/framework.dart:5738:16)
#799    Element.rebuild (package:flutter/src/widgets/framework.dart:5427:7)
#800    ProxyElement.update (package:flutter/src/widgets/framework.dart:6041:5)
#801    _InheritedNotifierElement.update (package:flutter/src/widgets/inherited_notifier.dart:108:11)
#802    Element.updateChild (package:flutter/src/widgets/framework.dart:3982:15)
#803    ComponentElement.performRebuild (package:flutter/src/widgets/framework.dart:5738:16)
#804    StatefulElement.performRebuild (package:flutter/src/widgets/framework.dart:5874:11)
#805    Element.rebuild (package:flutter/src/widgets/framework.dart:5427:7)
#806    StatefulElement.update (package:flutter/src/widgets/framework.dart:5899:5)
#807    Element.updateChild (package:flutter/src/widgets/framework.dart:3982:15)
#808    ComponentElement.performRebuild (package:flutter/src/widgets/framework.dart:5738:16)
#809    StatefulElement.performRebuild (package:flutter/src/widgets/framework.dart:5874:11)
#810    Element.rebuild (package:flutter/src/widgets/framework.dart:5427:7)
#811    StatefulElement.update (package:flutter/src/widgets/framework.dart:5899:5)
#812    Element.updateChild (package:flutter/src/widgets/framework.dart:3982:15)
#813    ComponentElement.performRebuild (package:flutter/src/widgets/framework.dart:5738:16)
#814    Element.rebuild (package:flutter/src/widgets/framework.dart:5427:7)
#815    ProxyElement.update (package:flutter/src/widgets/framework.dart:6041:5)
#816    Element.updateChild (package:flutter/src/widgets/framework.dart:3982:15)
#817    ComponentElement.performRebuild (package:flutter/src/widgets/framework.dart:5738:16)
#818    StatefulElement.performRebuild (package:flutter/src/widgets/framework.dart:5874:11)
#819    Element.rebuild (package:flutter/src/widgets/framework.dart:5427:7)
#820    StatefulElement.update (package:flutter/src/widgets/framework.dart:5899:5)
#821    Element.updateChild (package:flutter/src/widgets/framework.dart:3982:15)
#822    ComponentElement.performRebuild (package:flutter/src/widgets/framework.dart:5738:16)
#823    Element.rebuild (package:flutter/src/widgets/framework.dart:5427:7)
#824    ProxyElement.update (package:flutter/src/widgets/framework.dart:6041:5)
#825    Element.updateChild (package:flutter/src/widgets/framework.dart:3982:15)
#826    ComponentElement.performRebuild (package:flutter/src/widgets/framework.dart:5738:16)
#827    Element.rebuild (package:flutter/src/widgets/framework.dart:5427:7)
#828    ProxyElement.update (package:flutter/src/widgets/framework.dart:6041:5)
#829    Element.updateChild (package:flutter/src/widgets/framework.dart:3982:15)
#830    _RawViewElement._updateChild (package:flutter/src/widgets/view.dart:481:16)
#831    _RawViewElement.update (package:flutter/src/widgets/view.dart:569:5)
#832    Element.updateChild (package:flutter/src/widgets/framework.dart:3982:15)
#833    ComponentElement.performRebuild (package:flutter/src/widgets/framework.dart:5738:16)
#834    Element.rebuild (package:flutter/src/widgets/framework.dart:5427:7)
#835    StatelessElement.update (package:flutter/src/widgets/framework.dart:5787:5)
#836    Element.updateChild (package:flutter/src/widgets/framework.dart:3982:15)
#837    ComponentElement.performRebuild (package:flutter/src/widgets/framework.dart:5738:16)
#838    StatefulElement.performRebuild (package:flutter/src/widgets/framework.dart:5874:11)
#839    Element.rebuild (package:flutter/src/widgets/framework.dart:5427:7)
#840    StatefulElement.update (package:flutter/src/widgets/framework.dart:5899:5)
#841    Element.updateChild (package:flutter/src/widgets/framework.dart:3982:15)
#842    RootElement._rebuild (package:flutter/src/widgets/binding.dart:1698:16)
#843    RootElement.update (package:flutter/src/widgets/binding.dart:1676:5)
#844    RootElement.performRebuild (package:flutter/src/widgets/binding.dart:1690:7)
#845    Element.rebuild (package:flutter/src/widgets/framework.dart:5427:7)
#846    BuildScope._tryRebuild (package:flutter/src/widgets/framework.dart:2694:15)
#847    BuildScope._flushDirtyElements (package:flutter/src/widgets/framework.dart:2752:11)
#848    BuildOwner.buildScope (package:flutter/src/widgets/framework.dart:3056:18)
#849    AutomatedTestWidgetsFlutterBinding.drawFrame (package:flutter_test/src/binding.dart:1515:19)
#850    RendererBinding._handlePersistentFrameCallback (package:flutter/src/rendering/binding.dart:495:5)
#851    SchedulerBinding._invokeFrameCallback (package:flutter/src/scheduler/binding.dart:1438:15)
#852    SchedulerBinding.handleDrawFrame (package:flutter/src/scheduler/binding.dart:1351:9)
#853    AutomatedTestWidgetsFlutterBinding.pump.<anonymous closure> (package:flutter_test/src/binding.dart:1340:9)
#856    TestAsyncUtils.guard (package:flutter_test/src/test_async_utils.dart:74:41)
#857    AutomatedTestWidgetsFlutterBinding.pump (package:flutter_test/src/binding.dart:1329:27)
#858    WidgetTester.pumpWidget.<anonymous closure> (package:flutter_test/src/widget_tester.dart:599:22)
#861    TestAsyncUtils.guard (package:flutter_test/src/test_async_utils.dart:74:41)
#862    WidgetTester.pumpWidget (package:flutter_test/src/widget_tester.dart:596:27)
#863    main.<anonymous closure>.<anonymous closure> (file:///E:/New%20folder%20(2)/papercraft/test/widgets/features/paper_creation/pages/question_paper_create_page_test.dart:179:20)
#864    testWidgets.<anonymous closure>.<anonymous closure> (package:flutter_test/src/widget_tester.dart:193:29)
<asynchronous suspension>
#865    TestWidgetsFlutterBinding._runTestBody (package:flutter_test/src/binding.dart:1064:5)
<asynchronous suspension>
<asynchronous suspension>
(elided 5 frames from dart:async and package:stack_trace)

â•â•â•â•â•â•â•â•â•â•â•â•â•â•â•â•â•â•â•â•â•â•â•â•â•â•â•â•â•â•â•â•â•â•â•â•â•â•â•â•â•â•â•â•â•â•â•â•â•â•â•â•â•â•â•â•â•â•â•â•â•â•â•â•â•â•â•â•â•â•â•â•â•â•â•â•â•â•â•â•â•â•â•â•â•â•â•â•â•â•â•â•â•â•â•â•â•â•â•â•
â•â•â•¡ EXCEPTION CAUGHT BY FLUTTER TEST FRAMEWORK â•â•â•â•â•â•â•â•â•â•â•â•â•â•â•â•â•â•â•â•â•â•â•â•â•â•â•â•â•â•â•â•â•â•â•â•â•â•â•â•â•â•â•â•â•â•â•â•â•â•â•â•â•
The following TestFailure was thrown running a test:
Expected: exactly one matching candidate
  Actual: _TextWidgetFinder:<Found 0 widgets with text "Failed to load grades": []>
   Which: means none were found but one was expected

When the exception was thrown, this was the stack:
#4      main.<anonymous closure>.<anonymous closure> (file:///E:/New%20folder%20(2)/papercraft/test/widgets/features/paper_creation/pages/question_paper_create_page_test.dart:182:7)
<asynchronous suspension>
#5      testWidgets.<anonymous closure>.<anonymous closure> (package:flutter_test/src/widget_tester.dart:193:15)
<asynchronous suspension>
#6      TestWidgetsFlutterBinding._runTestBody (package:flutter_test/src/binding.dart:1064:5)
<asynchronous suspension>
<asynchronous suspension>
(elided one frame from package:stack_trace)

This was caught by the test expectation on the following line:
  file:///E:/New%20folder%20(2)/papercraft/test/widgets/features/paper_creation/pages/question_paper_create_page_test.dart line 182
The test description was:
  shows error state when loading fails
â•â•â•â•â•â•â•â•â•â•â•â•â•â•â•â•â•â•â•â•â•â•â•â•â•â•â•â•â•â•â•â•â•â•â•â•â•â•â•â•â•â•â•â•â•â•â•â•â•â•â•â•â•â•â•â•â•â•â•â•â•â•â•â•â•â•â•â•â•â•â•â•â•â•â•â•â•â•â•â•â•â•â•â•â•â•â•â•â•â•â•â•â•â•â•â•â•â•â•â•
â•â•â•¡ EXCEPTION CAUGHT BY FLUTTER TEST FRAMEWORK â•â•â•â•â•â•â•â•â•â•â•â•â•â•â•â•â•â•â•â•â•â•â•â•â•â•â•â•â•â•â•â•â•â•â•â•â•â•â•â•â•â•â•â•â•â•â•â•â•â•â•â•â•
The following message was thrown:
Multiple exceptions (2) were detected during the running of the current test, and at least one was
unexpected.
â•â•â•â•â•â•â•â•â•â•â•â•â•â•â•â•â•â•â•â•â•â•â•â•â•â•â•â•â•â•â•â•â•â•â•â•â•â•â•â•â•â•â•â•â•â•â•â•â•â•â•â•â•â•â•â•â•â•â•â•â•â•â•â•â•â•â•â•â•â•â•â•â•â•â•â•â•â•â•â•â•â•â•â•â•â•â•â•â•â•â•â•â•â•â•â•â•â•â•â•
01:55 +410 -9: E:/New folder (2)/papercraft/test/widgets/features/paper_creation/pages/question_paper_create_page_test.dart: QuestionPaperCreatePage Widget Tests shows error state when loading fails [E]
  Test failed. See exception logs above.
  The test description was: shows error state when loading fails


To run this test again: C:\Users\Jahir\flutter\bin\cache\dart-sdk\bin\dart.exe test E:/New folder (2)/papercraft/test/widgets/features/paper_creation/pages/question_paper_create_page_test.dart -p vm --plain-name "QuestionPaperCreatePage Widget Tests shows error state when loading fails"
01:55 +410 -9: E:/New folder (2)/papercraft/test/widgets/features/paper_review/pages/paper_review_page_test.dart: PaperReviewPage Widget Tests shows paper details when loaded
â•â•â•¡ EXCEPTION CAUGHT BY WIDGETS LIBRARY â•â•â•â•â•â•â•â•â•â•â•â•â•â•â•â•â•â•â•â•â•â•â•â•â•â•â•â•â•â•â•â•â•â•â•â•â•â•â•â•â•â•â•â•â•â•â•â•â•â•â•â•â•â•â•â•â•â•â•â•
The following StateError was thrown building _InheritedProviderScope<QuestionPaperBloc?>:
Bad state: GetIt: Object/factory with type UserStateService is not registered inside GetIt.
(Did you accidentally do GetIt sl=GetIt.instance(); instead of GetIt sl=GetIt.instance;
Did you forget to register it?)

The relevant error-causing widget was:
  _InheritedProviderScope<QuestionPaperBloc?>
  _InheritedProviderScope:file:///C:/Users/Jahir/AppData/Local/Pub/Cache/hosted/pub.dev/provider-6.1.5+1/lib/src/inherited_provider.dart:164:12

When the exception was thrown, this was the stack:
#0      throwIfNot (package:get_it/get_it_impl.dart:14:19)
#1      _GetItImplementation._findRegistrationByNameAndType (package:get_it/get_it_impl.dart:583:5)
#2      _GetItImplementation._get (package:get_it/get_it_impl.dart:641:11)
#3      _GetItImplementation.get (package:get_it/get_it_impl.dart:608:12)
#4      _GetItImplementation.call (package:get_it/get_it_impl.dart:720:12)
#5      _PaperReviewPageState._checkAdminAndLoad (package:papercraft/features/paper_review/presentation/pages/paper_review_page.dart:48:23)
#6      _PaperReviewPageState.initState (package:papercraft/features/paper_review/presentation/pages/paper_review_page.dart:38:5)
#7      StatefulElement._firstBuild (package:flutter/src/widgets/framework.dart:5842:55)
#8      ComponentElement.mount (package:flutter/src/widgets/framework.dart:5691:5)
...     Normal element mounting (7 frames)
#15     _InheritedProviderScopeElement.mount (package:provider/src/inherited_provider.dart:424:11)
...     Normal element mounting (7 frames)
#22     SingleChildWidgetElementMixin.mount (package:nested/nested.dart:222:11)
...     Normal element mounting (7 frames)
#29     SingleChildWidgetElementMixin.mount (package:nested/nested.dart:222:11)
...     Normal element mounting (228 frames)
#257    Element.inflateWidget (package:flutter/src/widgets/framework.dart:4539:16)
#258    MultiChildRenderObjectElement.inflateWidget (package:flutter/src/widgets/framework.dart:7159:36)
#259    MultiChildRenderObjectElement.mount (package:flutter/src/widgets/framework.dart:7175:32)
...     Normal element mounting (457 frames)
#716    Element.inflateWidget (package:flutter/src/widgets/framework.dart:4539:16)
#717    Element.updateChild (package:flutter/src/widgets/framework.dart:3998:20)
#718    ComponentElement.performRebuild (package:flutter/src/widgets/framework.dart:5738:16)
#719    Element.rebuild (package:flutter/src/widgets/framework.dart:5427:7)
#720    ProxyElement.update (package:flutter/src/widgets/framework.dart:6041:5)
#721    _InheritedNotifierElement.update (package:flutter/src/widgets/inherited_notifier.dart:108:11)
#722    Element.updateChild (package:flutter/src/widgets/framework.dart:3982:15)
#723    ComponentElement.performRebuild (package:flutter/src/widgets/framework.dart:5738:16)
#724    StatefulElement.performRebuild (package:flutter/src/widgets/framework.dart:5874:11)
#725    Element.rebuild (package:flutter/src/widgets/framework.dart:5427:7)
#726    StatefulElement.update (package:flutter/src/widgets/framework.dart:5899:5)
#727    Element.updateChild (package:flutter/src/widgets/framework.dart:3982:15)
#728    ComponentElement.performRebuild (package:flutter/src/widgets/framework.dart:5738:16)
#729    Element.rebuild (package:flutter/src/widgets/framework.dart:5427:7)
#730    ProxyElement.update (package:flutter/src/widgets/framework.dart:6041:5)
#731    _InheritedNotifierElement.update (package:flutter/src/widgets/inherited_notifier.dart:108:11)
#732    Element.updateChild (package:flutter/src/widgets/framework.dart:3982:15)
#733    ComponentElement.performRebuild (package:flutter/src/widgets/framework.dart:5738:16)
#734    StatefulElement.performRebuild (package:flutter/src/widgets/framework.dart:5874:11)
#735    Element.rebuild (package:flutter/src/widgets/framework.dart:5427:7)
#736    StatefulElement.update (package:flutter/src/widgets/framework.dart:5899:5)
#737    Element.updateChild (package:flutter/src/widgets/framework.dart:3982:15)
#738    ComponentElement.performRebuild (package:flutter/src/widgets/framework.dart:5738:16)
#739    StatefulElement.performRebuild (package:flutter/src/widgets/framework.dart:5874:11)
#740    Element.rebuild (package:flutter/src/widgets/framework.dart:5427:7)
#741    StatefulElement.update (package:flutter/src/widgets/framework.dart:5899:5)
#742    Element.updateChild (package:flutter/src/widgets/framework.dart:3982:15)
#743    ComponentElement.performRebuild (package:flutter/src/widgets/framework.dart:5738:16)
#744    Element.rebuild (package:flutter/src/widgets/framework.dart:5427:7)
#745    ProxyElement.update (package:flutter/src/widgets/framework.dart:6041:5)
#746    Element.updateChild (package:flutter/src/widgets/framework.dart:3982:15)
#747    ComponentElement.performRebuild (package:flutter/src/widgets/framework.dart:5738:16)
#748    StatefulElement.performRebuild (package:flutter/src/widgets/framework.dart:5874:11)
#749    Element.rebuild (package:flutter/src/widgets/framework.dart:5427:7)
#750    StatefulElement.update (package:flutter/src/widgets/framework.dart:5899:5)
#751    Element.updateChild (package:flutter/src/widgets/framework.dart:3982:15)
#752    ComponentElement.performRebuild (package:flutter/src/widgets/framework.dart:5738:16)
#753    Element.rebuild (package:flutter/src/widgets/framework.dart:5427:7)
#754    ProxyElement.update (package:flutter/src/widgets/framework.dart:6041:5)
#755    Element.updateChild (package:flutter/src/widgets/framework.dart:3982:15)
#756    ComponentElement.performRebuild (package:flutter/src/widgets/framework.dart:5738:16)
#757    Element.rebuild (package:flutter/src/widgets/framework.dart:5427:7)
#758    ProxyElement.update (package:flutter/src/widgets/framework.dart:6041:5)
#759    Element.updateChild (package:flutter/src/widgets/framework.dart:3982:15)
#760    _RawViewElement._updateChild (package:flutter/src/widgets/view.dart:481:16)
#761    _RawViewElement.update (package:flutter/src/widgets/view.dart:569:5)
#762    Element.updateChild (package:flutter/src/widgets/framework.dart:3982:15)
#763    ComponentElement.performRebuild (package:flutter/src/widgets/framework.dart:5738:16)
#764    Element.rebuild (package:flutter/src/widgets/framework.dart:5427:7)
#765    StatelessElement.update (package:flutter/src/widgets/framework.dart:5787:5)
#766    Element.updateChild (package:flutter/src/widgets/framework.dart:3982:15)
#767    ComponentElement.performRebuild (package:flutter/src/widgets/framework.dart:5738:16)
#768    StatefulElement.performRebuild (package:flutter/src/widgets/framework.dart:5874:11)
#769    Element.rebuild (package:flutter/src/widgets/framework.dart:5427:7)
#770    StatefulElement.update (package:flutter/src/widgets/framework.dart:5899:5)
#771    Element.updateChild (package:flutter/src/widgets/framework.dart:3982:15)
#772    RootElement._rebuild (package:flutter/src/widgets/binding.dart:1698:16)
#773    RootElement.update (package:flutter/src/widgets/binding.dart:1676:5)
#774    RootElement.performRebuild (package:flutter/src/widgets/binding.dart:1690:7)
#775    Element.rebuild (package:flutter/src/widgets/framework.dart:5427:7)
#776    BuildScope._tryRebuild (package:flutter/src/widgets/framework.dart:2694:15)
#777    BuildScope._flushDirtyElements (package:flutter/src/widgets/framework.dart:2752:11)
#778    BuildOwner.buildScope (package:flutter/src/widgets/framework.dart:3056:18)
#779    AutomatedTestWidgetsFlutterBinding.drawFrame (package:flutter_test/src/binding.dart:1515:19)
#780    RendererBinding._handlePersistentFrameCallback (package:flutter/src/rendering/binding.dart:495:5)
#781    SchedulerBinding._invokeFrameCallback (package:flutter/src/scheduler/binding.dart:1438:15)
#782    SchedulerBinding.handleDrawFrame (package:flutter/src/scheduler/binding.dart:1351:9)
#783    AutomatedTestWidgetsFlutterBinding.pump.<anonymous closure> (package:flutter_test/src/binding.dart:1340:9)
#786    TestAsyncUtils.guard (package:flutter_test/src/test_async_utils.dart:74:41)
#787    AutomatedTestWidgetsFlutterBinding.pump (package:flutter_test/src/binding.dart:1329:27)
#788    WidgetTester.pumpWidget.<anonymous closure> (package:flutter_test/src/widget_tester.dart:599:22)
#791    TestAsyncUtils.guard (package:flutter_test/src/test_async_utils.dart:74:41)
#792    WidgetTester.pumpWidget (package:flutter_test/src/widget_tester.dart:596:27)
#793    main.<anonymous closure>.<anonymous closure> (file:///E:/New%20folder%20(2)/papercraft/test/widgets/features/paper_review/pages/paper_review_page_test.dart:79:20)
#794    testWidgets.<anonymous closure>.<anonymous closure> (package:flutter_test/src/widget_tester.dart:193:29)
<asynchronous suspension>
#795    TestWidgetsFlutterBinding._runTestBody (package:flutter_test/src/binding.dart:1064:5)
<asynchronous suspension>
<asynchronous suspension>
(elided 5 frames from dart:async and package:stack_trace)

â•â•â•â•â•â•â•â•â•â•â•â•â•â•â•â•â•â•â•â•â•â•â•â•â•â•â•â•â•â•â•â•â•â•â•â•â•â•â•â•â•â•â•â•â•â•â•â•â•â•â•â•â•â•â•â•â•â•â•â•â•â•â•â•â•â•â•â•â•â•â•â•â•â•â•â•â•â•â•â•â•â•â•â•â•â•â•â•â•â•â•â•â•â•â•â•â•â•â•â•
â•â•â•¡ EXCEPTION CAUGHT BY FLUTTER TEST FRAMEWORK â•â•â•â•â•â•â•â•â•â•â•â•â•â•â•â•â•â•â•â•â•â•â•â•â•â•â•â•â•â•â•â•â•â•â•â•â•â•â•â•â•â•â•â•â•â•â•â•â•â•â•â•â•
The following TestFailure was thrown running a test:
Expected: exactly one matching candidate
  Actual: _TextWidgetFinder:<Found 0 widgets with text "Mathematics Final Exam": []>
   Which: means none were found but one was expected

When the exception was thrown, this was the stack:
#4      main.<anonymous closure>.<anonymous closure> (file:///E:/New%20folder%20(2)/papercraft/test/widgets/features/paper_review/pages/paper_review_page_test.dart:85:7)
<asynchronous suspension>
#5      testWidgets.<anonymous closure>.<anonymous closure> (package:flutter_test/src/widget_tester.dart:193:15)
<asynchronous suspension>
#6      TestWidgetsFlutterBinding._runTestBody (package:flutter_test/src/binding.dart:1064:5)
<asynchronous suspension>
<asynchronous suspension>
(elided one frame from package:stack_trace)

This was caught by the test expectation on the following line:
  file:///E:/New%20folder%20(2)/papercraft/test/widgets/features/paper_review/pages/paper_review_page_test.dart line 85
The test description was:
  shows paper details when loaded
â•â•â•â•â•â•â•â•â•â•â•â•â•â•â•â•â•â•â•â•â•â•â•â•â•â•â•â•â•â•â•â•â•â•â•â•â•â•â•â•â•â•â•â•â•â•â•â•â•â•â•â•â•â•â•â•â•â•â•â•â•â•â•â•â•â•â•â•â•â•â•â•â•â•â•â•â•â•â•â•â•â•â•â•â•â•â•â•â•â•â•â•â•â•â•â•â•â•â•â•
â•â•â•¡ EXCEPTION CAUGHT BY FLUTTER TEST FRAMEWORK â•â•â•â•â•â•â•â•â•â•â•â•â•â•â•â•â•â•â•â•â•â•â•â•â•â•â•â•â•â•â•â•â•â•â•â•â•â•â•â•â•â•â•â•â•â•â•â•â•â•â•â•â•
The following message was thrown:
Multiple exceptions (2) were detected during the running of the current test, and at least one was
unexpected.
â•â•â•â•â•â•â•â•â•â•â•â•â•â•â•â•â•â•â•â•â•â•â•â•â•â•â•â•â•â•â•â•â•â•â•â•â•â•â•â•â•â•â•â•â•â•â•â•â•â•â•â•â•â•â•â•â•â•â•â•â•â•â•â•â•â•â•â•â•â•â•â•â•â•â•â•â•â•â•â•â•â•â•â•â•â•â•â•â•â•â•â•â•â•â•â•â•â•â•â•
01:55 +410 -10: E:/New folder (2)/papercraft/test/widgets/features/paper_review/pages/paper_review_page_test.dart: PaperReviewPage Widget Tests shows paper details when loaded [E]
  Test failed. See exception logs above.
  The test description was: shows paper details when loaded


To run this test again: C:\Users\Jahir\flutter\bin\cache\dart-sdk\bin\dart.exe test E:/New folder (2)/papercraft/test/widgets/features/paper_review/pages/paper_review_page_test.dart -p vm --plain-name "PaperReviewPage Widget Tests shows paper details when loaded"
01:55 +410 -10: E:/New folder (2)/papercraft/test/widgets/features/paper_creation/pages/question_paper_create_page_test.dart: QuestionPaperCreatePage Widget Tests has back button
â•â•â•¡ EXCEPTION CAUGHT BY WIDGETS LIBRARY â•â•â•â•â•â•â•â•â•â•â•â•â•â•â•â•â•â•â•â•â•â•â•â•â•â•â•â•â•â•â•â•â•â•â•â•â•â•â•â•â•â•â•â•â•â•â•â•â•â•â•â•â•â•â•â•â•â•â•â•
The following StateError was thrown building _InheritedProviderScope<TeacherPatternBloc?>:
Bad state: GetIt: Object/factory with type UserStateService is not registered inside GetIt.
(Did you accidentally do GetIt sl=GetIt.instance(); instead of GetIt sl=GetIt.instance;
Did you forget to register it?)

The relevant error-causing widget was:
  _InheritedProviderScope<TeacherPatternBloc?>
  _InheritedProviderScope:file:///C:/Users/Jahir/AppData/Local/Pub/Cache/hosted/pub.dev/provider-6.1.5+1/lib/src/inherited_provider.dart:164:12

When the exception was thrown, this was the stack:
#0      throwIfNot (package:get_it/get_it_impl.dart:14:19)
#1      _GetItImplementation._findRegistrationByNameAndType (package:get_it/get_it_impl.dart:583:5)
#2      _GetItImplementation._get (package:get_it/get_it_impl.dart:641:11)
#3      _GetItImplementation.get (package:get_it/get_it_impl.dart:608:12)
#4      _GetItImplementation.call (package:get_it/get_it_impl.dart:720:12)
#5      _CreatePageState._loadInitialData (package:papercraft/features/paper_creation/presentation/pages/question_paper_create_page.dart:93:32)
#6      _CreatePageState.initState (package:papercraft/features/paper_creation/presentation/pages/question_paper_create_page.dart:74:5)
#7      StatefulElement._firstBuild (package:flutter/src/widgets/framework.dart:5842:55)
#8      ComponentElement.mount (package:flutter/src/widgets/framework.dart:5691:5)
...     Normal element mounting (7 frames)
#15     _InheritedProviderScopeElement.mount (package:provider/src/inherited_provider.dart:424:11)
...     Normal element mounting (7 frames)
#22     SingleChildWidgetElementMixin.mount (package:nested/nested.dart:222:11)
...     Normal element mounting (7 frames)
#29     SingleChildWidgetElementMixin.mount (package:nested/nested.dart:222:11)
...     Normal element mounting (7 frames)
#36     _NestedHookElement.mount (package:nested/nested.dart:187:11)
...     Normal element mounting (7 frames)
#43     _InheritedProviderScopeElement.mount (package:provider/src/inherited_provider.dart:424:11)
...     Normal element mounting (7 frames)
#50     SingleChildWidgetElementMixin.mount (package:nested/nested.dart:222:11)
...     Normal element mounting (7 frames)
#57     SingleChildWidgetElementMixin.mount (package:nested/nested.dart:222:11)
...     Normal element mounting (7 frames)
#64     _NestedHookElement.mount (package:nested/nested.dart:187:11)
...     Normal element mounting (7 frames)
#71     _InheritedProviderScopeElement.mount (package:provider/src/inherited_provider.dart:424:11)
...     Normal element mounting (7 frames)
#78     SingleChildWidgetElementMixin.mount (package:nested/nested.dart:222:11)
...     Normal element mounting (7 frames)
#85     SingleChildWidgetElementMixin.mount (package:nested/nested.dart:222:11)
...     Normal element mounting (7 frames)
#92     _NestedHookElement.mount (package:nested/nested.dart:187:11)
...     Normal element mounting (7 frames)
#99     SingleChildWidgetElementMixin.mount (package:nested/nested.dart:222:11)
...     Normal element mounting (228 frames)
#327    Element.inflateWidget (package:flutter/src/widgets/framework.dart:4539:16)
#328    MultiChildRenderObjectElement.inflateWidget (package:flutter/src/widgets/framework.dart:7159:36)
#329    MultiChildRenderObjectElement.mount (package:flutter/src/widgets/framework.dart:7175:32)
...     Normal element mounting (457 frames)
#786    Element.inflateWidget (package:flutter/src/widgets/framework.dart:4539:16)
#787    Element.updateChild (package:flutter/src/widgets/framework.dart:3998:20)
#788    ComponentElement.performRebuild (package:flutter/src/widgets/framework.dart:5738:16)
#789    Element.rebuild (package:flutter/src/widgets/framework.dart:5427:7)
#790    ProxyElement.update (package:flutter/src/widgets/framework.dart:6041:5)
#791    _InheritedNotifierElement.update (package:flutter/src/widgets/inherited_notifier.dart:108:11)
#792    Element.updateChild (package:flutter/src/widgets/framework.dart:3982:15)
#793    ComponentElement.performRebuild (package:flutter/src/widgets/framework.dart:5738:16)
#794    StatefulElement.performRebuild (package:flutter/src/widgets/framework.dart:5874:11)
#795    Element.rebuild (package:flutter/src/widgets/framework.dart:5427:7)
#796    StatefulElement.update (package:flutter/src/widgets/framework.dart:5899:5)
#797    Element.updateChild (package:flutter/src/widgets/framework.dart:3982:15)
#798    ComponentElement.performRebuild (package:flutter/src/widgets/framework.dart:5738:16)
#799    Element.rebuild (package:flutter/src/widgets/framework.dart:5427:7)
#800    ProxyElement.update (package:flutter/src/widgets/framework.dart:6041:5)
#801    _InheritedNotifierElement.update (package:flutter/src/widgets/inherited_notifier.dart:108:11)
#802    Element.updateChild (package:flutter/src/widgets/framework.dart:3982:15)
#803    ComponentElement.performRebuild (package:flutter/src/widgets/framework.dart:5738:16)
#804    StatefulElement.performRebuild (package:flutter/src/widgets/framework.dart:5874:11)
#805    Element.rebuild (package:flutter/src/widgets/framework.dart:5427:7)
#806    StatefulElement.update (package:flutter/src/widgets/framework.dart:5899:5)
#807    Element.updateChild (package:flutter/src/widgets/framework.dart:3982:15)
#808    ComponentElement.performRebuild (package:flutter/src/widgets/framework.dart:5738:16)
#809    StatefulElement.performRebuild (package:flutter/src/widgets/framework.dart:5874:11)
#810    Element.rebuild (package:flutter/src/widgets/framework.dart:5427:7)
#811    StatefulElement.update (package:flutter/src/widgets/framework.dart:5899:5)
#812    Element.updateChild (package:flutter/src/widgets/framework.dart:3982:15)
#813    ComponentElement.performRebuild (package:flutter/src/widgets/framework.dart:5738:16)
#814    Element.rebuild (package:flutter/src/widgets/framework.dart:5427:7)
#815    ProxyElement.update (package:flutter/src/widgets/framework.dart:6041:5)
#816    Element.updateChild (package:flutter/src/widgets/framework.dart:3982:15)
#817    ComponentElement.performRebuild (package:flutter/src/widgets/framework.dart:5738:16)
#818    StatefulElement.performRebuild (package:flutter/src/widgets/framework.dart:5874:11)
#819    Element.rebuild (package:flutter/src/widgets/framework.dart:5427:7)
#820    StatefulElement.update (package:flutter/src/widgets/framework.dart:5899:5)
#821    Element.updateChild (package:flutter/src/widgets/framework.dart:3982:15)
#822    ComponentElement.performRebuild (package:flutter/src/widgets/framework.dart:5738:16)
#823    Element.rebuild (package:flutter/src/widgets/framework.dart:5427:7)
#824    ProxyElement.update (package:flutter/src/widgets/framework.dart:6041:5)
#825    Element.updateChild (package:flutter/src/widgets/framework.dart:3982:15)
#826    ComponentElement.performRebuild (package:flutter/src/widgets/framework.dart:5738:16)
#827    Element.rebuild (package:flutter/src/widgets/framework.dart:5427:7)
#828    ProxyElement.update (package:flutter/src/widgets/framework.dart:6041:5)
#829    Element.updateChild (package:flutter/src/widgets/framework.dart:3982:15)
#830    _RawViewElement._updateChild (package:flutter/src/widgets/view.dart:481:16)
#831    _RawViewElement.update (package:flutter/src/widgets/view.dart:569:5)
#832    Element.updateChild (package:flutter/src/widgets/framework.dart:3982:15)
#833    ComponentElement.performRebuild (package:flutter/src/widgets/framework.dart:5738:16)
#834    Element.rebuild (package:flutter/src/widgets/framework.dart:5427:7)
#835    StatelessElement.update (package:flutter/src/widgets/framework.dart:5787:5)
#836    Element.updateChild (package:flutter/src/widgets/framework.dart:3982:15)
#837    ComponentElement.performRebuild (package:flutter/src/widgets/framework.dart:5738:16)
#838    StatefulElement.performRebuild (package:flutter/src/widgets/framework.dart:5874:11)
#839    Element.rebuild (package:flutter/src/widgets/framework.dart:5427:7)
#840    StatefulElement.update (package:flutter/src/widgets/framework.dart:5899:5)
#841    Element.updateChild (package:flutter/src/widgets/framework.dart:3982:15)
#842    RootElement._rebuild (package:flutter/src/widgets/binding.dart:1698:16)
#843    RootElement.update (package:flutter/src/widgets/binding.dart:1676:5)
#844    RootElement.performRebuild (package:flutter/src/widgets/binding.dart:1690:7)
#845    Element.rebuild (package:flutter/src/widgets/framework.dart:5427:7)
#846    BuildScope._tryRebuild (package:flutter/src/widgets/framework.dart:2694:15)
#847    BuildScope._flushDirtyElements (package:flutter/src/widgets/framework.dart:2752:11)
#848    BuildOwner.buildScope (package:flutter/src/widgets/framework.dart:3056:18)
#849    AutomatedTestWidgetsFlutterBinding.drawFrame (package:flutter_test/src/binding.dart:1515:19)
#850    RendererBinding._handlePersistentFrameCallback (package:flutter/src/rendering/binding.dart:495:5)
#851    SchedulerBinding._invokeFrameCallback (package:flutter/src/scheduler/binding.dart:1438:15)
#852    SchedulerBinding.handleDrawFrame (package:flutter/src/scheduler/binding.dart:1351:9)
#853    AutomatedTestWidgetsFlutterBinding.pump.<anonymous closure> (package:flutter_test/src/binding.dart:1340:9)
#856    TestAsyncUtils.guard (package:flutter_test/src/test_async_utils.dart:74:41)
#857    AutomatedTestWidgetsFlutterBinding.pump (package:flutter_test/src/binding.dart:1329:27)
#858    WidgetTester.pumpWidget.<anonymous closure> (package:flutter_test/src/widget_tester.dart:599:22)
#861    TestAsyncUtils.guard (package:flutter_test/src/test_async_utils.dart:74:41)
#862    WidgetTester.pumpWidget (package:flutter_test/src/widget_tester.dart:596:27)
#863    main.<anonymous closure>.<anonymous closure> (file:///E:/New%20folder%20(2)/papercraft/test/widgets/features/paper_creation/pages/question_paper_create_page_test.dart:211:20)
#864    testWidgets.<anonymous closure>.<anonymous closure> (package:flutter_test/src/widget_tester.dart:193:29)
<asynchronous suspension>
#865    TestWidgetsFlutterBinding._runTestBody (package:flutter_test/src/binding.dart:1064:5)
<asynchronous suspension>
<asynchronous suspension>
(elided 5 frames from dart:async and package:stack_trace)

â•â•â•â•â•â•â•â•â•â•â•â•â•â•â•â•â•â•â•â•â•â•â•â•â•â•â•â•â•â•â•â•â•â•â•â•â•â•â•â•â•â•â•â•â•â•â•â•â•â•â•â•â•â•â•â•â•â•â•â•â•â•â•â•â•â•â•â•â•â•â•â•â•â•â•â•â•â•â•â•â•â•â•â•â•â•â•â•â•â•â•â•â•â•â•â•â•â•â•â•
â•â•â•¡ EXCEPTION CAUGHT BY FLUTTER TEST FRAMEWORK â•â•â•â•â•â•â•â•â•â•â•â•â•â•â•â•â•â•â•â•â•â•â•â•â•â•â•â•â•â•â•â•â•â•â•â•â•â•â•â•â•â•â•â•â•â•â•â•â•â•â•â•â•
The following TestFailure was thrown running a test:
Expected: exactly one matching candidate
  Actual: _IconWidgetFinder:<Found 0 widgets with icon "IconData(U+0E092)": []>
   Which: means none were found but one was expected

When the exception was thrown, this was the stack:
#4      main.<anonymous closure>.<anonymous closure> (file:///E:/New%20folder%20(2)/papercraft/test/widgets/features/paper_creation/pages/question_paper_create_page_test.dart:215:7)
<asynchronous suspension>
#5      testWidgets.<anonymous closure>.<anonymous closure> (package:flutter_test/src/widget_tester.dart:193:15)
<asynchronous suspension>
#6      TestWidgetsFlutterBinding._runTestBody (package:flutter_test/src/binding.dart:1064:5)
<asynchronous suspension>
<asynchronous suspension>
(elided one frame from package:stack_trace)

This was caught by the test expectation on the following line:
  file:///E:/New%20folder%20(2)/papercraft/test/widgets/features/paper_creation/pages/question_paper_create_page_test.dart line 215
The test description was:
  has back button
â•â•â•â•â•â•â•â•â•â•â•â•â•â•â•â•â•â•â•â•â•â•â•â•â•â•â•â•â•â•â•â•â•â•â•â•â•â•â•â•â•â•â•â•â•â•â•â•â•â•â•â•â•â•â•â•â•â•â•â•â•â•â•â•â•â•â•â•â•â•â•â•â•â•â•â•â•â•â•â•â•â•â•â•â•â•â•â•â•â•â•â•â•â•â•â•â•â•â•â•
â•â•â•¡ EXCEPTION CAUGHT BY FLUTTER TEST FRAMEWORK â•â•â•â•â•â•â•â•â•â•â•â•â•â•â•â•â•â•â•â•â•â•â•â•â•â•â•â•â•â•â•â•â•â•â•â•â•â•â•â•â•â•â•â•â•â•â•â•â•â•â•â•â•
The following message was thrown:
Multiple exceptions (2) were detected during the running of the current test, and at least one was
unexpected.
â•â•â•â•â•â•â•â•â•â•â•â•â•â•â•â•â•â•â•â•â•â•â•â•â•â•â•â•â•â•â•â•â•â•â•â•â•â•â•â•â•â•â•â•â•â•â•â•â•â•â•â•â•â•â•â•â•â•â•â•â•â•â•â•â•â•â•â•â•â•â•â•â•â•â•â•â•â•â•â•â•â•â•â•â•â•â•â•â•â•â•â•â•â•â•â•â•â•â•â•
01:56 +410 -11: E:/New folder (2)/papercraft/test/widgets/features/paper_creation/pages/question_paper_create_page_test.dart: QuestionPaperCreatePage Widget Tests has back button [E]
  Test failed. See exception logs above.
  The test description was: has back button


To run this test again: C:\Users\Jahir\flutter\bin\cache\dart-sdk\bin\dart.exe test E:/New folder (2)/papercraft/test/widgets/features/paper_creation/pages/question_paper_create_page_test.dart -p vm --plain-name "QuestionPaperCreatePage Widget Tests has back button"
01:56 +410 -11: E:/New folder (2)/papercraft/test/widgets/features/paper_review/pages/paper_review_page_test.dart: PaperReviewPage Widget Tests shows error message when loading fails
â•â•â•¡ EXCEPTION CAUGHT BY WIDGETS LIBRARY â•â•â•â•â•â•â•â•â•â•â•â•â•â•â•â•â•â•â•â•â•â•â•â•â•â•â•â•â•â•â•â•â•â•â•â•â•â•â•â•â•â•â•â•â•â•â•â•â•â•â•â•â•â•â•â•â•â•â•â•
The following StateError was thrown building _InheritedProviderScope<QuestionPaperBloc?>:
Bad state: GetIt: Object/factory with type UserStateService is not registered inside GetIt.
(Did you accidentally do GetIt sl=GetIt.instance(); instead of GetIt sl=GetIt.instance;
Did you forget to register it?)

The relevant error-causing widget was:
  _InheritedProviderScope<QuestionPaperBloc?>
  _InheritedProviderScope:file:///C:/Users/Jahir/AppData/Local/Pub/Cache/hosted/pub.dev/provider-6.1.5+1/lib/src/inherited_provider.dart:164:12

When the exception was thrown, this was the stack:
#0      throwIfNot (package:get_it/get_it_impl.dart:14:19)
#1      _GetItImplementation._findRegistrationByNameAndType (package:get_it/get_it_impl.dart:583:5)
#2      _GetItImplementation._get (package:get_it/get_it_impl.dart:641:11)
#3      _GetItImplementation.get (package:get_it/get_it_impl.dart:608:12)
#4      _GetItImplementation.call (package:get_it/get_it_impl.dart:720:12)
#5      _PaperReviewPageState._checkAdminAndLoad (package:papercraft/features/paper_review/presentation/pages/paper_review_page.dart:48:23)
#6      _PaperReviewPageState.initState (package:papercraft/features/paper_review/presentation/pages/paper_review_page.dart:38:5)
#7      StatefulElement._firstBuild (package:flutter/src/widgets/framework.dart:5842:55)
#8      ComponentElement.mount (package:flutter/src/widgets/framework.dart:5691:5)
...     Normal element mounting (7 frames)
#15     _InheritedProviderScopeElement.mount (package:provider/src/inherited_provider.dart:424:11)
...     Normal element mounting (7 frames)
#22     SingleChildWidgetElementMixin.mount (package:nested/nested.dart:222:11)
...     Normal element mounting (7 frames)
#29     SingleChildWidgetElementMixin.mount (package:nested/nested.dart:222:11)
...     Normal element mounting (228 frames)
#257    Element.inflateWidget (package:flutter/src/widgets/framework.dart:4539:16)
#258    MultiChildRenderObjectElement.inflateWidget (package:flutter/src/widgets/framework.dart:7159:36)
#259    MultiChildRenderObjectElement.mount (package:flutter/src/widgets/framework.dart:7175:32)
...     Normal element mounting (457 frames)
#716    Element.inflateWidget (package:flutter/src/widgets/framework.dart:4539:16)
#717    Element.updateChild (package:flutter/src/widgets/framework.dart:3998:20)
#718    ComponentElement.performRebuild (package:flutter/src/widgets/framework.dart:5738:16)
#719    Element.rebuild (package:flutter/src/widgets/framework.dart:5427:7)
#720    ProxyElement.update (package:flutter/src/widgets/framework.dart:6041:5)
#721    _InheritedNotifierElement.update (package:flutter/src/widgets/inherited_notifier.dart:108:11)
#722    Element.updateChild (package:flutter/src/widgets/framework.dart:3982:15)
#723    ComponentElement.performRebuild (package:flutter/src/widgets/framework.dart:5738:16)
#724    StatefulElement.performRebuild (package:flutter/src/widgets/framework.dart:5874:11)
#725    Element.rebuild (package:flutter/src/widgets/framework.dart:5427:7)
#726    StatefulElement.update (package:flutter/src/widgets/framework.dart:5899:5)
#727    Element.updateChild (package:flutter/src/widgets/framework.dart:3982:15)
#728    ComponentElement.performRebuild (package:flutter/src/widgets/framework.dart:5738:16)
#729    Element.rebuild (package:flutter/src/widgets/framework.dart:5427:7)
#730    ProxyElement.update (package:flutter/src/widgets/framework.dart:6041:5)
#731    _InheritedNotifierElement.update (package:flutter/src/widgets/inherited_notifier.dart:108:11)
#732    Element.updateChild (package:flutter/src/widgets/framework.dart:3982:15)
#733    ComponentElement.performRebuild (package:flutter/src/widgets/framework.dart:5738:16)
#734    StatefulElement.performRebuild (package:flutter/src/widgets/framework.dart:5874:11)
#735    Element.rebuild (package:flutter/src/widgets/framework.dart:5427:7)
#736    StatefulElement.update (package:flutter/src/widgets/framework.dart:5899:5)
#737    Element.updateChild (package:flutter/src/widgets/framework.dart:3982:15)
#738    ComponentElement.performRebuild (package:flutter/src/widgets/framework.dart:5738:16)
#739    StatefulElement.performRebuild (package:flutter/src/widgets/framework.dart:5874:11)
#740    Element.rebuild (package:flutter/src/widgets/framework.dart:5427:7)
#741    StatefulElement.update (package:flutter/src/widgets/framework.dart:5899:5)
#742    Element.updateChild (package:flutter/src/widgets/framework.dart:3982:15)
#743    ComponentElement.performRebuild (package:flutter/src/widgets/framework.dart:5738:16)
#744    Element.rebuild (package:flutter/src/widgets/framework.dart:5427:7)
#745    ProxyElement.update (package:flutter/src/widgets/framework.dart:6041:5)
#746    Element.updateChild (package:flutter/src/widgets/framework.dart:3982:15)
#747    ComponentElement.performRebuild (package:flutter/src/widgets/framework.dart:5738:16)
#748    StatefulElement.performRebuild (package:flutter/src/widgets/framework.dart:5874:11)
#749    Element.rebuild (package:flutter/src/widgets/framework.dart:5427:7)
#750    StatefulElement.update (package:flutter/src/widgets/framework.dart:5899:5)
#751    Element.updateChild (package:flutter/src/widgets/framework.dart:3982:15)
#752    ComponentElement.performRebuild (package:flutter/src/widgets/framework.dart:5738:16)
#753    Element.rebuild (package:flutter/src/widgets/framework.dart:5427:7)
#754    ProxyElement.update (package:flutter/src/widgets/framework.dart:6041:5)
#755    Element.updateChild (package:flutter/src/widgets/framework.dart:3982:15)
#756    ComponentElement.performRebuild (package:flutter/src/widgets/framework.dart:5738:16)
#757    Element.rebuild (package:flutter/src/widgets/framework.dart:5427:7)
#758    ProxyElement.update (package:flutter/src/widgets/framework.dart:6041:5)
#759    Element.updateChild (package:flutter/src/widgets/framework.dart:3982:15)
#760    _RawViewElement._updateChild (package:flutter/src/widgets/view.dart:481:16)
#761    _RawViewElement.update (package:flutter/src/widgets/view.dart:569:5)
#762    Element.updateChild (package:flutter/src/widgets/framework.dart:3982:15)
#763    ComponentElement.performRebuild (package:flutter/src/widgets/framework.dart:5738:16)
#764    Element.rebuild (package:flutter/src/widgets/framework.dart:5427:7)
#765    StatelessElement.update (package:flutter/src/widgets/framework.dart:5787:5)
#766    Element.updateChild (package:flutter/src/widgets/framework.dart:3982:15)
#767    ComponentElement.performRebuild (package:flutter/src/widgets/framework.dart:5738:16)
#768    StatefulElement.performRebuild (package:flutter/src/widgets/framework.dart:5874:11)
#769    Element.rebuild (package:flutter/src/widgets/framework.dart:5427:7)
#770    StatefulElement.update (package:flutter/src/widgets/framework.dart:5899:5)
#771    Element.updateChild (package:flutter/src/widgets/framework.dart:3982:15)
#772    RootElement._rebuild (package:flutter/src/widgets/binding.dart:1698:16)
#773    RootElement.update (package:flutter/src/widgets/binding.dart:1676:5)
#774    RootElement.performRebuild (package:flutter/src/widgets/binding.dart:1690:7)
#775    Element.rebuild (package:flutter/src/widgets/framework.dart:5427:7)
#776    BuildScope._tryRebuild (package:flutter/src/widgets/framework.dart:2694:15)
#777    BuildScope._flushDirtyElements (package:flutter/src/widgets/framework.dart:2752:11)
#778    BuildOwner.buildScope (package:flutter/src/widgets/framework.dart:3056:18)
#779    AutomatedTestWidgetsFlutterBinding.drawFrame (package:flutter_test/src/binding.dart:1515:19)
#780    RendererBinding._handlePersistentFrameCallback (package:flutter/src/rendering/binding.dart:495:5)
#781    SchedulerBinding._invokeFrameCallback (package:flutter/src/scheduler/binding.dart:1438:15)
#782    SchedulerBinding.handleDrawFrame (package:flutter/src/scheduler/binding.dart:1351:9)
#783    AutomatedTestWidgetsFlutterBinding.pump.<anonymous closure> (package:flutter_test/src/binding.dart:1340:9)
#786    TestAsyncUtils.guard (package:flutter_test/src/test_async_utils.dart:74:41)
#787    AutomatedTestWidgetsFlutterBinding.pump (package:flutter_test/src/binding.dart:1329:27)
#788    WidgetTester.pumpWidget.<anonymous closure> (package:flutter_test/src/widget_tester.dart:599:22)
#791    TestAsyncUtils.guard (package:flutter_test/src/test_async_utils.dart:74:41)
#792    WidgetTester.pumpWidget (package:flutter_test/src/widget_tester.dart:596:27)
#793    main.<anonymous closure>.<anonymous closure> (file:///E:/New%20folder%20(2)/papercraft/test/widgets/features/paper_review/pages/paper_review_page_test.dart:95:20)
#794    testWidgets.<anonymous closure>.<anonymous closure> (package:flutter_test/src/widget_tester.dart:193:29)
<asynchronous suspension>
#795    TestWidgetsFlutterBinding._runTestBody (package:flutter_test/src/binding.dart:1064:5)
<asynchronous suspension>
<asynchronous suspension>
(elided 5 frames from dart:async and package:stack_trace)

â•â•â•â•â•â•â•â•â•â•â•â•â•â•â•â•â•â•â•â•â•â•â•â•â•â•â•â•â•â•â•â•â•â•â•â•â•â•â•â•â•â•â•â•â•â•â•â•â•â•â•â•â•â•â•â•â•â•â•â•â•â•â•â•â•â•â•â•â•â•â•â•â•â•â•â•â•â•â•â•â•â•â•â•â•â•â•â•â•â•â•â•â•â•â•â•â•â•â•â•
â•â•â•¡ EXCEPTION CAUGHT BY FLUTTER TEST FRAMEWORK â•â•â•â•â•â•â•â•â•â•â•â•â•â•â•â•â•â•â•â•â•â•â•â•â•â•â•â•â•â•â•â•â•â•â•â•â•â•â•â•â•â•â•â•â•â•â•â•â•â•â•â•â•
The following TestFailure was thrown running a test:
Expected: exactly one matching candidate
  Actual: _TextWidgetFinder:<Found 0 widgets with text "Failed to load paper": []>
   Which: means none were found but one was expected

When the exception was thrown, this was the stack:
#4      main.<anonymous closure>.<anonymous closure> (file:///E:/New%20folder%20(2)/papercraft/test/widgets/features/paper_review/pages/paper_review_page_test.dart:102:7)
<asynchronous suspension>
#5      testWidgets.<anonymous closure>.<anonymous closure> (package:flutter_test/src/widget_tester.dart:193:15)
<asynchronous suspension>
#6      TestWidgetsFlutterBinding._runTestBody (package:flutter_test/src/binding.dart:1064:5)
<asynchronous suspension>
<asynchronous suspension>
(elided one frame from package:stack_trace)

This was caught by the test expectation on the following line:
  file:///E:/New%20folder%20(2)/papercraft/test/widgets/features/paper_review/pages/paper_review_page_test.dart line 102
The test description was:
  shows error message when loading fails
â•â•â•â•â•â•â•â•â•â•â•â•â•â•â•â•â•â•â•â•â•â•â•â•â•â•â•â•â•â•â•â•â•â•â•â•â•â•â•â•â•â•â•â•â•â•â•â•â•â•â•â•â•â•â•â•â•â•â•â•â•â•â•â•â•â•â•â•â•â•â•â•â•â•â•â•â•â•â•â•â•â•â•â•â•â•â•â•â•â•â•â•â•â•â•â•â•â•â•â•
â•â•â•¡ EXCEPTION CAUGHT BY FLUTTER TEST FRAMEWORK â•â•â•â•â•â•â•â•â•â•â•â•â•â•â•â•â•â•â•â•â•â•â•â•â•â•â•â•â•â•â•â•â•â•â•â•â•â•â•â•â•â•â•â•â•â•â•â•â•â•â•â•â•
The following message was thrown:
Multiple exceptions (2) were detected during the running of the current test, and at least one was
unexpected.
â•â•â•â•â•â•â•â•â•â•â•â•â•â•â•â•â•â•â•â•â•â•â•â•â•â•â•â•â•â•â•â•â•â•â•â•â•â•â•â•â•â•â•â•â•â•â•â•â•â•â•â•â•â•â•â•â•â•â•â•â•â•â•â•â•â•â•â•â•â•â•â•â•â•â•â•â•â•â•â•â•â•â•â•â•â•â•â•â•â•â•â•â•â•â•â•â•â•â•â•
01:56 +410 -12: E:/New folder (2)/papercraft/test/widgets/features/paper_review/pages/paper_review_page_test.dart: PaperReviewPage Widget Tests shows error message when loading fails [E]
  Test failed. See exception logs above.
  The test description was: shows error message when loading fails


To run this test again: C:\Users\Jahir\flutter\bin\cache\dart-sdk\bin\dart.exe test E:/New folder (2)/papercraft/test/widgets/features/paper_review/pages/paper_review_page_test.dart -p vm --plain-name "PaperReviewPage Widget Tests shows error message when loading fails"
01:56 +410 -12: E:/New folder (2)/papercraft/test/widgets/features/paper_review/pages/paper_review_page_test.dart: PaperReviewPage Widget Tests shows approve and reject buttons for submitted papers
â•â•â•¡ EXCEPTION CAUGHT BY WIDGETS LIBRARY â•â•â•â•â•â•â•â•â•â•â•â•â•â•â•â•â•â•â•â•â•â•â•â•â•â•â•â•â•â•â•â•â•â•â•â•â•â•â•â•â•â•â•â•â•â•â•â•â•â•â•â•â•â•â•â•â•â•â•â•
The following StateError was thrown building _InheritedProviderScope<QuestionPaperBloc?>:
Bad state: GetIt: Object/factory with type UserStateService is not registered inside GetIt.
(Did you accidentally do GetIt sl=GetIt.instance(); instead of GetIt sl=GetIt.instance;
Did you forget to register it?)

The relevant error-causing widget was:
  _InheritedProviderScope<QuestionPaperBloc?>
  _InheritedProviderScope:file:///C:/Users/Jahir/AppData/Local/Pub/Cache/hosted/pub.dev/provider-6.1.5+1/lib/src/inherited_provider.dart:164:12

When the exception was thrown, this was the stack:
#0      throwIfNot (package:get_it/get_it_impl.dart:14:19)
#1      _GetItImplementation._findRegistrationByNameAndType (package:get_it/get_it_impl.dart:583:5)
#2      _GetItImplementation._get (package:get_it/get_it_impl.dart:641:11)
#3      _GetItImplementation.get (package:get_it/get_it_impl.dart:608:12)
#4      _GetItImplementation.call (package:get_it/get_it_impl.dart:720:12)
#5      _PaperReviewPageState._checkAdminAndLoad (package:papercraft/features/paper_review/presentation/pages/paper_review_page.dart:48:23)
#6      _PaperReviewPageState.initState (package:papercraft/features/paper_review/presentation/pages/paper_review_page.dart:38:5)
#7      StatefulElement._firstBuild (package:flutter/src/widgets/framework.dart:5842:55)
#8      ComponentElement.mount (package:flutter/src/widgets/framework.dart:5691:5)
...     Normal element mounting (7 frames)
#15     _InheritedProviderScopeElement.mount (package:provider/src/inherited_provider.dart:424:11)
...     Normal element mounting (7 frames)
#22     SingleChildWidgetElementMixin.mount (package:nested/nested.dart:222:11)
...     Normal element mounting (7 frames)
#29     SingleChildWidgetElementMixin.mount (package:nested/nested.dart:222:11)
...     Normal element mounting (228 frames)
#257    Element.inflateWidget (package:flutter/src/widgets/framework.dart:4539:16)
#258    MultiChildRenderObjectElement.inflateWidget (package:flutter/src/widgets/framework.dart:7159:36)
#259    MultiChildRenderObjectElement.mount (package:flutter/src/widgets/framework.dart:7175:32)
...     Normal element mounting (457 frames)
#716    Element.inflateWidget (package:flutter/src/widgets/framework.dart:4539:16)
#717    Element.updateChild (package:flutter/src/widgets/framework.dart:3998:20)
#718    ComponentElement.performRebuild (package:flutter/src/widgets/framework.dart:5738:16)
#719    Element.rebuild (package:flutter/src/widgets/framework.dart:5427:7)
#720    ProxyElement.update (package:flutter/src/widgets/framework.dart:6041:5)
#721    _InheritedNotifierElement.update (package:flutter/src/widgets/inherited_notifier.dart:108:11)
#722    Element.updateChild (package:flutter/src/widgets/framework.dart:3982:15)
#723    ComponentElement.performRebuild (package:flutter/src/widgets/framework.dart:5738:16)
#724    StatefulElement.performRebuild (package:flutter/src/widgets/framework.dart:5874:11)
#725    Element.rebuild (package:flutter/src/widgets/framework.dart:5427:7)
#726    StatefulElement.update (package:flutter/src/widgets/framework.dart:5899:5)
#727    Element.updateChild (package:flutter/src/widgets/framework.dart:3982:15)
#728    ComponentElement.performRebuild (package:flutter/src/widgets/framework.dart:5738:16)
#729    Element.rebuild (package:flutter/src/widgets/framework.dart:5427:7)
#730    ProxyElement.update (package:flutter/src/widgets/framework.dart:6041:5)
#731    _InheritedNotifierElement.update (package:flutter/src/widgets/inherited_notifier.dart:108:11)
#732    Element.updateChild (package:flutter/src/widgets/framework.dart:3982:15)
#733    ComponentElement.performRebuild (package:flutter/src/widgets/framework.dart:5738:16)
#734    StatefulElement.performRebuild (package:flutter/src/widgets/framework.dart:5874:11)
#735    Element.rebuild (package:flutter/src/widgets/framework.dart:5427:7)
#736    StatefulElement.update (package:flutter/src/widgets/framework.dart:5899:5)
#737    Element.updateChild (package:flutter/src/widgets/framework.dart:3982:15)
#738    ComponentElement.performRebuild (package:flutter/src/widgets/framework.dart:5738:16)
#739    StatefulElement.performRebuild (package:flutter/src/widgets/framework.dart:5874:11)
#740    Element.rebuild (package:flutter/src/widgets/framework.dart:5427:7)
#741    StatefulElement.update (package:flutter/src/widgets/framework.dart:5899:5)
#742    Element.updateChild (package:flutter/src/widgets/framework.dart:3982:15)
#743    ComponentElement.performRebuild (package:flutter/src/widgets/framework.dart:5738:16)
#744    Element.rebuild (package:flutter/src/widgets/framework.dart:5427:7)
#745    ProxyElement.update (package:flutter/src/widgets/framework.dart:6041:5)
#746    Element.updateChild (package:flutter/src/widgets/framework.dart:3982:15)
#747    ComponentElement.performRebuild (package:flutter/src/widgets/framework.dart:5738:16)
#748    StatefulElement.performRebuild (package:flutter/src/widgets/framework.dart:5874:11)
#749    Element.rebuild (package:flutter/src/widgets/framework.dart:5427:7)
#750    StatefulElement.update (package:flutter/src/widgets/framework.dart:5899:5)
#751    Element.updateChild (package:flutter/src/widgets/framework.dart:3982:15)
#752    ComponentElement.performRebuild (package:flutter/src/widgets/framework.dart:5738:16)
#753    Element.rebuild (package:flutter/src/widgets/framework.dart:5427:7)
#754    ProxyElement.update (package:flutter/src/widgets/framework.dart:6041:5)
#755    Element.updateChild (package:flutter/src/widgets/framework.dart:3982:15)
#756    ComponentElement.performRebuild (package:flutter/src/widgets/framework.dart:5738:16)
#757    Element.rebuild (package:flutter/src/widgets/framework.dart:5427:7)
#758    ProxyElement.update (package:flutter/src/widgets/framework.dart:6041:5)
#759    Element.updateChild (package:flutter/src/widgets/framework.dart:3982:15)
#760    _RawViewElement._updateChild (package:flutter/src/widgets/view.dart:481:16)
#761    _RawViewElement.update (package:flutter/src/widgets/view.dart:569:5)
#762    Element.updateChild (package:flutter/src/widgets/framework.dart:3982:15)
#763    ComponentElement.performRebuild (package:flutter/src/widgets/framework.dart:5738:16)
#764    Element.rebuild (package:flutter/src/widgets/framework.dart:5427:7)
#765    StatelessElement.update (package:flutter/src/widgets/framework.dart:5787:5)
#766    Element.updateChild (package:flutter/src/widgets/framework.dart:3982:15)
#767    ComponentElement.performRebuild (package:flutter/src/widgets/framework.dart:5738:16)
#768    StatefulElement.performRebuild (package:flutter/src/widgets/framework.dart:5874:11)
#769    Element.rebuild (package:flutter/src/widgets/framework.dart:5427:7)
#770    StatefulElement.update (package:flutter/src/widgets/framework.dart:5899:5)
#771    Element.updateChild (package:flutter/src/widgets/framework.dart:3982:15)
#772    RootElement._rebuild (package:flutter/src/widgets/binding.dart:1698:16)
#773    RootElement.update (package:flutter/src/widgets/binding.dart:1676:5)
#774    RootElement.performRebuild (package:flutter/src/widgets/binding.dart:1690:7)
#775    Element.rebuild (package:flutter/src/widgets/framework.dart:5427:7)
#776    BuildScope._tryRebuild (package:flutter/src/widgets/framework.dart:2694:15)
#777    BuildScope._flushDirtyElements (package:flutter/src/widgets/framework.dart:2752:11)
#778    BuildOwner.buildScope (package:flutter/src/widgets/framework.dart:3056:18)
#779    AutomatedTestWidgetsFlutterBinding.drawFrame (package:flutter_test/src/binding.dart:1515:19)
#780    RendererBinding._handlePersistentFrameCallback (package:flutter/src/rendering/binding.dart:495:5)
#781    SchedulerBinding._invokeFrameCallback (package:flutter/src/scheduler/binding.dart:1438:15)
#782    SchedulerBinding.handleDrawFrame (package:flutter/src/scheduler/binding.dart:1351:9)
#783    AutomatedTestWidgetsFlutterBinding.pump.<anonymous closure> (package:flutter_test/src/binding.dart:1340:9)
#786    TestAsyncUtils.guard (package:flutter_test/src/test_async_utils.dart:74:41)
#787    AutomatedTestWidgetsFlutterBinding.pump (package:flutter_test/src/binding.dart:1329:27)
#788    WidgetTester.pumpWidget.<anonymous closure> (package:flutter_test/src/widget_tester.dart:599:22)
#791    TestAsyncUtils.guard (package:flutter_test/src/test_async_utils.dart:74:41)
#792    WidgetTester.pumpWidget (package:flutter_test/src/widget_tester.dart:596:27)
#793    main.<anonymous closure>.<anonymous closure> (file:///E:/New%20folder%20(2)/papercraft/test/widgets/features/paper_review/pages/paper_review_page_test.dart:138:20)
#794    testWidgets.<anonymous closure>.<anonymous closure> (package:flutter_test/src/widget_tester.dart:193:29)
<asynchronous suspension>
#795    TestWidgetsFlutterBinding._runTestBody (package:flutter_test/src/binding.dart:1064:5)
<asynchronous suspension>
<asynchronous suspension>
(elided 5 frames from dart:async and package:stack_trace)

â•â•â•â•â•â•â•â•â•â•â•â•â•â•â•â•â•â•â•â•â•â•â•â•â•â•â•â•â•â•â•â•â•â•â•â•â•â•â•â•â•â•â•â•â•â•â•â•â•â•â•â•â•â•â•â•â•â•â•â•â•â•â•â•â•â•â•â•â•â•â•â•â•â•â•â•â•â•â•â•â•â•â•â•â•â•â•â•â•â•â•â•â•â•â•â•â•â•â•â•
â•â•â•¡ EXCEPTION CAUGHT BY FLUTTER TEST FRAMEWORK â•â•â•â•â•â•â•â•â•â•â•â•â•â•â•â•â•â•â•â•â•â•â•â•â•â•â•â•â•â•â•â•â•â•â•â•â•â•â•â•â•â•â•â•â•â•â•â•â•â•â•â•â•
The following TestFailure was thrown running a test:
Expected: exactly one matching candidate
  Actual: _TextWidgetFinder:<Found 0 widgets with text "Approve": []>
   Which: means none were found but one was expected

When the exception was thrown, this was the stack:
#4      main.<anonymous closure>.<anonymous closure> (file:///E:/New%20folder%20(2)/papercraft/test/widgets/features/paper_review/pages/paper_review_page_test.dart:144:7)
<asynchronous suspension>
#5      testWidgets.<anonymous closure>.<anonymous closure> (package:flutter_test/src/widget_tester.dart:193:15)
<asynchronous suspension>
#6      TestWidgetsFlutterBinding._runTestBody (package:flutter_test/src/binding.dart:1064:5)
<asynchronous suspension>
<asynchronous suspension>
(elided one frame from package:stack_trace)

This was caught by the test expectation on the following line:
  file:///E:/New%20folder%20(2)/papercraft/test/widgets/features/paper_review/pages/paper_review_page_test.dart line 144
The test description was:
  shows approve and reject buttons for submitted papers
â•â•â•â•â•â•â•â•â•â•â•â•â•â•â•â•â•â•â•â•â•â•â•â•â•â•â•â•â•â•â•â•â•â•â•â•â•â•â•â•â•â•â•â•â•â•â•â•â•â•â•â•â•â•â•â•â•â•â•â•â•â•â•â•â•â•â•â•â•â•â•â•â•â•â•â•â•â•â•â•â•â•â•â•â•â•â•â•â•â•â•â•â•â•â•â•â•â•â•â•
â•â•â•¡ EXCEPTION CAUGHT BY FLUTTER TEST FRAMEWORK â•â•â•â•â•â•â•â•â•â•â•â•â•â•â•â•â•â•â•â•â•â•â•â•â•â•â•â•â•â•â•â•â•â•â•â•â•â•â•â•â•â•â•â•â•â•â•â•â•â•â•â•â•
The following message was thrown:
Multiple exceptions (2) were detected during the running of the current test, and at least one was
unexpected.
â•â•â•â•â•â•â•â•â•â•â•â•â•â•â•â•â•â•â•â•â•â•â•â•â•â•â•â•â•â•â•â•â•â•â•â•â•â•â•â•â•â•â•â•â•â•â•â•â•â•â•â•â•â•â•â•â•â•â•â•â•â•â•â•â•â•â•â•â•â•â•â•â•â•â•â•â•â•â•â•â•â•â•â•â•â•â•â•â•â•â•â•â•â•â•â•â•â•â•â•
01:56 +410 -13: E:/New folder (2)/papercraft/test/widgets/features/paper_review/pages/paper_review_page_test.dart: PaperReviewPage Widget Tests shows approve and reject buttons for submitted papers [E]
  Test failed. See exception logs above.
  The test description was: shows approve and reject buttons for submitted papers


To run this test again: C:\Users\Jahir\flutter\bin\cache\dart-sdk\bin\dart.exe test E:/New folder (2)/papercraft/test/widgets/features/paper_review/pages/paper_review_page_test.dart -p vm --plain-name "PaperReviewPage Widget Tests shows approve and reject buttons for submitted papers"
01:56 +410 -13: E:/New folder (2)/papercraft/test/widgets/features/paper_review/pages/paper_review_page_test.dart: PaperReviewPage Widget Tests has back button
â•â•â•¡ EXCEPTION CAUGHT BY WIDGETS LIBRARY â•â•â•â•â•â•â•â•â•â•â•â•â•â•â•â•â•â•â•â•â•â•â•â•â•â•â•â•â•â•â•â•â•â•â•â•â•â•â•â•â•â•â•â•â•â•â•â•â•â•â•â•â•â•â•â•â•â•â•â•
The following StateError was thrown building _InheritedProviderScope<QuestionPaperBloc?>:
Bad state: GetIt: Object/factory with type UserStateService is not registered inside GetIt.
(Did you accidentally do GetIt sl=GetIt.instance(); instead of GetIt sl=GetIt.instance;
Did you forget to register it?)

The relevant error-causing widget was:
  _InheritedProviderScope<QuestionPaperBloc?>
  _InheritedProviderScope:file:///C:/Users/Jahir/AppData/Local/Pub/Cache/hosted/pub.dev/provider-6.1.5+1/lib/src/inherited_provider.dart:164:12

When the exception was thrown, this was the stack:
#0      throwIfNot (package:get_it/get_it_impl.dart:14:19)
#1      _GetItImplementation._findRegistrationByNameAndType (package:get_it/get_it_impl.dart:583:5)
#2      _GetItImplementation._get (package:get_it/get_it_impl.dart:641:11)
#3      _GetItImplementation.get (package:get_it/get_it_impl.dart:608:12)
#4      _GetItImplementation.call (package:get_it/get_it_impl.dart:720:12)
#5      _PaperReviewPageState._checkAdminAndLoad (package:papercraft/features/paper_review/presentation/pages/paper_review_page.dart:48:23)
#6      _PaperReviewPageState.initState (package:papercraft/features/paper_review/presentation/pages/paper_review_page.dart:38:5)
#7      StatefulElement._firstBuild (package:flutter/src/widgets/framework.dart:5842:55)
#8      ComponentElement.mount (package:flutter/src/widgets/framework.dart:5691:5)
...     Normal element mounting (7 frames)
#15     _InheritedProviderScopeElement.mount (package:provider/src/inherited_provider.dart:424:11)
...     Normal element mounting (7 frames)
#22     SingleChildWidgetElementMixin.mount (package:nested/nested.dart:222:11)
...     Normal element mounting (7 frames)
#29     SingleChildWidgetElementMixin.mount (package:nested/nested.dart:222:11)
...     Normal element mounting (228 frames)
#257    Element.inflateWidget (package:flutter/src/widgets/framework.dart:4539:16)
#258    MultiChildRenderObjectElement.inflateWidget (package:flutter/src/widgets/framework.dart:7159:36)
#259    MultiChildRenderObjectElement.mount (package:flutter/src/widgets/framework.dart:7175:32)
...     Normal element mounting (457 frames)
#716    Element.inflateWidget (package:flutter/src/widgets/framework.dart:4539:16)
#717    Element.updateChild (package:flutter/src/widgets/framework.dart:3998:20)
#718    ComponentElement.performRebuild (package:flutter/src/widgets/framework.dart:5738:16)
#719    Element.rebuild (package:flutter/src/widgets/framework.dart:5427:7)
#720    ProxyElement.update (package:flutter/src/widgets/framework.dart:6041:5)
#721    _InheritedNotifierElement.update (package:flutter/src/widgets/inherited_notifier.dart:108:11)
#722    Element.updateChild (package:flutter/src/widgets/framework.dart:3982:15)
#723    ComponentElement.performRebuild (package:flutter/src/widgets/framework.dart:5738:16)
#724    StatefulElement.performRebuild (package:flutter/src/widgets/framework.dart:5874:11)
#725    Element.rebuild (package:flutter/src/widgets/framework.dart:5427:7)
#726    StatefulElement.update (package:flutter/src/widgets/framework.dart:5899:5)
#727    Element.updateChild (package:flutter/src/widgets/framework.dart:3982:15)
#728    ComponentElement.performRebuild (package:flutter/src/widgets/framework.dart:5738:16)
#729    Element.rebuild (package:flutter/src/widgets/framework.dart:5427:7)
#730    ProxyElement.update (package:flutter/src/widgets/framework.dart:6041:5)
#731    _InheritedNotifierElement.update (package:flutter/src/widgets/inherited_notifier.dart:108:11)
#732    Element.updateChild (package:flutter/src/widgets/framework.dart:3982:15)
#733    ComponentElement.performRebuild (package:flutter/src/widgets/framework.dart:5738:16)
#734    StatefulElement.performRebuild (package:flutter/src/widgets/framework.dart:5874:11)
#735    Element.rebuild (package:flutter/src/widgets/framework.dart:5427:7)
#736    StatefulElement.update (package:flutter/src/widgets/framework.dart:5899:5)
#737    Element.updateChild (package:flutter/src/widgets/framework.dart:3982:15)
#738    ComponentElement.performRebuild (package:flutter/src/widgets/framework.dart:5738:16)
#739    StatefulElement.performRebuild (package:flutter/src/widgets/framework.dart:5874:11)
#740    Element.rebuild (package:flutter/src/widgets/framework.dart:5427:7)
#741    StatefulElement.update (package:flutter/src/widgets/framework.dart:5899:5)
#742    Element.updateChild (package:flutter/src/widgets/framework.dart:3982:15)
#743    ComponentElement.performRebuild (package:flutter/src/widgets/framework.dart:5738:16)
#744    Element.rebuild (package:flutter/src/widgets/framework.dart:5427:7)
#745    ProxyElement.update (package:flutter/src/widgets/framework.dart:6041:5)
#746    Element.updateChild (package:flutter/src/widgets/framework.dart:3982:15)
#747    ComponentElement.performRebuild (package:flutter/src/widgets/framework.dart:5738:16)
#748    StatefulElement.performRebuild (package:flutter/src/widgets/framework.dart:5874:11)
#749    Element.rebuild (package:flutter/src/widgets/framework.dart:5427:7)
#750    StatefulElement.update (package:flutter/src/widgets/framework.dart:5899:5)
#751    Element.updateChild (package:flutter/src/widgets/framework.dart:3982:15)
#752    ComponentElement.performRebuild (package:flutter/src/widgets/framework.dart:5738:16)
#753    Element.rebuild (package:flutter/src/widgets/framework.dart:5427:7)
#754    ProxyElement.update (package:flutter/src/widgets/framework.dart:6041:5)
#755    Element.updateChild (package:flutter/src/widgets/framework.dart:3982:15)
#756    ComponentElement.performRebuild (package:flutter/src/widgets/framework.dart:5738:16)
#757    Element.rebuild (package:flutter/src/widgets/framework.dart:5427:7)
#758    ProxyElement.update (package:flutter/src/widgets/framework.dart:6041:5)
#759    Element.updateChild (package:flutter/src/widgets/framework.dart:3982:15)
#760    _RawViewElement._updateChild (package:flutter/src/widgets/view.dart:481:16)
#761    _RawViewElement.update (package:flutter/src/widgets/view.dart:569:5)
#762    Element.updateChild (package:flutter/src/widgets/framework.dart:3982:15)
#763    ComponentElement.performRebuild (package:flutter/src/widgets/framework.dart:5738:16)
#764    Element.rebuild (package:flutter/src/widgets/framework.dart:5427:7)
#765    StatelessElement.update (package:flutter/src/widgets/framework.dart:5787:5)
#766    Element.updateChild (package:flutter/src/widgets/framework.dart:3982:15)
#767    ComponentElement.performRebuild (package:flutter/src/widgets/framework.dart:5738:16)
#768    StatefulElement.performRebuild (package:flutter/src/widgets/framework.dart:5874:11)
#769    Element.rebuild (package:flutter/src/widgets/framework.dart:5427:7)
#770    StatefulElement.update (package:flutter/src/widgets/framework.dart:5899:5)
#771    Element.updateChild (package:flutter/src/widgets/framework.dart:3982:15)
#772    RootElement._rebuild (package:flutter/src/widgets/binding.dart:1698:16)
#773    RootElement.update (package:flutter/src/widgets/binding.dart:1676:5)
#774    RootElement.performRebuild (package:flutter/src/widgets/binding.dart:1690:7)
#775    Element.rebuild (package:flutter/src/widgets/framework.dart:5427:7)
#776    BuildScope._tryRebuild (package:flutter/src/widgets/framework.dart:2694:15)
#777    BuildScope._flushDirtyElements (package:flutter/src/widgets/framework.dart:2752:11)
#778    BuildOwner.buildScope (package:flutter/src/widgets/framework.dart:3056:18)
#779    AutomatedTestWidgetsFlutterBinding.drawFrame (package:flutter_test/src/binding.dart:1515:19)
#780    RendererBinding._handlePersistentFrameCallback (package:flutter/src/rendering/binding.dart:495:5)
#781    SchedulerBinding._invokeFrameCallback (package:flutter/src/scheduler/binding.dart:1438:15)
#782    SchedulerBinding.handleDrawFrame (package:flutter/src/scheduler/binding.dart:1351:9)
#783    AutomatedTestWidgetsFlutterBinding.pump.<anonymous closure> (package:flutter_test/src/binding.dart:1340:9)
#786    TestAsyncUtils.guard (package:flutter_test/src/test_async_utils.dart:74:41)
#787    AutomatedTestWidgetsFlutterBinding.pump (package:flutter_test/src/binding.dart:1329:27)
#788    WidgetTester.pumpWidget.<anonymous closure> (package:flutter_test/src/widget_tester.dart:599:22)
#791    TestAsyncUtils.guard (package:flutter_test/src/test_async_utils.dart:74:41)
#792    WidgetTester.pumpWidget (package:flutter_test/src/widget_tester.dart:596:27)
#793    main.<anonymous closure>.<anonymous closure> (file:///E:/New%20folder%20(2)/papercraft/test/widgets/features/paper_review/pages/paper_review_page_test.dart:164:20)
#794    testWidgets.<anonymous closure>.<anonymous closure> (package:flutter_test/src/widget_tester.dart:193:29)
<asynchronous suspension>
#795    TestWidgetsFlutterBinding._runTestBody (package:flutter_test/src/binding.dart:1064:5)
<asynchronous suspension>
<asynchronous suspension>
(elided 5 frames from dart:async and package:stack_trace)

â•â•â•â•â•â•â•â•â•â•â•â•â•â•â•â•â•â•â•â•â•â•â•â•â•â•â•â•â•â•â•â•â•â•â•â•â•â•â•â•â•â•â•â•â•â•â•â•â•â•â•â•â•â•â•â•â•â•â•â•â•â•â•â•â•â•â•â•â•â•â•â•â•â•â•â•â•â•â•â•â•â•â•â•â•â•â•â•â•â•â•â•â•â•â•â•â•â•â•â•
â•â•â•¡ EXCEPTION CAUGHT BY FLUTTER TEST FRAMEWORK â•â•â•â•â•â•â•â•â•â•â•â•â•â•â•â•â•â•â•â•â•â•â•â•â•â•â•â•â•â•â•â•â•â•â•â•â•â•â•â•â•â•â•â•â•â•â•â•â•â•â•â•â•
The following TestFailure was thrown running a test:
Expected: exactly one matching candidate
  Actual: _IconWidgetFinder:<Found 0 widgets with icon "IconData(U+0E092)": []>
   Which: means none were found but one was expected

When the exception was thrown, this was the stack:
#4      main.<anonymous closure>.<anonymous closure> (file:///E:/New%20folder%20(2)/papercraft/test/widgets/features/paper_review/pages/paper_review_page_test.dart:169:7)
<asynchronous suspension>
#5      testWidgets.<anonymous closure>.<anonymous closure> (package:flutter_test/src/widget_tester.dart:193:15)
<asynchronous suspension>
#6      TestWidgetsFlutterBinding._runTestBody (package:flutter_test/src/binding.dart:1064:5)
<asynchronous suspension>
<asynchronous suspension>
(elided one frame from package:stack_trace)

This was caught by the test expectation on the following line:
  file:///E:/New%20folder%20(2)/papercraft/test/widgets/features/paper_review/pages/paper_review_page_test.dart line 169
The test description was:
  has back button
â•â•â•â•â•â•â•â•â•â•â•â•â•â•â•â•â•â•â•â•â•â•â•â•â•â•â•â•â•â•â•â•â•â•â•â•â•â•â•â•â•â•â•â•â•â•â•â•â•â•â•â•â•â•â•â•â•â•â•â•â•â•â•â•â•â•â•â•â•â•â•â•â•â•â•â•â•â•â•â•â•â•â•â•â•â•â•â•â•â•â•â•â•â•â•â•â•â•â•â•
â•â•â•¡ EXCEPTION CAUGHT BY FLUTTER TEST FRAMEWORK â•â•â•â•â•â•â•â•â•â•â•â•â•â•â•â•â•â•â•â•â•â•â•â•â•â•â•â•â•â•â•â•â•â•â•â•â•â•â•â•â•â•â•â•â•â•â•â•â•â•â•â•â•
The following message was thrown:
Multiple exceptions (2) were detected during the running of the current test, and at least one was
unexpected.
â•â•â•â•â•â•â•â•â•â•â•â•â•â•â•â•â•â•â•â•â•â•â•â•â•â•â•â•â•â•â•â•â•â•â•â•â•â•â•â•â•â•â•â•â•â•â•â•â•â•â•â•â•â•â•â•â•â•â•â•â•â•â•â•â•â•â•â•â•â•â•â•â•â•â•â•â•â•â•â•â•â•â•â•â•â•â•â•â•â•â•â•â•â•â•â•â•â•â•â•
01:56 +410 -14: E:/New folder (2)/papercraft/test/widgets/features/paper_review/pages/paper_review_page_test.dart: PaperReviewPage Widget Tests has back button [E]
  Test failed. See exception logs above.
  The test description was: has back button


To run this test again: C:\Users\Jahir\flutter\bin\cache\dart-sdk\bin\dart.exe test E:/New folder (2)/papercraft/test/widgets/features/paper_review/pages/paper_review_page_test.dart -p vm --plain-name "PaperReviewPage Widget Tests has back button"
02:47 +410 -14: E:/New folder (2)/papercraft/test/widgets/features/question_bank/pages/question_bank_page_test.dart: QuestionBankPage Widget Tests shows loading indicator when loading
â•â•â•¡ EXCEPTION CAUGHT BY WIDGETS LIBRARY â•â•â•â•â•â•â•â•â•â•â•â•â•â•â•â•â•â•â•â•â•â•â•â•â•â•â•â•â•â•â•â•â•â•â•â•â•â•â•â•â•â•â•â•â•â•â•â•â•â•â•â•â•â•â•â•â•â•â•â•
The following StateError was thrown building _InheritedProviderScope<TeacherPreferencesBloc?>:
Bad state: GetIt: Object/factory with type UserInfoService is not registered inside GetIt.
(Did you accidentally do GetIt sl=GetIt.instance(); instead of GetIt sl=GetIt.instance;
Did you forget to register it?)

The relevant error-causing widget was:
  _InheritedProviderScope<TeacherPreferencesBloc?>
  _InheritedProviderScope:file:///C:/Users/Jahir/AppData/Local/Pub/Cache/hosted/pub.dev/provider-6.1.5+1/lib/src/inherited_provider.dart:164:12

When the exception was thrown, this was the stack:
#0      throwIfNot (package:get_it/get_it_impl.dart:14:19)
#1      _GetItImplementation._findRegistrationByNameAndType (package:get_it/get_it_impl.dart:583:5)
#2      _GetItImplementation._get (package:get_it/get_it_impl.dart:641:11)
#3      _GetItImplementation.get (package:get_it/get_it_impl.dart:608:12)
#4      _GetItImplementation.call (package:get_it/get_it_impl.dart:720:12)
#5      new _QuestionBankState (package:papercraft/features/question_bank/presentation/pages/question_bank_page.dart:64:46)
#6      QuestionBankPage.createState (package:papercraft/features/question_bank/presentation/pages/question_bank_page.dart:33:44)
#7      new StatefulElement (package:flutter/src/widgets/framework.dart:5794:60)
#8      StatefulWidget.createElement (package:flutter/src/widgets/framework.dart:779:38)
...     Normal element mounting (7 frames)
#15     _InheritedProviderScopeElement.mount (package:provider/src/inherited_provider.dart:424:11)
...     Normal element mounting (7 frames)
#22     SingleChildWidgetElementMixin.mount (package:nested/nested.dart:222:11)
...     Normal element mounting (7 frames)
#29     SingleChildWidgetElementMixin.mount (package:nested/nested.dart:222:11)
...     Normal element mounting (7 frames)
#36     _NestedHookElement.mount (package:nested/nested.dart:187:11)
...     Normal element mounting (7 frames)
#43     _InheritedProviderScopeElement.mount (package:provider/src/inherited_provider.dart:424:11)
...     Normal element mounting (7 frames)
#50     SingleChildWidgetElementMixin.mount (package:nested/nested.dart:222:11)
...     Normal element mounting (7 frames)
#57     SingleChildWidgetElementMixin.mount (package:nested/nested.dart:222:11)
...     Normal element mounting (7 frames)
#64     _NestedHookElement.mount (package:nested/nested.dart:187:11)
...     Normal element mounting (7 frames)
#71     _InheritedProviderScopeElement.mount (package:provider/src/inherited_provider.dart:424:11)
...     Normal element mounting (7 frames)
#78     SingleChildWidgetElementMixin.mount (package:nested/nested.dart:222:11)
...     Normal element mounting (7 frames)
#85     SingleChildWidgetElementMixin.mount (package:nested/nested.dart:222:11)
...     Normal element mounting (7 frames)
#92     _NestedHookElement.mount (package:nested/nested.dart:187:11)
...     Normal element mounting (7 frames)
#99     _InheritedProviderScopeElement.mount (package:provider/src/inherited_provider.dart:424:11)
...     Normal element mounting (7 frames)
#106    SingleChildWidgetElementMixin.mount (package:nested/nested.dart:222:11)
...     Normal element mounting (7 frames)
#113    SingleChildWidgetElementMixin.mount (package:nested/nested.dart:222:11)
...     Normal element mounting (7 frames)
#120    _NestedHookElement.mount (package:nested/nested.dart:187:11)
...     Normal element mounting (7 frames)
#127    SingleChildWidgetElementMixin.mount (package:nested/nested.dart:222:11)
...     Normal element mounting (228 frames)
#355    Element.inflateWidget (package:flutter/src/widgets/framework.dart:4539:16)
#356    MultiChildRenderObjectElement.inflateWidget (package:flutter/src/widgets/framework.dart:7159:36)
#357    MultiChildRenderObjectElement.mount (package:flutter/src/widgets/framework.dart:7175:32)
...     Normal element mounting (457 frames)
#814    Element.inflateWidget (package:flutter/src/widgets/framework.dart:4539:16)
#815    Element.updateChild (package:flutter/src/widgets/framework.dart:3998:20)
#816    ComponentElement.performRebuild (package:flutter/src/widgets/framework.dart:5738:16)
#817    Element.rebuild (package:flutter/src/widgets/framework.dart:5427:7)
#818    ProxyElement.update (package:flutter/src/widgets/framework.dart:6041:5)
#819    _InheritedNotifierElement.update (package:flutter/src/widgets/inherited_notifier.dart:108:11)
#820    Element.updateChild (package:flutter/src/widgets/framework.dart:3982:15)
#821    ComponentElement.performRebuild (package:flutter/src/widgets/framework.dart:5738:16)
#822    StatefulElement.performRebuild (package:flutter/src/widgets/framework.dart:5874:11)
#823    Element.rebuild (package:flutter/src/widgets/framework.dart:5427:7)
#824    StatefulElement.update (package:flutter/src/widgets/framework.dart:5899:5)
#825    Element.updateChild (package:flutter/src/widgets/framework.dart:3982:15)
#826    ComponentElement.performRebuild (package:flutter/src/widgets/framework.dart:5738:16)
#827    Element.rebuild (package:flutter/src/widgets/framework.dart:5427:7)
#828    ProxyElement.update (package:flutter/src/widgets/framework.dart:6041:5)
#829    _InheritedNotifierElement.update (package:flutter/src/widgets/inherited_notifier.dart:108:11)
#830    Element.updateChild (package:flutter/src/widgets/framework.dart:3982:15)
#831    ComponentElement.performRebuild (package:flutter/src/widgets/framework.dart:5738:16)
#832    StatefulElement.performRebuild (package:flutter/src/widgets/framework.dart:5874:11)
#833    Element.rebuild (package:flutter/src/widgets/framework.dart:5427:7)
#834    StatefulElement.update (package:flutter/src/widgets/framework.dart:5899:5)
#835    Element.updateChild (package:flutter/src/widgets/framework.dart:3982:15)
#836    ComponentElement.performRebuild (package:flutter/src/widgets/framework.dart:5738:16)
#837    StatefulElement.performRebuild (package:flutter/src/widgets/framework.dart:5874:11)
#838    Element.rebuild (package:flutter/src/widgets/framework.dart:5427:7)
#839    StatefulElement.update (package:flutter/src/widgets/framework.dart:5899:5)
#840    Element.updateChild (package:flutter/src/widgets/framework.dart:3982:15)
#841    ComponentElement.performRebuild (package:flutter/src/widgets/framework.dart:5738:16)
#842    Element.rebuild (package:flutter/src/widgets/framework.dart:5427:7)
#843    ProxyElement.update (package:flutter/src/widgets/framework.dart:6041:5)
#844    Element.updateChild (package:flutter/src/widgets/framework.dart:3982:15)
#845    ComponentElement.performRebuild (package:flutter/src/widgets/framework.dart:5738:16)
#846    StatefulElement.performRebuild (package:flutter/src/widgets/framework.dart:5874:11)
#847    Element.rebuild (package:flutter/src/widgets/framework.dart:5427:7)
#848    StatefulElement.update (package:flutter/src/widgets/framework.dart:5899:5)
#849    Element.updateChild (package:flutter/src/widgets/framework.dart:3982:15)
#850    ComponentElement.performRebuild (package:flutter/src/widgets/framework.dart:5738:16)
#851    Element.rebuild (package:flutter/src/widgets/framework.dart:5427:7)
#852    ProxyElement.update (package:flutter/src/widgets/framework.dart:6041:5)
#853    Element.updateChild (package:flutter/src/widgets/framework.dart:3982:15)
#854    ComponentElement.performRebuild (package:flutter/src/widgets/framework.dart:5738:16)
#855    Element.rebuild (package:flutter/src/widgets/framework.dart:5427:7)
#856    ProxyElement.update (package:flutter/src/widgets/framework.dart:6041:5)
#857    Element.updateChild (package:flutter/src/widgets/framework.dart:3982:15)
#858    _RawViewElement._updateChild (package:flutter/src/widgets/view.dart:481:16)
#859    _RawViewElement.update (package:flutter/src/widgets/view.dart:569:5)
#860    Element.updateChild (package:flutter/src/widgets/framework.dart:3982:15)
#861    ComponentElement.performRebuild (package:flutter/src/widgets/framework.dart:5738:16)
#862    Element.rebuild (package:flutter/src/widgets/framework.dart:5427:7)
#863    StatelessElement.update (package:flutter/src/widgets/framework.dart:5787:5)
#864    Element.updateChild (package:flutter/src/widgets/framework.dart:3982:15)
#865    ComponentElement.performRebuild (package:flutter/src/widgets/framework.dart:5738:16)
#866    StatefulElement.performRebuild (package:flutter/src/widgets/framework.dart:5874:11)
#867    Element.rebuild (package:flutter/src/widgets/framework.dart:5427:7)
#868    StatefulElement.update (package:flutter/src/widgets/framework.dart:5899:5)
#869    Element.updateChild (package:flutter/src/widgets/framework.dart:3982:15)
#870    RootElement._rebuild (package:flutter/src/widgets/binding.dart:1698:16)
#871    RootElement.update (package:flutter/src/widgets/binding.dart:1676:5)
#872    RootElement.performRebuild (package:flutter/src/widgets/binding.dart:1690:7)
#873    Element.rebuild (package:flutter/src/widgets/framework.dart:5427:7)
#874    BuildScope._tryRebuild (package:flutter/src/widgets/framework.dart:2694:15)
#875    BuildScope._flushDirtyElements (package:flutter/src/widgets/framework.dart:2752:11)
#876    BuildOwner.buildScope (package:flutter/src/widgets/framework.dart:3056:18)
#877    AutomatedTestWidgetsFlutterBinding.drawFrame (package:flutter_test/src/binding.dart:1515:19)
#878    RendererBinding._handlePersistentFrameCallback (package:flutter/src/rendering/binding.dart:495:5)
#879    SchedulerBinding._invokeFrameCallback (package:flutter/src/scheduler/binding.dart:1438:15)
#880    SchedulerBinding.handleDrawFrame (package:flutter/src/scheduler/binding.dart:1351:9)
#881    AutomatedTestWidgetsFlutterBinding.pump.<anonymous closure> (package:flutter_test/src/binding.dart:1340:9)
#884    TestAsyncUtils.guard (package:flutter_test/src/test_async_utils.dart:74:41)
#885    AutomatedTestWidgetsFlutterBinding.pump (package:flutter_test/src/binding.dart:1329:27)
#886    WidgetTester.pumpWidget.<anonymous closure> (package:flutter_test/src/widget_tester.dart:599:22)
#889    TestAsyncUtils.guard (package:flutter_test/src/test_async_utils.dart:74:41)
#890    WidgetTester.pumpWidget (package:flutter_test/src/widget_tester.dart:596:27)
#891    main.<anonymous closure>.<anonymous closure> (file:///E:/New%20folder%20(2)/papercraft/test/widgets/features/question_bank/pages/question_bank_page_test.dart:84:20)
#892    testWidgets.<anonymous closure>.<anonymous closure> (package:flutter_test/src/widget_tester.dart:193:29)
<asynchronous suspension>
#893    TestWidgetsFlutterBinding._runTestBody (package:flutter_test/src/binding.dart:1064:5)
<asynchronous suspension>
<asynchronous suspension>
(elided 5 frames from dart:async and package:stack_trace)

â•â•â•â•â•â•â•â•â•â•â•â•â•â•â•â•â•â•â•â•â•â•â•â•â•â•â•â•â•â•â•â•â•â•â•â•â•â•â•â•â•â•â•â•â•â•â•â•â•â•â•â•â•â•â•â•â•â•â•â•â•â•â•â•â•â•â•â•â•â•â•â•â•â•â•â•â•â•â•â•â•â•â•â•â•â•â•â•â•â•â•â•â•â•â•â•â•â•â•â•
â•â•â•¡ EXCEPTION CAUGHT BY FLUTTER TEST FRAMEWORK â•â•â•â•â•â•â•â•â•â•â•â•â•â•â•â•â•â•â•â•â•â•â•â•â•â•â•â•â•â•â•â•â•â•â•â•â•â•â•â•â•â•â•â•â•â•â•â•â•â•â•â•â•
The following TestFailure was thrown running a test:
Expected: at least one matching candidate
  Actual: _TypeWidgetFinder:<Found 0 widgets with type "CircularProgressIndicator": []>
   Which: means none were found but some were expected

When the exception was thrown, this was the stack:
#4      main.<anonymous closure>.<anonymous closure> (file:///E:/New%20folder%20(2)/papercraft/test/widgets/features/question_bank/pages/question_bank_page_test.dart:89:7)
<asynchronous suspension>
#5      testWidgets.<anonymous closure>.<anonymous closure> (package:flutter_test/src/widget_tester.dart:193:15)
<asynchronous suspension>
#6      TestWidgetsFlutterBinding._runTestBody (package:flutter_test/src/binding.dart:1064:5)
<asynchronous suspension>
<asynchronous suspension>
(elided one frame from package:stack_trace)

This was caught by the test expectation on the following line:
  file:///E:/New%20folder%20(2)/papercraft/test/widgets/features/question_bank/pages/question_bank_page_test.dart line 89
The test description was:
  shows loading indicator when loading
â•â•â•â•â•â•â•â•â•â•â•â•â•â•â•â•â•â•â•â•â•â•â•â•â•â•â•â•â•â•â•â•â•â•â•â•â•â•â•â•â•â•â•â•â•â•â•â•â•â•â•â•â•â•â•â•â•â•â•â•â•â•â•â•â•â•â•â•â•â•â•â•â•â•â•â•â•â•â•â•â•â•â•â•â•â•â•â•â•â•â•â•â•â•â•â•â•â•â•â•
â•â•â•¡ EXCEPTION CAUGHT BY FLUTTER TEST FRAMEWORK â•â•â•â•â•â•â•â•â•â•â•â•â•â•â•â•â•â•â•â•â•â•â•â•â•â•â•â•â•â•â•â•â•â•â•â•â•â•â•â•â•â•â•â•â•â•â•â•â•â•â•â•â•
The following message was thrown:
Multiple exceptions (2) were detected during the running of the current test, and at least one was
unexpected.
â•â•â•â•â•â•â•â•â•â•â•â•â•â•â•â•â•â•â•â•â•â•â•â•â•â•â•â•â•â•â•â•â•â•â•â•â•â•â•â•â•â•â•â•â•â•â•â•â•â•â•â•â•â•â•â•â•â•â•â•â•â•â•â•â•â•â•â•â•â•â•â•â•â•â•â•â•â•â•â•â•â•â•â•â•â•â•â•â•â•â•â•â•â•â•â•â•â•â•â•
02:48 +410 -15: E:/New folder (2)/papercraft/test/widgets/features/question_bank/pages/question_bank_page_test.dart: QuestionBankPage Widget Tests shows loading indicator when loading [E]
  Test failed. See exception logs above.
  The test description was: shows loading indicator when loading


To run this test again: C:\Users\Jahir\flutter\bin\cache\dart-sdk\bin\dart.exe test E:/New folder (2)/papercraft/test/widgets/features/question_bank/pages/question_bank_page_test.dart -p vm --plain-name "QuestionBankPage Widget Tests shows loading indicator when loading"
02:48 +410 -15: E:/New folder (2)/papercraft/test/widgets/features/question_bank/pages/question_bank_page_test.dart: QuestionBankPage Widget Tests shows search bar when loaded
â•â•â•¡ EXCEPTION CAUGHT BY WIDGETS LIBRARY â•â•â•â•â•â•â•â•â•â•â•â•â•â•â•â•â•â•â•â•â•â•â•â•â•â•â•â•â•â•â•â•â•â•â•â•â•â•â•â•â•â•â•â•â•â•â•â•â•â•â•â•â•â•â•â•â•â•â•â•
The following StateError was thrown building _InheritedProviderScope<TeacherPreferencesBloc?>:
Bad state: GetIt: Object/factory with type UserInfoService is not registered inside GetIt.
(Did you accidentally do GetIt sl=GetIt.instance(); instead of GetIt sl=GetIt.instance;
Did you forget to register it?)

The relevant error-causing widget was:
  _InheritedProviderScope<TeacherPreferencesBloc?>
  _InheritedProviderScope:file:///C:/Users/Jahir/AppData/Local/Pub/Cache/hosted/pub.dev/provider-6.1.5+1/lib/src/inherited_provider.dart:164:12

When the exception was thrown, this was the stack:
#0      throwIfNot (package:get_it/get_it_impl.dart:14:19)
#1      _GetItImplementation._findRegistrationByNameAndType (package:get_it/get_it_impl.dart:583:5)
#2      _GetItImplementation._get (package:get_it/get_it_impl.dart:641:11)
#3      _GetItImplementation.get (package:get_it/get_it_impl.dart:608:12)
#4      _GetItImplementation.call (package:get_it/get_it_impl.dart:720:12)
#5      new _QuestionBankState (package:papercraft/features/question_bank/presentation/pages/question_bank_page.dart:64:46)
#6      QuestionBankPage.createState (package:papercraft/features/question_bank/presentation/pages/question_bank_page.dart:33:44)
#7      new StatefulElement (package:flutter/src/widgets/framework.dart:5794:60)
#8      StatefulWidget.createElement (package:flutter/src/widgets/framework.dart:779:38)
...     Normal element mounting (7 frames)
#15     _InheritedProviderScopeElement.mount (package:provider/src/inherited_provider.dart:424:11)
...     Normal element mounting (7 frames)
#22     SingleChildWidgetElementMixin.mount (package:nested/nested.dart:222:11)
...     Normal element mounting (7 frames)
#29     SingleChildWidgetElementMixin.mount (package:nested/nested.dart:222:11)
...     Normal element mounting (7 frames)
#36     _NestedHookElement.mount (package:nested/nested.dart:187:11)
...     Normal element mounting (7 frames)
#43     _InheritedProviderScopeElement.mount (package:provider/src/inherited_provider.dart:424:11)
...     Normal element mounting (7 frames)
#50     SingleChildWidgetElementMixin.mount (package:nested/nested.dart:222:11)
...     Normal element mounting (7 frames)
#57     SingleChildWidgetElementMixin.mount (package:nested/nested.dart:222:11)
...     Normal element mounting (7 frames)
#64     _NestedHookElement.mount (package:nested/nested.dart:187:11)
...     Normal element mounting (7 frames)
#71     _InheritedProviderScopeElement.mount (package:provider/src/inherited_provider.dart:424:11)
...     Normal element mounting (7 frames)
#78     SingleChildWidgetElementMixin.mount (package:nested/nested.dart:222:11)
...     Normal element mounting (7 frames)
#85     SingleChildWidgetElementMixin.mount (package:nested/nested.dart:222:11)
...     Normal element mounting (7 frames)
#92     _NestedHookElement.mount (package:nested/nested.dart:187:11)
...     Normal element mounting (7 frames)
#99     _InheritedProviderScopeElement.mount (package:provider/src/inherited_provider.dart:424:11)
...     Normal element mounting (7 frames)
#106    SingleChildWidgetElementMixin.mount (package:nested/nested.dart:222:11)
...     Normal element mounting (7 frames)
#113    SingleChildWidgetElementMixin.mount (package:nested/nested.dart:222:11)
...     Normal element mounting (7 frames)
#120    _NestedHookElement.mount (package:nested/nested.dart:187:11)
...     Normal element mounting (7 frames)
#127    SingleChildWidgetElementMixin.mount (package:nested/nested.dart:222:11)
...     Normal element mounting (228 frames)
#355    Element.inflateWidget (package:flutter/src/widgets/framework.dart:4539:16)
#356    MultiChildRenderObjectElement.inflateWidget (package:flutter/src/widgets/framework.dart:7159:36)
#357    MultiChildRenderObjectElement.mount (package:flutter/src/widgets/framework.dart:7175:32)
...     Normal element mounting (457 frames)
#814    Element.inflateWidget (package:flutter/src/widgets/framework.dart:4539:16)
#815    Element.updateChild (package:flutter/src/widgets/framework.dart:3998:20)
#816    ComponentElement.performRebuild (package:flutter/src/widgets/framework.dart:5738:16)
#817    Element.rebuild (package:flutter/src/widgets/framework.dart:5427:7)
#818    ProxyElement.update (package:flutter/src/widgets/framework.dart:6041:5)
#819    _InheritedNotifierElement.update (package:flutter/src/widgets/inherited_notifier.dart:108:11)
#820    Element.updateChild (package:flutter/src/widgets/framework.dart:3982:15)
#821    ComponentElement.performRebuild (package:flutter/src/widgets/framework.dart:5738:16)
#822    StatefulElement.performRebuild (package:flutter/src/widgets/framework.dart:5874:11)
#823    Element.rebuild (package:flutter/src/widgets/framework.dart:5427:7)
#824    StatefulElement.update (package:flutter/src/widgets/framework.dart:5899:5)
#825    Element.updateChild (package:flutter/src/widgets/framework.dart:3982:15)
#826    ComponentElement.performRebuild (package:flutter/src/widgets/framework.dart:5738:16)
#827    Element.rebuild (package:flutter/src/widgets/framework.dart:5427:7)
#828    ProxyElement.update (package:flutter/src/widgets/framework.dart:6041:5)
#829    _InheritedNotifierElement.update (package:flutter/src/widgets/inherited_notifier.dart:108:11)
#830    Element.updateChild (package:flutter/src/widgets/framework.dart:3982:15)
#831    ComponentElement.performRebuild (package:flutter/src/widgets/framework.dart:5738:16)
#832    StatefulElement.performRebuild (package:flutter/src/widgets/framework.dart:5874:11)
#833    Element.rebuild (package:flutter/src/widgets/framework.dart:5427:7)
#834    StatefulElement.update (package:flutter/src/widgets/framework.dart:5899:5)
#835    Element.updateChild (package:flutter/src/widgets/framework.dart:3982:15)
#836    ComponentElement.performRebuild (package:flutter/src/widgets/framework.dart:5738:16)
#837    StatefulElement.performRebuild (package:flutter/src/widgets/framework.dart:5874:11)
#838    Element.rebuild (package:flutter/src/widgets/framework.dart:5427:7)
#839    StatefulElement.update (package:flutter/src/widgets/framework.dart:5899:5)
#840    Element.updateChild (package:flutter/src/widgets/framework.dart:3982:15)
#841    ComponentElement.performRebuild (package:flutter/src/widgets/framework.dart:5738:16)
#842    Element.rebuild (package:flutter/src/widgets/framework.dart:5427:7)
#843    ProxyElement.update (package:flutter/src/widgets/framework.dart:6041:5)
#844    Element.updateChild (package:flutter/src/widgets/framework.dart:3982:15)
#845    ComponentElement.performRebuild (package:flutter/src/widgets/framework.dart:5738:16)
#846    StatefulElement.performRebuild (package:flutter/src/widgets/framework.dart:5874:11)
#847    Element.rebuild (package:flutter/src/widgets/framework.dart:5427:7)
#848    StatefulElement.update (package:flutter/src/widgets/framework.dart:5899:5)
#849    Element.updateChild (package:flutter/src/widgets/framework.dart:3982:15)
#850    ComponentElement.performRebuild (package:flutter/src/widgets/framework.dart:5738:16)
#851    Element.rebuild (package:flutter/src/widgets/framework.dart:5427:7)
#852    ProxyElement.update (package:flutter/src/widgets/framework.dart:6041:5)
#853    Element.updateChild (package:flutter/src/widgets/framework.dart:3982:15)
#854    ComponentElement.performRebuild (package:flutter/src/widgets/framework.dart:5738:16)
#855    Element.rebuild (package:flutter/src/widgets/framework.dart:5427:7)
#856    ProxyElement.update (package:flutter/src/widgets/framework.dart:6041:5)
#857    Element.updateChild (package:flutter/src/widgets/framework.dart:3982:15)
#858    _RawViewElement._updateChild (package:flutter/src/widgets/view.dart:481:16)
#859    _RawViewElement.update (package:flutter/src/widgets/view.dart:569:5)
#860    Element.updateChild (package:flutter/src/widgets/framework.dart:3982:15)
#861    ComponentElement.performRebuild (package:flutter/src/widgets/framework.dart:5738:16)
#862    Element.rebuild (package:flutter/src/widgets/framework.dart:5427:7)
#863    StatelessElement.update (package:flutter/src/widgets/framework.dart:5787:5)
#864    Element.updateChild (package:flutter/src/widgets/framework.dart:3982:15)
#865    ComponentElement.performRebuild (package:flutter/src/widgets/framework.dart:5738:16)
#866    StatefulElement.performRebuild (package:flutter/src/widgets/framework.dart:5874:11)
#867    Element.rebuild (package:flutter/src/widgets/framework.dart:5427:7)
#868    StatefulElement.update (package:flutter/src/widgets/framework.dart:5899:5)
#869    Element.updateChild (package:flutter/src/widgets/framework.dart:3982:15)
#870    RootElement._rebuild (package:flutter/src/widgets/binding.dart:1698:16)
#871    RootElement.update (package:flutter/src/widgets/binding.dart:1676:5)
#872    RootElement.performRebuild (package:flutter/src/widgets/binding.dart:1690:7)
#873    Element.rebuild (package:flutter/src/widgets/framework.dart:5427:7)
#874    BuildScope._tryRebuild (package:flutter/src/widgets/framework.dart:2694:15)
#875    BuildScope._flushDirtyElements (package:flutter/src/widgets/framework.dart:2752:11)
#876    BuildOwner.buildScope (package:flutter/src/widgets/framework.dart:3056:18)
#877    AutomatedTestWidgetsFlutterBinding.drawFrame (package:flutter_test/src/binding.dart:1515:19)
#878    RendererBinding._handlePersistentFrameCallback (package:flutter/src/rendering/binding.dart:495:5)
#879    SchedulerBinding._invokeFrameCallback (package:flutter/src/scheduler/binding.dart:1438:15)
#880    SchedulerBinding.handleDrawFrame (package:flutter/src/scheduler/binding.dart:1351:9)
#881    AutomatedTestWidgetsFlutterBinding.pump.<anonymous closure> (package:flutter_test/src/binding.dart:1340:9)
#884    TestAsyncUtils.guard (package:flutter_test/src/test_async_utils.dart:74:41)
#885    AutomatedTestWidgetsFlutterBinding.pump (package:flutter_test/src/binding.dart:1329:27)
#886    WidgetTester.pumpWidget.<anonymous closure> (package:flutter_test/src/widget_tester.dart:599:22)
#889    TestAsyncUtils.guard (package:flutter_test/src/test_async_utils.dart:74:41)
#890    WidgetTester.pumpWidget (package:flutter_test/src/widget_tester.dart:596:27)
#891    main.<anonymous closure>.<anonymous closure> (file:///E:/New%20folder%20(2)/papercraft/test/widgets/features/question_bank/pages/question_bank_page_test.dart:110:20)
#892    testWidgets.<anonymous closure>.<anonymous closure> (package:flutter_test/src/widget_tester.dart:193:29)
<asynchronous suspension>
#893    TestWidgetsFlutterBinding._runTestBody (package:flutter_test/src/binding.dart:1064:5)
<asynchronous suspension>
<asynchronous suspension>
(elided 5 frames from dart:async and package:stack_trace)

â•â•â•â•â•â•â•â•â•â•â•â•â•â•â•â•â•â•â•â•â•â•â•â•â•â•â•â•â•â•â•â•â•â•â•â•â•â•â•â•â•â•â•â•â•â•â•â•â•â•â•â•â•â•â•â•â•â•â•â•â•â•â•â•â•â•â•â•â•â•â•â•â•â•â•â•â•â•â•â•â•â•â•â•â•â•â•â•â•â•â•â•â•â•â•â•â•â•â•â•
â•â•â•¡ EXCEPTION CAUGHT BY FLUTTER TEST FRAMEWORK â•â•â•â•â•â•â•â•â•â•â•â•â•â•â•â•â•â•â•â•â•â•â•â•â•â•â•â•â•â•â•â•â•â•â•â•â•â•â•â•â•â•â•â•â•â•â•â•â•â•â•â•â•
The following TestFailure was thrown running a test:
Expected: at least one matching candidate
  Actual: _TypeWidgetFinder:<Found 0 widgets with type "TextField": []>
   Which: means none were found but some were expected

When the exception was thrown, this was the stack:
#4      main.<anonymous closure>.<anonymous closure> (file:///E:/New%20folder%20(2)/papercraft/test/widgets/features/question_bank/pages/question_bank_page_test.dart:116:7)
<asynchronous suspension>
#5      testWidgets.<anonymous closure>.<anonymous closure> (package:flutter_test/src/widget_tester.dart:193:15)
<asynchronous suspension>
#6      TestWidgetsFlutterBinding._runTestBody (package:flutter_test/src/binding.dart:1064:5)
<asynchronous suspension>
<asynchronous suspension>
(elided one frame from package:stack_trace)

This was caught by the test expectation on the following line:
  file:///E:/New%20folder%20(2)/papercraft/test/widgets/features/question_bank/pages/question_bank_page_test.dart line 116
The test description was:
  shows search bar when loaded
â•â•â•â•â•â•â•â•â•â•â•â•â•â•â•â•â•â•â•â•â•â•â•â•â•â•â•â•â•â•â•â•â•â•â•â•â•â•â•â•â•â•â•â•â•â•â•â•â•â•â•â•â•â•â•â•â•â•â•â•â•â•â•â•â•â•â•â•â•â•â•â•â•â•â•â•â•â•â•â•â•â•â•â•â•â•â•â•â•â•â•â•â•â•â•â•â•â•â•â•
â•â•â•¡ EXCEPTION CAUGHT BY FLUTTER TEST FRAMEWORK â•â•â•â•â•â•â•â•â•â•â•â•â•â•â•â•â•â•â•â•â•â•â•â•â•â•â•â•â•â•â•â•â•â•â•â•â•â•â•â•â•â•â•â•â•â•â•â•â•â•â•â•â•
The following message was thrown:
Multiple exceptions (2) were detected during the running of the current test, and at least one was
unexpected.
â•â•â•â•â•â•â•â•â•â•â•â•â•â•â•â•â•â•â•â•â•â•â•â•â•â•â•â•â•â•â•â•â•â•â•â•â•â•â•â•â•â•â•â•â•â•â•â•â•â•â•â•â•â•â•â•â•â•â•â•â•â•â•â•â•â•â•â•â•â•â•â•â•â•â•â•â•â•â•â•â•â•â•â•â•â•â•â•â•â•â•â•â•â•â•â•â•â•â•â•
02:48 +410 -16: E:/New folder (2)/papercraft/test/widgets/features/question_bank/pages/question_bank_page_test.dart: QuestionBankPage Widget Tests shows search bar when loaded [E]
  Test failed. See exception logs above.
  The test description was: shows search bar when loaded


To run this test again: C:\Users\Jahir\flutter\bin\cache\dart-sdk\bin\dart.exe test E:/New folder (2)/papercraft/test/widgets/features/question_bank/pages/question_bank_page_test.dart -p vm --plain-name "QuestionBankPage Widget Tests shows search bar when loaded"
02:48 +410 -16: E:/New folder (2)/papercraft/test/widgets/features/question_bank/pages/question_bank_page_test.dart: QuestionBankPage Widget Tests shows papers when loaded
â•â•â•¡ EXCEPTION CAUGHT BY WIDGETS LIBRARY â•â•â•â•â•â•â•â•â•â•â•â•â•â•â•â•â•â•â•â•â•â•â•â•â•â•â•â•â•â•â•â•â•â•â•â•â•â•â•â•â•â•â•â•â•â•â•â•â•â•â•â•â•â•â•â•â•â•â•â•
The following StateError was thrown building _InheritedProviderScope<TeacherPreferencesBloc?>:
Bad state: GetIt: Object/factory with type UserInfoService is not registered inside GetIt.
(Did you accidentally do GetIt sl=GetIt.instance(); instead of GetIt sl=GetIt.instance;
Did you forget to register it?)

The relevant error-causing widget was:
  _InheritedProviderScope<TeacherPreferencesBloc?>
  _InheritedProviderScope:file:///C:/Users/Jahir/AppData/Local/Pub/Cache/hosted/pub.dev/provider-6.1.5+1/lib/src/inherited_provider.dart:164:12

When the exception was thrown, this was the stack:
#0      throwIfNot (package:get_it/get_it_impl.dart:14:19)
#1      _GetItImplementation._findRegistrationByNameAndType (package:get_it/get_it_impl.dart:583:5)
#2      _GetItImplementation._get (package:get_it/get_it_impl.dart:641:11)
#3      _GetItImplementation.get (package:get_it/get_it_impl.dart:608:12)
#4      _GetItImplementation.call (package:get_it/get_it_impl.dart:720:12)
#5      new _QuestionBankState (package:papercraft/features/question_bank/presentation/pages/question_bank_page.dart:64:46)
#6      QuestionBankPage.createState (package:papercraft/features/question_bank/presentation/pages/question_bank_page.dart:33:44)
#7      new StatefulElement (package:flutter/src/widgets/framework.dart:5794:60)
#8      StatefulWidget.createElement (package:flutter/src/widgets/framework.dart:779:38)
...     Normal element mounting (7 frames)
#15     _InheritedProviderScopeElement.mount (package:provider/src/inherited_provider.dart:424:11)
...     Normal element mounting (7 frames)
#22     SingleChildWidgetElementMixin.mount (package:nested/nested.dart:222:11)
...     Normal element mounting (7 frames)
#29     SingleChildWidgetElementMixin.mount (package:nested/nested.dart:222:11)
...     Normal element mounting (7 frames)
#36     _NestedHookElement.mount (package:nested/nested.dart:187:11)
...     Normal element mounting (7 frames)
#43     _InheritedProviderScopeElement.mount (package:provider/src/inherited_provider.dart:424:11)
...     Normal element mounting (7 frames)
#50     SingleChildWidgetElementMixin.mount (package:nested/nested.dart:222:11)
...     Normal element mounting (7 frames)
#57     SingleChildWidgetElementMixin.mount (package:nested/nested.dart:222:11)
...     Normal element mounting (7 frames)
#64     _NestedHookElement.mount (package:nested/nested.dart:187:11)
...     Normal element mounting (7 frames)
#71     _InheritedProviderScopeElement.mount (package:provider/src/inherited_provider.dart:424:11)
...     Normal element mounting (7 frames)
#78     SingleChildWidgetElementMixin.mount (package:nested/nested.dart:222:11)
...     Normal element mounting (7 frames)
#85     SingleChildWidgetElementMixin.mount (package:nested/nested.dart:222:11)
...     Normal element mounting (7 frames)
#92     _NestedHookElement.mount (package:nested/nested.dart:187:11)
...     Normal element mounting (7 frames)
#99     _InheritedProviderScopeElement.mount (package:provider/src/inherited_provider.dart:424:11)
...     Normal element mounting (7 frames)
#106    SingleChildWidgetElementMixin.mount (package:nested/nested.dart:222:11)
...     Normal element mounting (7 frames)
#113    SingleChildWidgetElementMixin.mount (package:nested/nested.dart:222:11)
...     Normal element mounting (7 frames)
#120    _NestedHookElement.mount (package:nested/nested.dart:187:11)
...     Normal element mounting (7 frames)
#127    SingleChildWidgetElementMixin.mount (package:nested/nested.dart:222:11)
...     Normal element mounting (228 frames)
#355    Element.inflateWidget (package:flutter/src/widgets/framework.dart:4539:16)
#356    MultiChildRenderObjectElement.inflateWidget (package:flutter/src/widgets/framework.dart:7159:36)
#357    MultiChildRenderObjectElement.mount (package:flutter/src/widgets/framework.dart:7175:32)
...     Normal element mounting (457 frames)
#814    Element.inflateWidget (package:flutter/src/widgets/framework.dart:4539:16)
#815    Element.updateChild (package:flutter/src/widgets/framework.dart:3998:20)
#816    ComponentElement.performRebuild (package:flutter/src/widgets/framework.dart:5738:16)
#817    Element.rebuild (package:flutter/src/widgets/framework.dart:5427:7)
#818    ProxyElement.update (package:flutter/src/widgets/framework.dart:6041:5)
#819    _InheritedNotifierElement.update (package:flutter/src/widgets/inherited_notifier.dart:108:11)
#820    Element.updateChild (package:flutter/src/widgets/framework.dart:3982:15)
#821    ComponentElement.performRebuild (package:flutter/src/widgets/framework.dart:5738:16)
#822    StatefulElement.performRebuild (package:flutter/src/widgets/framework.dart:5874:11)
#823    Element.rebuild (package:flutter/src/widgets/framework.dart:5427:7)
#824    StatefulElement.update (package:flutter/src/widgets/framework.dart:5899:5)
#825    Element.updateChild (package:flutter/src/widgets/framework.dart:3982:15)
#826    ComponentElement.performRebuild (package:flutter/src/widgets/framework.dart:5738:16)
#827    Element.rebuild (package:flutter/src/widgets/framework.dart:5427:7)
#828    ProxyElement.update (package:flutter/src/widgets/framework.dart:6041:5)
#829    _InheritedNotifierElement.update (package:flutter/src/widgets/inherited_notifier.dart:108:11)
#830    Element.updateChild (package:flutter/src/widgets/framework.dart:3982:15)
#831    ComponentElement.performRebuild (package:flutter/src/widgets/framework.dart:5738:16)
#832    StatefulElement.performRebuild (package:flutter/src/widgets/framework.dart:5874:11)
#833    Element.rebuild (package:flutter/src/widgets/framework.dart:5427:7)
#834    StatefulElement.update (package:flutter/src/widgets/framework.dart:5899:5)
#835    Element.updateChild (package:flutter/src/widgets/framework.dart:3982:15)
#836    ComponentElement.performRebuild (package:flutter/src/widgets/framework.dart:5738:16)
#837    StatefulElement.performRebuild (package:flutter/src/widgets/framework.dart:5874:11)
#838    Element.rebuild (package:flutter/src/widgets/framework.dart:5427:7)
#839    StatefulElement.update (package:flutter/src/widgets/framework.dart:5899:5)
#840    Element.updateChild (package:flutter/src/widgets/framework.dart:3982:15)
#841    ComponentElement.performRebuild (package:flutter/src/widgets/framework.dart:5738:16)
#842    Element.rebuild (package:flutter/src/widgets/framework.dart:5427:7)
#843    ProxyElement.update (package:flutter/src/widgets/framework.dart:6041:5)
#844    Element.updateChild (package:flutter/src/widgets/framework.dart:3982:15)
#845    ComponentElement.performRebuild (package:flutter/src/widgets/framework.dart:5738:16)
#846    StatefulElement.performRebuild (package:flutter/src/widgets/framework.dart:5874:11)
#847    Element.rebuild (package:flutter/src/widgets/framework.dart:5427:7)
#848    StatefulElement.update (package:flutter/src/widgets/framework.dart:5899:5)
#849    Element.updateChild (package:flutter/src/widgets/framework.dart:3982:15)
#850    ComponentElement.performRebuild (package:flutter/src/widgets/framework.dart:5738:16)
#851    Element.rebuild (package:flutter/src/widgets/framework.dart:5427:7)
#852    ProxyElement.update (package:flutter/src/widgets/framework.dart:6041:5)
#853    Element.updateChild (package:flutter/src/widgets/framework.dart:3982:15)
#854    ComponentElement.performRebuild (package:flutter/src/widgets/framework.dart:5738:16)
#855    Element.rebuild (package:flutter/src/widgets/framework.dart:5427:7)
#856    ProxyElement.update (package:flutter/src/widgets/framework.dart:6041:5)
#857    Element.updateChild (package:flutter/src/widgets/framework.dart:3982:15)
#858    _RawViewElement._updateChild (package:flutter/src/widgets/view.dart:481:16)
#859    _RawViewElement.update (package:flutter/src/widgets/view.dart:569:5)
#860    Element.updateChild (package:flutter/src/widgets/framework.dart:3982:15)
#861    ComponentElement.performRebuild (package:flutter/src/widgets/framework.dart:5738:16)
#862    Element.rebuild (package:flutter/src/widgets/framework.dart:5427:7)
#863    StatelessElement.update (package:flutter/src/widgets/framework.dart:5787:5)
#864    Element.updateChild (package:flutter/src/widgets/framework.dart:3982:15)
#865    ComponentElement.performRebuild (package:flutter/src/widgets/framework.dart:5738:16)
#866    StatefulElement.performRebuild (package:flutter/src/widgets/framework.dart:5874:11)
#867    Element.rebuild (package:flutter/src/widgets/framework.dart:5427:7)
#868    StatefulElement.update (package:flutter/src/widgets/framework.dart:5899:5)
#869    Element.updateChild (package:flutter/src/widgets/framework.dart:3982:15)
#870    RootElement._rebuild (package:flutter/src/widgets/binding.dart:1698:16)
#871    RootElement.update (package:flutter/src/widgets/binding.dart:1676:5)
#872    RootElement.performRebuild (package:flutter/src/widgets/binding.dart:1690:7)
#873    Element.rebuild (package:flutter/src/widgets/framework.dart:5427:7)
#874    BuildScope._tryRebuild (package:flutter/src/widgets/framework.dart:2694:15)
#875    BuildScope._flushDirtyElements (package:flutter/src/widgets/framework.dart:2752:11)
#876    BuildOwner.buildScope (package:flutter/src/widgets/framework.dart:3056:18)
#877    AutomatedTestWidgetsFlutterBinding.drawFrame (package:flutter_test/src/binding.dart:1515:19)
#878    RendererBinding._handlePersistentFrameCallback (package:flutter/src/rendering/binding.dart:495:5)
#879    SchedulerBinding._invokeFrameCallback (package:flutter/src/scheduler/binding.dart:1438:15)
#880    SchedulerBinding.handleDrawFrame (package:flutter/src/scheduler/binding.dart:1351:9)
#881    AutomatedTestWidgetsFlutterBinding.pump.<anonymous closure> (package:flutter_test/src/binding.dart:1340:9)
#884    TestAsyncUtils.guard (package:flutter_test/src/test_async_utils.dart:74:41)
#885    AutomatedTestWidgetsFlutterBinding.pump (package:flutter_test/src/binding.dart:1329:27)
#886    WidgetTester.pumpWidget.<anonymous closure> (package:flutter_test/src/widget_tester.dart:599:22)
#889    TestAsyncUtils.guard (package:flutter_test/src/test_async_utils.dart:74:41)
#890    WidgetTester.pumpWidget (package:flutter_test/src/widget_tester.dart:596:27)
#891    main.<anonymous closure>.<anonymous closure> (file:///E:/New%20folder%20(2)/papercraft/test/widgets/features/question_bank/pages/question_bank_page_test.dart:144:20)
#892    testWidgets.<anonymous closure>.<anonymous closure> (package:flutter_test/src/widget_tester.dart:193:29)
<asynchronous suspension>
#893    TestWidgetsFlutterBinding._runTestBody (package:flutter_test/src/binding.dart:1064:5)
<asynchronous suspension>
<asynchronous suspension>
(elided 5 frames from dart:async and package:stack_trace)

â•â•â•â•â•â•â•â•â•â•â•â•â•â•â•â•â•â•â•â•â•â•â•â•â•â•â•â•â•â•â•â•â•â•â•â•â•â•â•â•â•â•â•â•â•â•â•â•â•â•â•â•â•â•â•â•â•â•â•â•â•â•â•â•â•â•â•â•â•â•â•â•â•â•â•â•â•â•â•â•â•â•â•â•â•â•â•â•â•â•â•â•â•â•â•â•â•â•â•â•
â•â•â•¡ EXCEPTION CAUGHT BY FLUTTER TEST FRAMEWORK â•â•â•â•â•â•â•â•â•â•â•â•â•â•â•â•â•â•â•â•â•â•â•â•â•â•â•â•â•â•â•â•â•â•â•â•â•â•â•â•â•â•â•â•â•â•â•â•â•â•â•â•â•
The following TestFailure was thrown running a test:
Expected: exactly one matching candidate
  Actual: _TextWidgetFinder:<Found 0 widgets with text "Mathematics Test": []>
   Which: means none were found but one was expected

When the exception was thrown, this was the stack:
#4      main.<anonymous closure>.<anonymous closure> (file:///E:/New%20folder%20(2)/papercraft/test/widgets/features/question_bank/pages/question_bank_page_test.dart:150:7)
<asynchronous suspension>
#5      testWidgets.<anonymous closure>.<anonymous closure> (package:flutter_test/src/widget_tester.dart:193:15)
<asynchronous suspension>
#6      TestWidgetsFlutterBinding._runTestBody (package:flutter_test/src/binding.dart:1064:5)
<asynchronous suspension>
<asynchronous suspension>
(elided one frame from package:stack_trace)

This was caught by the test expectation on the following line:
  file:///E:/New%20folder%20(2)/papercraft/test/widgets/features/question_bank/pages/question_bank_page_test.dart line 150
The test description was:
  shows papers when loaded
â•â•â•â•â•â•â•â•â•â•â•â•â•â•â•â•â•â•â•â•â•â•â•â•â•â•â•â•â•â•â•â•â•â•â•â•â•â•â•â•â•â•â•â•â•â•â•â•â•â•â•â•â•â•â•â•â•â•â•â•â•â•â•â•â•â•â•â•â•â•â•â•â•â•â•â•â•â•â•â•â•â•â•â•â•â•â•â•â•â•â•â•â•â•â•â•â•â•â•â•
â•â•â•¡ EXCEPTION CAUGHT BY FLUTTER TEST FRAMEWORK â•â•â•â•â•â•â•â•â•â•â•â•â•â•â•â•â•â•â•â•â•â•â•â•â•â•â•â•â•â•â•â•â•â•â•â•â•â•â•â•â•â•â•â•â•â•â•â•â•â•â•â•â•
The following message was thrown:
Multiple exceptions (2) were detected during the running of the current test, and at least one was
unexpected.
â•â•â•â•â•â•â•â•â•â•â•â•â•â•â•â•â•â•â•â•â•â•â•â•â•â•â•â•â•â•â•â•â•â•â•â•â•â•â•â•â•â•â•â•â•â•â•â•â•â•â•â•â•â•â•â•â•â•â•â•â•â•â•â•â•â•â•â•â•â•â•â•â•â•â•â•â•â•â•â•â•â•â•â•â•â•â•â•â•â•â•â•â•â•â•â•â•â•â•â•
02:49 +410 -17: E:/New folder (2)/papercraft/test/widgets/features/question_bank/pages/question_bank_page_test.dart: QuestionBankPage Widget Tests shows papers when loaded [E]
  Test failed. See exception logs above.
  The test description was: shows papers when loaded


To run this test again: C:\Users\Jahir\flutter\bin\cache\dart-sdk\bin\dart.exe test E:/New folder (2)/papercraft/test/widgets/features/question_bank/pages/question_bank_page_test.dart -p vm --plain-name "QuestionBankPage Widget Tests shows papers when loaded"
02:49 +410 -17: E:/New folder (2)/papercraft/test/widgets/features/question_bank/pages/question_bank_page_test.dart: QuestionBankPage Widget Tests shows empty state when no papers
â•â•â•¡ EXCEPTION CAUGHT BY WIDGETS LIBRARY â•â•â•â•â•â•â•â•â•â•â•â•â•â•â•â•â•â•â•â•â•â•â•â•â•â•â•â•â•â•â•â•â•â•â•â•â•â•â•â•â•â•â•â•â•â•â•â•â•â•â•â•â•â•â•â•â•â•â•â•
The following StateError was thrown building _InheritedProviderScope<TeacherPreferencesBloc?>:
Bad state: GetIt: Object/factory with type UserInfoService is not registered inside GetIt.
(Did you accidentally do GetIt sl=GetIt.instance(); instead of GetIt sl=GetIt.instance;
Did you forget to register it?)

The relevant error-causing widget was:
  _InheritedProviderScope<TeacherPreferencesBloc?>
  _InheritedProviderScope:file:///C:/Users/Jahir/AppData/Local/Pub/Cache/hosted/pub.dev/provider-6.1.5+1/lib/src/inherited_provider.dart:164:12

When the exception was thrown, this was the stack:
#0      throwIfNot (package:get_it/get_it_impl.dart:14:19)
#1      _GetItImplementation._findRegistrationByNameAndType (package:get_it/get_it_impl.dart:583:5)
#2      _GetItImplementation._get (package:get_it/get_it_impl.dart:641:11)
#3      _GetItImplementation.get (package:get_it/get_it_impl.dart:608:12)
#4      _GetItImplementation.call (package:get_it/get_it_impl.dart:720:12)
#5      new _QuestionBankState (package:papercraft/features/question_bank/presentation/pages/question_bank_page.dart:64:46)
#6      QuestionBankPage.createState (package:papercraft/features/question_bank/presentation/pages/question_bank_page.dart:33:44)
#7      new StatefulElement (package:flutter/src/widgets/framework.dart:5794:60)
#8      StatefulWidget.createElement (package:flutter/src/widgets/framework.dart:779:38)
...     Normal element mounting (7 frames)
#15     _InheritedProviderScopeElement.mount (package:provider/src/inherited_provider.dart:424:11)
...     Normal element mounting (7 frames)
#22     SingleChildWidgetElementMixin.mount (package:nested/nested.dart:222:11)
...     Normal element mounting (7 frames)
#29     SingleChildWidgetElementMixin.mount (package:nested/nested.dart:222:11)
...     Normal element mounting (7 frames)
#36     _NestedHookElement.mount (package:nested/nested.dart:187:11)
...     Normal element mounting (7 frames)
#43     _InheritedProviderScopeElement.mount (package:provider/src/inherited_provider.dart:424:11)
...     Normal element mounting (7 frames)
#50     SingleChildWidgetElementMixin.mount (package:nested/nested.dart:222:11)
...     Normal element mounting (7 frames)
#57     SingleChildWidgetElementMixin.mount (package:nested/nested.dart:222:11)
...     Normal element mounting (7 frames)
#64     _NestedHookElement.mount (package:nested/nested.dart:187:11)
...     Normal element mounting (7 frames)
#71     _InheritedProviderScopeElement.mount (package:provider/src/inherited_provider.dart:424:11)
...     Normal element mounting (7 frames)
#78     SingleChildWidgetElementMixin.mount (package:nested/nested.dart:222:11)
...     Normal element mounting (7 frames)
#85     SingleChildWidgetElementMixin.mount (package:nested/nested.dart:222:11)
...     Normal element mounting (7 frames)
#92     _NestedHookElement.mount (package:nested/nested.dart:187:11)
...     Normal element mounting (7 frames)
#99     _InheritedProviderScopeElement.mount (package:provider/src/inherited_provider.dart:424:11)
...     Normal element mounting (7 frames)
#106    SingleChildWidgetElementMixin.mount (package:nested/nested.dart:222:11)
...     Normal element mounting (7 frames)
#113    SingleChildWidgetElementMixin.mount (package:nested/nested.dart:222:11)
...     Normal element mounting (7 frames)
#120    _NestedHookElement.mount (package:nested/nested.dart:187:11)
...     Normal element mounting (7 frames)
#127    SingleChildWidgetElementMixin.mount (package:nested/nested.dart:222:11)
...     Normal element mounting (228 frames)
#355    Element.inflateWidget (package:flutter/src/widgets/framework.dart:4539:16)
#356    MultiChildRenderObjectElement.inflateWidget (package:flutter/src/widgets/framework.dart:7159:36)
#357    MultiChildRenderObjectElement.mount (package:flutter/src/widgets/framework.dart:7175:32)
...     Normal element mounting (457 frames)
#814    Element.inflateWidget (package:flutter/src/widgets/framework.dart:4539:16)
#815    Element.updateChild (package:flutter/src/widgets/framework.dart:3998:20)
#816    ComponentElement.performRebuild (package:flutter/src/widgets/framework.dart:5738:16)
#817    Element.rebuild (package:flutter/src/widgets/framework.dart:5427:7)
#818    ProxyElement.update (package:flutter/src/widgets/framework.dart:6041:5)
#819    _InheritedNotifierElement.update (package:flutter/src/widgets/inherited_notifier.dart:108:11)
#820    Element.updateChild (package:flutter/src/widgets/framework.dart:3982:15)
#821    ComponentElement.performRebuild (package:flutter/src/widgets/framework.dart:5738:16)
#822    StatefulElement.performRebuild (package:flutter/src/widgets/framework.dart:5874:11)
#823    Element.rebuild (package:flutter/src/widgets/framework.dart:5427:7)
#824    StatefulElement.update (package:flutter/src/widgets/framework.dart:5899:5)
#825    Element.updateChild (package:flutter/src/widgets/framework.dart:3982:15)
#826    ComponentElement.performRebuild (package:flutter/src/widgets/framework.dart:5738:16)
#827    Element.rebuild (package:flutter/src/widgets/framework.dart:5427:7)
#828    ProxyElement.update (package:flutter/src/widgets/framework.dart:6041:5)
#829    _InheritedNotifierElement.update (package:flutter/src/widgets/inherited_notifier.dart:108:11)
#830    Element.updateChild (package:flutter/src/widgets/framework.dart:3982:15)
#831    ComponentElement.performRebuild (package:flutter/src/widgets/framework.dart:5738:16)
#832    StatefulElement.performRebuild (package:flutter/src/widgets/framework.dart:5874:11)
#833    Element.rebuild (package:flutter/src/widgets/framework.dart:5427:7)
#834    StatefulElement.update (package:flutter/src/widgets/framework.dart:5899:5)
#835    Element.updateChild (package:flutter/src/widgets/framework.dart:3982:15)
#836    ComponentElement.performRebuild (package:flutter/src/widgets/framework.dart:5738:16)
#837    StatefulElement.performRebuild (package:flutter/src/widgets/framework.dart:5874:11)
#838    Element.rebuild (package:flutter/src/widgets/framework.dart:5427:7)
#839    StatefulElement.update (package:flutter/src/widgets/framework.dart:5899:5)
#840    Element.updateChild (package:flutter/src/widgets/framework.dart:3982:15)
#841    ComponentElement.performRebuild (package:flutter/src/widgets/framework.dart:5738:16)
#842    Element.rebuild (package:flutter/src/widgets/framework.dart:5427:7)
#843    ProxyElement.update (package:flutter/src/widgets/framework.dart:6041:5)
#844    Element.updateChild (package:flutter/src/widgets/framework.dart:3982:15)
#845    ComponentElement.performRebuild (package:flutter/src/widgets/framework.dart:5738:16)
#846    StatefulElement.performRebuild (package:flutter/src/widgets/framework.dart:5874:11)
#847    Element.rebuild (package:flutter/src/widgets/framework.dart:5427:7)
#848    StatefulElement.update (package:flutter/src/widgets/framework.dart:5899:5)
#849    Element.updateChild (package:flutter/src/widgets/framework.dart:3982:15)
#850    ComponentElement.performRebuild (package:flutter/src/widgets/framework.dart:5738:16)
#851    Element.rebuild (package:flutter/src/widgets/framework.dart:5427:7)
#852    ProxyElement.update (package:flutter/src/widgets/framework.dart:6041:5)
#853    Element.updateChild (package:flutter/src/widgets/framework.dart:3982:15)
#854    ComponentElement.performRebuild (package:flutter/src/widgets/framework.dart:5738:16)
#855    Element.rebuild (package:flutter/src/widgets/framework.dart:5427:7)
#856    ProxyElement.update (package:flutter/src/widgets/framework.dart:6041:5)
#857    Element.updateChild (package:flutter/src/widgets/framework.dart:3982:15)
#858    _RawViewElement._updateChild (package:flutter/src/widgets/view.dart:481:16)
#859    _RawViewElement.update (package:flutter/src/widgets/view.dart:569:5)
#860    Element.updateChild (package:flutter/src/widgets/framework.dart:3982:15)
#861    ComponentElement.performRebuild (package:flutter/src/widgets/framework.dart:5738:16)
#862    Element.rebuild (package:flutter/src/widgets/framework.dart:5427:7)
#863    StatelessElement.update (package:flutter/src/widgets/framework.dart:5787:5)
#864    Element.updateChild (package:flutter/src/widgets/framework.dart:3982:15)
#865    ComponentElement.performRebuild (package:flutter/src/widgets/framework.dart:5738:16)
#866    StatefulElement.performRebuild (package:flutter/src/widgets/framework.dart:5874:11)
#867    Element.rebuild (package:flutter/src/widgets/framework.dart:5427:7)
#868    StatefulElement.update (package:flutter/src/widgets/framework.dart:5899:5)
#869    Element.updateChild (package:flutter/src/widgets/framework.dart:3982:15)
#870    RootElement._rebuild (package:flutter/src/widgets/binding.dart:1698:16)
#871    RootElement.update (package:flutter/src/widgets/binding.dart:1676:5)
#872    RootElement.performRebuild (package:flutter/src/widgets/binding.dart:1690:7)
#873    Element.rebuild (package:flutter/src/widgets/framework.dart:5427:7)
#874    BuildScope._tryRebuild (package:flutter/src/widgets/framework.dart:2694:15)
#875    BuildScope._flushDirtyElements (package:flutter/src/widgets/framework.dart:2752:11)
#876    BuildOwner.buildScope (package:flutter/src/widgets/framework.dart:3056:18)
#877    AutomatedTestWidgetsFlutterBinding.drawFrame (package:flutter_test/src/binding.dart:1515:19)
#878    RendererBinding._handlePersistentFrameCallback (package:flutter/src/rendering/binding.dart:495:5)
#879    SchedulerBinding._invokeFrameCallback (package:flutter/src/scheduler/binding.dart:1438:15)
#880    SchedulerBinding.handleDrawFrame (package:flutter/src/scheduler/binding.dart:1351:9)
#881    AutomatedTestWidgetsFlutterBinding.pump.<anonymous closure> (package:flutter_test/src/binding.dart:1340:9)
#884    TestAsyncUtils.guard (package:flutter_test/src/test_async_utils.dart:74:41)
#885    AutomatedTestWidgetsFlutterBinding.pump (package:flutter_test/src/binding.dart:1329:27)
#886    WidgetTester.pumpWidget.<anonymous closure> (package:flutter_test/src/widget_tester.dart:599:22)
#889    TestAsyncUtils.guard (package:flutter_test/src/test_async_utils.dart:74:41)
#890    WidgetTester.pumpWidget (package:flutter_test/src/widget_tester.dart:596:27)
#891    main.<anonymous closure>.<anonymous closure> (file:///E:/New%20folder%20(2)/papercraft/test/widgets/features/question_bank/pages/question_bank_page_test.dart:154:20)
#892    testWidgets.<anonymous closure>.<anonymous closure> (package:flutter_test/src/widget_tester.dart:193:29)
<asynchronous suspension>
#893    TestWidgetsFlutterBinding._runTestBody (package:flutter_test/src/binding.dart:1064:5)
<asynchronous suspension>
<asynchronous suspension>
(elided 5 frames from dart:async and package:stack_trace)

â•â•â•â•â•â•â•â•â•â•â•â•â•â•â•â•â•â•â•â•â•â•â•â•â•â•â•â•â•â•â•â•â•â•â•â•â•â•â•â•â•â•â•â•â•â•â•â•â•â•â•â•â•â•â•â•â•â•â•â•â•â•â•â•â•â•â•â•â•â•â•â•â•â•â•â•â•â•â•â•â•â•â•â•â•â•â•â•â•â•â•â•â•â•â•â•â•â•â•â•
â•â•â•¡ EXCEPTION CAUGHT BY FLUTTER TEST FRAMEWORK â•â•â•â•â•â•â•â•â•â•â•â•â•â•â•â•â•â•â•â•â•â•â•â•â•â•â•â•â•â•â•â•â•â•â•â•â•â•â•â•â•â•â•â•â•â•â•â•â•â•â•â•â•
The following TestFailure was thrown running a test:
Expected: exactly one matching candidate
  Actual: _TextWidgetFinder:<Found 0 widgets with text "No approved papers found": []>
   Which: means none were found but one was expected

When the exception was thrown, this was the stack:
#4      main.<anonymous closure>.<anonymous closure> (file:///E:/New%20folder%20(2)/papercraft/test/widgets/features/question_bank/pages/question_bank_page_test.dart:160:7)
<asynchronous suspension>
#5      testWidgets.<anonymous closure>.<anonymous closure> (package:flutter_test/src/widget_tester.dart:193:15)
<asynchronous suspension>
#6      TestWidgetsFlutterBinding._runTestBody (package:flutter_test/src/binding.dart:1064:5)
<asynchronous suspension>
<asynchronous suspension>
(elided one frame from package:stack_trace)

This was caught by the test expectation on the following line:
  file:///E:/New%20folder%20(2)/papercraft/test/widgets/features/question_bank/pages/question_bank_page_test.dart line 160
The test description was:
  shows empty state when no papers
â•â•â•â•â•â•â•â•â•â•â•â•â•â•â•â•â•â•â•â•â•â•â•â•â•â•â•â•â•â•â•â•â•â•â•â•â•â•â•â•â•â•â•â•â•â•â•â•â•â•â•â•â•â•â•â•â•â•â•â•â•â•â•â•â•â•â•â•â•â•â•â•â•â•â•â•â•â•â•â•â•â•â•â•â•â•â•â•â•â•â•â•â•â•â•â•â•â•â•â•
â•â•â•¡ EXCEPTION CAUGHT BY FLUTTER TEST FRAMEWORK â•â•â•â•â•â•â•â•â•â•â•â•â•â•â•â•â•â•â•â•â•â•â•â•â•â•â•â•â•â•â•â•â•â•â•â•â•â•â•â•â•â•â•â•â•â•â•â•â•â•â•â•â•
The following message was thrown:
Multiple exceptions (2) were detected during the running of the current test, and at least one was
unexpected.
â•â•â•â•â•â•â•â•â•â•â•â•â•â•â•â•â•â•â•â•â•â•â•â•â•â•â•â•â•â•â•â•â•â•â•â•â•â•â•â•â•â•â•â•â•â•â•â•â•â•â•â•â•â•â•â•â•â•â•â•â•â•â•â•â•â•â•â•â•â•â•â•â•â•â•â•â•â•â•â•â•â•â•â•â•â•â•â•â•â•â•â•â•â•â•â•â•â•â•â•
02:49 +410 -18: E:/New folder (2)/papercraft/test/widgets/features/question_bank/pages/question_bank_page_test.dart: QuestionBankPage Widget Tests shows empty state when no papers [E]
  Test failed. See exception logs above.
  The test description was: shows empty state when no papers


To run this test again: C:\Users\Jahir\flutter\bin\cache\dart-sdk\bin\dart.exe test E:/New folder (2)/papercraft/test/widgets/features/question_bank/pages/question_bank_page_test.dart -p vm --plain-name "QuestionBankPage Widget Tests shows empty state when no papers"
02:49 +410 -18: E:/New folder (2)/papercraft/test/widgets/features/question_bank/pages/question_bank_page_test.dart: QuestionBankPage Widget Tests shows error message when loading fails
â•â•â•¡ EXCEPTION CAUGHT BY WIDGETS LIBRARY â•â•â•â•â•â•â•â•â•â•â•â•â•â•â•â•â•â•â•â•â•â•â•â•â•â•â•â•â•â•â•â•â•â•â•â•â•â•â•â•â•â•â•â•â•â•â•â•â•â•â•â•â•â•â•â•â•â•â•â•
The following StateError was thrown building _InheritedProviderScope<TeacherPreferencesBloc?>:
Bad state: GetIt: Object/factory with type UserInfoService is not registered inside GetIt.
(Did you accidentally do GetIt sl=GetIt.instance(); instead of GetIt sl=GetIt.instance;
Did you forget to register it?)

The relevant error-causing widget was:
  _InheritedProviderScope<TeacherPreferencesBloc?>
  _InheritedProviderScope:file:///C:/Users/Jahir/AppData/Local/Pub/Cache/hosted/pub.dev/provider-6.1.5+1/lib/src/inherited_provider.dart:164:12

When the exception was thrown, this was the stack:
#0      throwIfNot (package:get_it/get_it_impl.dart:14:19)
#1      _GetItImplementation._findRegistrationByNameAndType (package:get_it/get_it_impl.dart:583:5)
#2      _GetItImplementation._get (package:get_it/get_it_impl.dart:641:11)
#3      _GetItImplementation.get (package:get_it/get_it_impl.dart:608:12)
#4      _GetItImplementation.call (package:get_it/get_it_impl.dart:720:12)
#5      new _QuestionBankState (package:papercraft/features/question_bank/presentation/pages/question_bank_page.dart:64:46)
#6      QuestionBankPage.createState (package:papercraft/features/question_bank/presentation/pages/question_bank_page.dart:33:44)
#7      new StatefulElement (package:flutter/src/widgets/framework.dart:5794:60)
#8      StatefulWidget.createElement (package:flutter/src/widgets/framework.dart:779:38)
...     Normal element mounting (7 frames)
#15     _InheritedProviderScopeElement.mount (package:provider/src/inherited_provider.dart:424:11)
...     Normal element mounting (7 frames)
#22     SingleChildWidgetElementMixin.mount (package:nested/nested.dart:222:11)
...     Normal element mounting (7 frames)
#29     SingleChildWidgetElementMixin.mount (package:nested/nested.dart:222:11)
...     Normal element mounting (7 frames)
#36     _NestedHookElement.mount (package:nested/nested.dart:187:11)
...     Normal element mounting (7 frames)
#43     _InheritedProviderScopeElement.mount (package:provider/src/inherited_provider.dart:424:11)
...     Normal element mounting (7 frames)
#50     SingleChildWidgetElementMixin.mount (package:nested/nested.dart:222:11)
...     Normal element mounting (7 frames)
#57     SingleChildWidgetElementMixin.mount (package:nested/nested.dart:222:11)
...     Normal element mounting (7 frames)
#64     _NestedHookElement.mount (package:nested/nested.dart:187:11)
...     Normal element mounting (7 frames)
#71     _InheritedProviderScopeElement.mount (package:provider/src/inherited_provider.dart:424:11)
...     Normal element mounting (7 frames)
#78     SingleChildWidgetElementMixin.mount (package:nested/nested.dart:222:11)
...     Normal element mounting (7 frames)
#85     SingleChildWidgetElementMixin.mount (package:nested/nested.dart:222:11)
...     Normal element mounting (7 frames)
#92     _NestedHookElement.mount (package:nested/nested.dart:187:11)
...     Normal element mounting (7 frames)
#99     _InheritedProviderScopeElement.mount (package:provider/src/inherited_provider.dart:424:11)
...     Normal element mounting (7 frames)
#106    SingleChildWidgetElementMixin.mount (package:nested/nested.dart:222:11)
...     Normal element mounting (7 frames)
#113    SingleChildWidgetElementMixin.mount (package:nested/nested.dart:222:11)
...     Normal element mounting (7 frames)
#120    _NestedHookElement.mount (package:nested/nested.dart:187:11)
...     Normal element mounting (7 frames)
#127    SingleChildWidgetElementMixin.mount (package:nested/nested.dart:222:11)
...     Normal element mounting (228 frames)
#355    Element.inflateWidget (package:flutter/src/widgets/framework.dart:4539:16)
#356    MultiChildRenderObjectElement.inflateWidget (package:flutter/src/widgets/framework.dart:7159:36)
#357    MultiChildRenderObjectElement.mount (package:flutter/src/widgets/framework.dart:7175:32)
...     Normal element mounting (457 frames)
#814    Element.inflateWidget (package:flutter/src/widgets/framework.dart:4539:16)
#815    Element.updateChild (package:flutter/src/widgets/framework.dart:3998:20)
#816    ComponentElement.performRebuild (package:flutter/src/widgets/framework.dart:5738:16)
#817    Element.rebuild (package:flutter/src/widgets/framework.dart:5427:7)
#818    ProxyElement.update (package:flutter/src/widgets/framework.dart:6041:5)
#819    _InheritedNotifierElement.update (package:flutter/src/widgets/inherited_notifier.dart:108:11)
#820    Element.updateChild (package:flutter/src/widgets/framework.dart:3982:15)
#821    ComponentElement.performRebuild (package:flutter/src/widgets/framework.dart:5738:16)
#822    StatefulElement.performRebuild (package:flutter/src/widgets/framework.dart:5874:11)
#823    Element.rebuild (package:flutter/src/widgets/framework.dart:5427:7)
#824    StatefulElement.update (package:flutter/src/widgets/framework.dart:5899:5)
#825    Element.updateChild (package:flutter/src/widgets/framework.dart:3982:15)
#826    ComponentElement.performRebuild (package:flutter/src/widgets/framework.dart:5738:16)
#827    Element.rebuild (package:flutter/src/widgets/framework.dart:5427:7)
#828    ProxyElement.update (package:flutter/src/widgets/framework.dart:6041:5)
#829    _InheritedNotifierElement.update (package:flutter/src/widgets/inherited_notifier.dart:108:11)
#830    Element.updateChild (package:flutter/src/widgets/framework.dart:3982:15)
#831    ComponentElement.performRebuild (package:flutter/src/widgets/framework.dart:5738:16)
#832    StatefulElement.performRebuild (package:flutter/src/widgets/framework.dart:5874:11)
#833    Element.rebuild (package:flutter/src/widgets/framework.dart:5427:7)
#834    StatefulElement.update (package:flutter/src/widgets/framework.dart:5899:5)
#835    Element.updateChild (package:flutter/src/widgets/framework.dart:3982:15)
#836    ComponentElement.performRebuild (package:flutter/src/widgets/framework.dart:5738:16)
#837    StatefulElement.performRebuild (package:flutter/src/widgets/framework.dart:5874:11)
#838    Element.rebuild (package:flutter/src/widgets/framework.dart:5427:7)
#839    StatefulElement.update (package:flutter/src/widgets/framework.dart:5899:5)
#840    Element.updateChild (package:flutter/src/widgets/framework.dart:3982:15)
#841    ComponentElement.performRebuild (package:flutter/src/widgets/framework.dart:5738:16)
#842    Element.rebuild (package:flutter/src/widgets/framework.dart:5427:7)
#843    ProxyElement.update (package:flutter/src/widgets/framework.dart:6041:5)
#844    Element.updateChild (package:flutter/src/widgets/framework.dart:3982:15)
#845    ComponentElement.performRebuild (package:flutter/src/widgets/framework.dart:5738:16)
#846    StatefulElement.performRebuild (package:flutter/src/widgets/framework.dart:5874:11)
#847    Element.rebuild (package:flutter/src/widgets/framework.dart:5427:7)
#848    StatefulElement.update (package:flutter/src/widgets/framework.dart:5899:5)
#849    Element.updateChild (package:flutter/src/widgets/framework.dart:3982:15)
#850    ComponentElement.performRebuild (package:flutter/src/widgets/framework.dart:5738:16)
#851    Element.rebuild (package:flutter/src/widgets/framework.dart:5427:7)
#852    ProxyElement.update (package:flutter/src/widgets/framework.dart:6041:5)
#853    Element.updateChild (package:flutter/src/widgets/framework.dart:3982:15)
#854    ComponentElement.performRebuild (package:flutter/src/widgets/framework.dart:5738:16)
#855    Element.rebuild (package:flutter/src/widgets/framework.dart:5427:7)
#856    ProxyElement.update (package:flutter/src/widgets/framework.dart:6041:5)
#857    Element.updateChild (package:flutter/src/widgets/framework.dart:3982:15)
#858    _RawViewElement._updateChild (package:flutter/src/widgets/view.dart:481:16)
#859    _RawViewElement.update (package:flutter/src/widgets/view.dart:569:5)
#860    Element.updateChild (package:flutter/src/widgets/framework.dart:3982:15)
#861    ComponentElement.performRebuild (package:flutter/src/widgets/framework.dart:5738:16)
#862    Element.rebuild (package:flutter/src/widgets/framework.dart:5427:7)
#863    StatelessElement.update (package:flutter/src/widgets/framework.dart:5787:5)
#864    Element.updateChild (package:flutter/src/widgets/framework.dart:3982:15)
#865    ComponentElement.performRebuild (package:flutter/src/widgets/framework.dart:5738:16)
#866    StatefulElement.performRebuild (package:flutter/src/widgets/framework.dart:5874:11)
#867    Element.rebuild (package:flutter/src/widgets/framework.dart:5427:7)
#868    StatefulElement.update (package:flutter/src/widgets/framework.dart:5899:5)
#869    Element.updateChild (package:flutter/src/widgets/framework.dart:3982:15)
#870    RootElement._rebuild (package:flutter/src/widgets/binding.dart:1698:16)
#871    RootElement.update (package:flutter/src/widgets/binding.dart:1676:5)
#872    RootElement.performRebuild (package:flutter/src/widgets/binding.dart:1690:7)
#873    Element.rebuild (package:flutter/src/widgets/framework.dart:5427:7)
#874    BuildScope._tryRebuild (package:flutter/src/widgets/framework.dart:2694:15)
#875    BuildScope._flushDirtyElements (package:flutter/src/widgets/framework.dart:2752:11)
#876    BuildOwner.buildScope (package:flutter/src/widgets/framework.dart:3056:18)
#877    AutomatedTestWidgetsFlutterBinding.drawFrame (package:flutter_test/src/binding.dart:1515:19)
#878    RendererBinding._handlePersistentFrameCallback (package:flutter/src/rendering/binding.dart:495:5)
#879    SchedulerBinding._invokeFrameCallback (package:flutter/src/scheduler/binding.dart:1438:15)
#880    SchedulerBinding.handleDrawFrame (package:flutter/src/scheduler/binding.dart:1351:9)
#881    AutomatedTestWidgetsFlutterBinding.pump.<anonymous closure> (package:flutter_test/src/binding.dart:1340:9)
#884    TestAsyncUtils.guard (package:flutter_test/src/test_async_utils.dart:74:41)
#885    AutomatedTestWidgetsFlutterBinding.pump (package:flutter_test/src/binding.dart:1329:27)
#886    WidgetTester.pumpWidget.<anonymous closure> (package:flutter_test/src/widget_tester.dart:599:22)
#889    TestAsyncUtils.guard (package:flutter_test/src/test_async_utils.dart:74:41)
#890    WidgetTester.pumpWidget (package:flutter_test/src/widget_tester.dart:596:27)
#891    main.<anonymous closure>.<anonymous closure> (file:///E:/New%20folder%20(2)/papercraft/test/widgets/features/question_bank/pages/question_bank_page_test.dart:164:20)
#892    testWidgets.<anonymous closure>.<anonymous closure> (package:flutter_test/src/widget_tester.dart:193:29)
<asynchronous suspension>
#893    TestWidgetsFlutterBinding._runTestBody (package:flutter_test/src/binding.dart:1064:5)
<asynchronous suspension>
<asynchronous suspension>
(elided 5 frames from dart:async and package:stack_trace)

â•â•â•â•â•â•â•â•â•â•â•â•â•â•â•â•â•â•â•â•â•â•â•â•â•â•â•â•â•â•â•â•â•â•â•â•â•â•â•â•â•â•â•â•â•â•â•â•â•â•â•â•â•â•â•â•â•â•â•â•â•â•â•â•â•â•â•â•â•â•â•â•â•â•â•â•â•â•â•â•â•â•â•â•â•â•â•â•â•â•â•â•â•â•â•â•â•â•â•â•
â•â•â•¡ EXCEPTION CAUGHT BY FLUTTER TEST FRAMEWORK â•â•â•â•â•â•â•â•â•â•â•â•â•â•â•â•â•â•â•â•â•â•â•â•â•â•â•â•â•â•â•â•â•â•â•â•â•â•â•â•â•â•â•â•â•â•â•â•â•â•â•â•â•
The following TestFailure was thrown running a test:
Expected: exactly one matching candidate
  Actual: _TextWidgetFinder:<Found 0 widgets with text "Failed to load papers": []>
   Which: means none were found but one was expected

When the exception was thrown, this was the stack:
#4      main.<anonymous closure>.<anonymous closure> (file:///E:/New%20folder%20(2)/papercraft/test/widgets/features/question_bank/pages/question_bank_page_test.dart:171:7)
<asynchronous suspension>
#5      testWidgets.<anonymous closure>.<anonymous closure> (package:flutter_test/src/widget_tester.dart:193:15)
<asynchronous suspension>
#6      TestWidgetsFlutterBinding._runTestBody (package:flutter_test/src/binding.dart:1064:5)
<asynchronous suspension>
<asynchronous suspension>
(elided one frame from package:stack_trace)

This was caught by the test expectation on the following line:
  file:///E:/New%20folder%20(2)/papercraft/test/widgets/features/question_bank/pages/question_bank_page_test.dart line 171
The test description was:
  shows error message when loading fails
â•â•â•â•â•â•â•â•â•â•â•â•â•â•â•â•â•â•â•â•â•â•â•â•â•â•â•â•â•â•â•â•â•â•â•â•â•â•â•â•â•â•â•â•â•â•â•â•â•â•â•â•â•â•â•â•â•â•â•â•â•â•â•â•â•â•â•â•â•â•â•â•â•â•â•â•â•â•â•â•â•â•â•â•â•â•â•â•â•â•â•â•â•â•â•â•â•â•â•â•
â•â•â•¡ EXCEPTION CAUGHT BY FLUTTER TEST FRAMEWORK â•â•â•â•â•â•â•â•â•â•â•â•â•â•â•â•â•â•â•â•â•â•â•â•â•â•â•â•â•â•â•â•â•â•â•â•â•â•â•â•â•â•â•â•â•â•â•â•â•â•â•â•â•
The following message was thrown:
Multiple exceptions (2) were detected during the running of the current test, and at least one was
unexpected.
â•â•â•â•â•â•â•â•â•â•â•â•â•â•â•â•â•â•â•â•â•â•â•â•â•â•â•â•â•â•â•â•â•â•â•â•â•â•â•â•â•â•â•â•â•â•â•â•â•â•â•â•â•â•â•â•â•â•â•â•â•â•â•â•â•â•â•â•â•â•â•â•â•â•â•â•â•â•â•â•â•â•â•â•â•â•â•â•â•â•â•â•â•â•â•â•â•â•â•â•
02:50 +410 -19: E:/New folder (2)/papercraft/test/widgets/features/question_bank/pages/question_bank_page_test.dart: QuestionBankPage Widget Tests shows error message when loading fails [E]
  Test failed. See exception logs above.
  The test description was: shows error message when loading fails


To run this test again: C:\Users\Jahir\flutter\bin\cache\dart-sdk\bin\dart.exe test E:/New folder (2)/papercraft/test/widgets/features/question_bank/pages/question_bank_page_test.dart -p vm --plain-name "QuestionBankPage Widget Tests shows error message when loading fails"
02:50 +410 -19: E:/New folder (2)/papercraft/test/widgets/features/question_bank/pages/question_bank_page_test.dart: QuestionBankPage Widget Tests has filter button
â•â•â•¡ EXCEPTION CAUGHT BY WIDGETS LIBRARY â•â•â•â•â•â•â•â•â•â•â•â•â•â•â•â•â•â•â•â•â•â•â•â•â•â•â•â•â•â•â•â•â•â•â•â•â•â•â•â•â•â•â•â•â•â•â•â•â•â•â•â•â•â•â•â•â•â•â•â•
The following StateError was thrown building _InheritedProviderScope<TeacherPreferencesBloc?>:
Bad state: GetIt: Object/factory with type UserInfoService is not registered inside GetIt.
(Did you accidentally do GetIt sl=GetIt.instance(); instead of GetIt sl=GetIt.instance;
Did you forget to register it?)

The relevant error-causing widget was:
  _InheritedProviderScope<TeacherPreferencesBloc?>
  _InheritedProviderScope:file:///C:/Users/Jahir/AppData/Local/Pub/Cache/hosted/pub.dev/provider-6.1.5+1/lib/src/inherited_provider.dart:164:12

When the exception was thrown, this was the stack:
#0      throwIfNot (package:get_it/get_it_impl.dart:14:19)
#1      _GetItImplementation._findRegistrationByNameAndType (package:get_it/get_it_impl.dart:583:5)
#2      _GetItImplementation._get (package:get_it/get_it_impl.dart:641:11)
#3      _GetItImplementation.get (package:get_it/get_it_impl.dart:608:12)
#4      _GetItImplementation.call (package:get_it/get_it_impl.dart:720:12)
#5      new _QuestionBankState (package:papercraft/features/question_bank/presentation/pages/question_bank_page.dart:64:46)
#6      QuestionBankPage.createState (package:papercraft/features/question_bank/presentation/pages/question_bank_page.dart:33:44)
#7      new StatefulElement (package:flutter/src/widgets/framework.dart:5794:60)
#8      StatefulWidget.createElement (package:flutter/src/widgets/framework.dart:779:38)
...     Normal element mounting (7 frames)
#15     _InheritedProviderScopeElement.mount (package:provider/src/inherited_provider.dart:424:11)
...     Normal element mounting (7 frames)
#22     SingleChildWidgetElementMixin.mount (package:nested/nested.dart:222:11)
...     Normal element mounting (7 frames)
#29     SingleChildWidgetElementMixin.mount (package:nested/nested.dart:222:11)
...     Normal element mounting (7 frames)
#36     _NestedHookElement.mount (package:nested/nested.dart:187:11)
...     Normal element mounting (7 frames)
#43     _InheritedProviderScopeElement.mount (package:provider/src/inherited_provider.dart:424:11)
...     Normal element mounting (7 frames)
#50     SingleChildWidgetElementMixin.mount (package:nested/nested.dart:222:11)
...     Normal element mounting (7 frames)
#57     SingleChildWidgetElementMixin.mount (package:nested/nested.dart:222:11)
...     Normal element mounting (7 frames)
#64     _NestedHookElement.mount (package:nested/nested.dart:187:11)
...     Normal element mounting (7 frames)
#71     _InheritedProviderScopeElement.mount (package:provider/src/inherited_provider.dart:424:11)
...     Normal element mounting (7 frames)
#78     SingleChildWidgetElementMixin.mount (package:nested/nested.dart:222:11)
...     Normal element mounting (7 frames)
#85     SingleChildWidgetElementMixin.mount (package:nested/nested.dart:222:11)
...     Normal element mounting (7 frames)
#92     _NestedHookElement.mount (package:nested/nested.dart:187:11)
...     Normal element mounting (7 frames)
#99     _InheritedProviderScopeElement.mount (package:provider/src/inherited_provider.dart:424:11)
...     Normal element mounting (7 frames)
#106    SingleChildWidgetElementMixin.mount (package:nested/nested.dart:222:11)
...     Normal element mounting (7 frames)
#113    SingleChildWidgetElementMixin.mount (package:nested/nested.dart:222:11)
...     Normal element mounting (7 frames)
#120    _NestedHookElement.mount (package:nested/nested.dart:187:11)
...     Normal element mounting (7 frames)
#127    SingleChildWidgetElementMixin.mount (package:nested/nested.dart:222:11)
...     Normal element mounting (228 frames)
#355    Element.inflateWidget (package:flutter/src/widgets/framework.dart:4539:16)
#356    MultiChildRenderObjectElement.inflateWidget (package:flutter/src/widgets/framework.dart:7159:36)
#357    MultiChildRenderObjectElement.mount (package:flutter/src/widgets/framework.dart:7175:32)
...     Normal element mounting (457 frames)
#814    Element.inflateWidget (package:flutter/src/widgets/framework.dart:4539:16)
#815    Element.updateChild (package:flutter/src/widgets/framework.dart:3998:20)
#816    ComponentElement.performRebuild (package:flutter/src/widgets/framework.dart:5738:16)
#817    Element.rebuild (package:flutter/src/widgets/framework.dart:5427:7)
#818    ProxyElement.update (package:flutter/src/widgets/framework.dart:6041:5)
#819    _InheritedNotifierElement.update (package:flutter/src/widgets/inherited_notifier.dart:108:11)
#820    Element.updateChild (package:flutter/src/widgets/framework.dart:3982:15)
#821    ComponentElement.performRebuild (package:flutter/src/widgets/framework.dart:5738:16)
#822    StatefulElement.performRebuild (package:flutter/src/widgets/framework.dart:5874:11)
#823    Element.rebuild (package:flutter/src/widgets/framework.dart:5427:7)
#824    StatefulElement.update (package:flutter/src/widgets/framework.dart:5899:5)
#825    Element.updateChild (package:flutter/src/widgets/framework.dart:3982:15)
#826    ComponentElement.performRebuild (package:flutter/src/widgets/framework.dart:5738:16)
#827    Element.rebuild (package:flutter/src/widgets/framework.dart:5427:7)
#828    ProxyElement.update (package:flutter/src/widgets/framework.dart:6041:5)
#829    _InheritedNotifierElement.update (package:flutter/src/widgets/inherited_notifier.dart:108:11)
#830    Element.updateChild (package:flutter/src/widgets/framework.dart:3982:15)
#831    ComponentElement.performRebuild (package:flutter/src/widgets/framework.dart:5738:16)
#832    StatefulElement.performRebuild (package:flutter/src/widgets/framework.dart:5874:11)
#833    Element.rebuild (package:flutter/src/widgets/framework.dart:5427:7)
#834    StatefulElement.update (package:flutter/src/widgets/framework.dart:5899:5)
#835    Element.updateChild (package:flutter/src/widgets/framework.dart:3982:15)
#836    ComponentElement.performRebuild (package:flutter/src/widgets/framework.dart:5738:16)
#837    StatefulElement.performRebuild (package:flutter/src/widgets/framework.dart:5874:11)
#838    Element.rebuild (package:flutter/src/widgets/framework.dart:5427:7)
#839    StatefulElement.update (package:flutter/src/widgets/framework.dart:5899:5)
#840    Element.updateChild (package:flutter/src/widgets/framework.dart:3982:15)
#841    ComponentElement.performRebuild (package:flutter/src/widgets/framework.dart:5738:16)
#842    Element.rebuild (package:flutter/src/widgets/framework.dart:5427:7)
#843    ProxyElement.update (package:flutter/src/widgets/framework.dart:6041:5)
#844    Element.updateChild (package:flutter/src/widgets/framework.dart:3982:15)
#845    ComponentElement.performRebuild (package:flutter/src/widgets/framework.dart:5738:16)
#846    StatefulElement.performRebuild (package:flutter/src/widgets/framework.dart:5874:11)
#847    Element.rebuild (package:flutter/src/widgets/framework.dart:5427:7)
#848    StatefulElement.update (package:flutter/src/widgets/framework.dart:5899:5)
#849    Element.updateChild (package:flutter/src/widgets/framework.dart:3982:15)
#850    ComponentElement.performRebuild (package:flutter/src/widgets/framework.dart:5738:16)
#851    Element.rebuild (package:flutter/src/widgets/framework.dart:5427:7)
#852    ProxyElement.update (package:flutter/src/widgets/framework.dart:6041:5)
#853    Element.updateChild (package:flutter/src/widgets/framework.dart:3982:15)
#854    ComponentElement.performRebuild (package:flutter/src/widgets/framework.dart:5738:16)
#855    Element.rebuild (package:flutter/src/widgets/framework.dart:5427:7)
#856    ProxyElement.update (package:flutter/src/widgets/framework.dart:6041:5)
#857    Element.updateChild (package:flutter/src/widgets/framework.dart:3982:15)
#858    _RawViewElement._updateChild (package:flutter/src/widgets/view.dart:481:16)
#859    _RawViewElement.update (package:flutter/src/widgets/view.dart:569:5)
#860    Element.updateChild (package:flutter/src/widgets/framework.dart:3982:15)
#861    ComponentElement.performRebuild (package:flutter/src/widgets/framework.dart:5738:16)
#862    Element.rebuild (package:flutter/src/widgets/framework.dart:5427:7)
#863    StatelessElement.update (package:flutter/src/widgets/framework.dart:5787:5)
#864    Element.updateChild (package:flutter/src/widgets/framework.dart:3982:15)
#865    ComponentElement.performRebuild (package:flutter/src/widgets/framework.dart:5738:16)
#866    StatefulElement.performRebuild (package:flutter/src/widgets/framework.dart:5874:11)
#867    Element.rebuild (package:flutter/src/widgets/framework.dart:5427:7)
#868    StatefulElement.update (package:flutter/src/widgets/framework.dart:5899:5)
#869    Element.updateChild (package:flutter/src/widgets/framework.dart:3982:15)
#870    RootElement._rebuild (package:flutter/src/widgets/binding.dart:1698:16)
#871    RootElement.update (package:flutter/src/widgets/binding.dart:1676:5)
#872    RootElement.performRebuild (package:flutter/src/widgets/binding.dart:1690:7)
#873    Element.rebuild (package:flutter/src/widgets/framework.dart:5427:7)
#874    BuildScope._tryRebuild (package:flutter/src/widgets/framework.dart:2694:15)
#875    BuildScope._flushDirtyElements (package:flutter/src/widgets/framework.dart:2752:11)
#876    BuildOwner.buildScope (package:flutter/src/widgets/framework.dart:3056:18)
#877    AutomatedTestWidgetsFlutterBinding.drawFrame (package:flutter_test/src/binding.dart:1515:19)
#878    RendererBinding._handlePersistentFrameCallback (package:flutter/src/rendering/binding.dart:495:5)
#879    SchedulerBinding._invokeFrameCallback (package:flutter/src/scheduler/binding.dart:1438:15)
#880    SchedulerBinding.handleDrawFrame (package:flutter/src/scheduler/binding.dart:1351:9)
#881    AutomatedTestWidgetsFlutterBinding.pump.<anonymous closure> (package:flutter_test/src/binding.dart:1340:9)
#884    TestAsyncUtils.guard (package:flutter_test/src/test_async_utils.dart:74:41)
#885    AutomatedTestWidgetsFlutterBinding.pump (package:flutter_test/src/binding.dart:1329:27)
#886    WidgetTester.pumpWidget.<anonymous closure> (package:flutter_test/src/widget_tester.dart:599:22)
#889    TestAsyncUtils.guard (package:flutter_test/src/test_async_utils.dart:74:41)
#890    WidgetTester.pumpWidget (package:flutter_test/src/widget_tester.dart:596:27)
#891    main.<anonymous closure>.<anonymous closure> (file:///E:/New%20folder%20(2)/papercraft/test/widgets/features/question_bank/pages/question_bank_page_test.dart:175:20)
#892    testWidgets.<anonymous closure>.<anonymous closure> (package:flutter_test/src/widget_tester.dart:193:29)
<asynchronous suspension>
#893    TestWidgetsFlutterBinding._runTestBody (package:flutter_test/src/binding.dart:1064:5)
<asynchronous suspension>
<asynchronous suspension>
(elided 5 frames from dart:async and package:stack_trace)

â•â•â•â•â•â•â•â•â•â•â•â•â•â•â•â•â•â•â•â•â•â•â•â•â•â•â•â•â•â•â•â•â•â•â•â•â•â•â•â•â•â•â•â•â•â•â•â•â•â•â•â•â•â•â•â•â•â•â•â•â•â•â•â•â•â•â•â•â•â•â•â•â•â•â•â•â•â•â•â•â•â•â•â•â•â•â•â•â•â•â•â•â•â•â•â•â•â•â•â•
â•â•â•¡ EXCEPTION CAUGHT BY FLUTTER TEST FRAMEWORK â•â•â•â•â•â•â•â•â•â•â•â•â•â•â•â•â•â•â•â•â•â•â•â•â•â•â•â•â•â•â•â•â•â•â•â•â•â•â•â•â•â•â•â•â•â•â•â•â•â•â•â•â•
The following TestFailure was thrown running a test:
Expected: exactly one matching candidate
  Actual: _IconWidgetFinder:<Found 0 widgets with icon "IconData(U+0E280)": []>
   Which: means none were found but one was expected

When the exception was thrown, this was the stack:
#4      main.<anonymous closure>.<anonymous closure> (file:///E:/New%20folder%20(2)/papercraft/test/widgets/features/question_bank/pages/question_bank_page_test.dart:181:7)
<asynchronous suspension>
#5      testWidgets.<anonymous closure>.<anonymous closure> (package:flutter_test/src/widget_tester.dart:193:15)
<asynchronous suspension>
#6      TestWidgetsFlutterBinding._runTestBody (package:flutter_test/src/binding.dart:1064:5)
<asynchronous suspension>
<asynchronous suspension>
(elided one frame from package:stack_trace)

This was caught by the test expectation on the following line:
  file:///E:/New%20folder%20(2)/papercraft/test/widgets/features/question_bank/pages/question_bank_page_test.dart line 181
The test description was:
  has filter button
â•â•â•â•â•â•â•â•â•â•â•â•â•â•â•â•â•â•â•â•â•â•â•â•â•â•â•â•â•â•â•â•â•â•â•â•â•â•â•â•â•â•â•â•â•â•â•â•â•â•â•â•â•â•â•â•â•â•â•â•â•â•â•â•â•â•â•â•â•â•â•â•â•â•â•â•â•â•â•â•â•â•â•â•â•â•â•â•â•â•â•â•â•â•â•â•â•â•â•â•
â•â•â•¡ EXCEPTION CAUGHT BY FLUTTER TEST FRAMEWORK â•â•â•â•â•â•â•â•â•â•â•â•â•â•â•â•â•â•â•â•â•â•â•â•â•â•â•â•â•â•â•â•â•â•â•â•â•â•â•â•â•â•â•â•â•â•â•â•â•â•â•â•â•
The following message was thrown:
Multiple exceptions (2) were detected during the running of the current test, and at least one was
unexpected.
â•â•â•â•â•â•â•â•â•â•â•â•â•â•â•â•â•â•â•â•â•â•â•â•â•â•â•â•â•â•â•â•â•â•â•â•â•â•â•â•â•â•â•â•â•â•â•â•â•â•â•â•â•â•â•â•â•â•â•â•â•â•â•â•â•â•â•â•â•â•â•â•â•â•â•â•â•â•â•â•â•â•â•â•â•â•â•â•â•â•â•â•â•â•â•â•â•â•â•â•
02:50 +410 -20: E:/New folder (2)/papercraft/test/widgets/features/question_bank/pages/question_bank_page_test.dart: QuestionBankPage Widget Tests has filter button [E]
  Test failed. See exception logs above.
  The test description was: has filter button


To run this test again: C:\Users\Jahir\flutter\bin\cache\dart-sdk\bin\dart.exe test E:/New folder (2)/papercraft/test/widgets/features/question_bank/pages/question_bank_page_test.dart -p vm --plain-name "QuestionBankPage Widget Tests has filter button"
02:50 +410 -20: Some tests failed.
PS E:\New folder (2)\papercraft>

